{"/home/runner/work/bwmon/bwmon/react/src/App.jsx": {"path":"/home/runner/work/bwmon/bwmon/react/src/App.jsx","statementMap":{"0":{"start":{"line":33,"column":16},"end":{"line":33,"column":null}},"1":{"start":{"line":34,"column":19},"end":{"line":34,"column":null}},"2":{"start":{"line":35,"column":16},"end":{"line":35,"column":null}},"3":{"start":{"line":37,"column":6},"end":{"line":51,"column":null}},"4":{"start":{"line":38,"column":4},"end":{"line":49,"column":null}},"5":{"start":{"line":53,"column":0},"end":{"line":53,"column":null}}},"fnMap":{"0":{"name":"(anonymous_0)","decl":{"start":{"line":37,"column":6},"end":{"line":37,"column":13}},"loc":{"start":{"line":37,"column":81},"end":{"line":51,"column":null}},"line":37}},"branchMap":{"0":{"loc":{"start":{"line":33,"column":16},"end":{"line":33,"column":null}},"type":"binary-expr","locations":[{"start":{"line":33,"column":16},"end":{"line":33,"column":52}},{"start":{"line":33,"column":52},"end":{"line":33,"column":null}}],"line":33},"1":{"loc":{"start":{"line":37,"column":15},"end":{"line":37,"column":31}},"type":"default-arg","locations":[{"start":{"line":37,"column":22},"end":{"line":37,"column":31}}],"line":37},"2":{"loc":{"start":{"line":37,"column":31},"end":{"line":37,"column":53}},"type":"default-arg","locations":[{"start":{"line":37,"column":41},"end":{"line":37,"column":53}}],"line":37},"3":{"loc":{"start":{"line":37,"column":53},"end":{"line":37,"column":81}},"type":"default-arg","locations":[{"start":{"line":37,"column":67},"end":{"line":37,"column":81}}],"line":37}},"s":{"0":1,"1":1,"2":1,"3":1,"4":2,"5":1},"f":{"0":2},"b":{"0":[1,1],"1":[2],"2":[2],"3":[2]},"meta":{"lastBranch":4,"lastFunction":1,"lastStatement":6,"seen":{"s:33:16:33:Infinity":0,"b:33:16:33:52:33:52:33:Infinity":0,"s:34:19:34:Infinity":1,"s:35:16:35:Infinity":2,"s:37:6:51:Infinity":3,"f:37:6:37:13":0,"b:37:22:37:31":1,"b:37:41:37:53":2,"b:37:67:37:81":3,"s:38:4:49:Infinity":4,"s:53:0:53:Infinity":5},"fnNames":{}}}
,"/home/runner/work/bwmon/bwmon/react/src/theme.js": {"path":"/home/runner/work/bwmon/bwmon/react/src/theme.js","statementMap":{"0":{"start":{"line":21,"column":6},"end":{"line":39,"column":null}}},"fnMap":{},"branchMap":{},"s":{"0":1},"f":{},"b":{},"meta":{"lastBranch":0,"lastFunction":0,"lastStatement":1,"seen":{"s:21:6:39:Infinity":0},"fnNames":{}}}
,"/home/runner/work/bwmon/bwmon/react/src/components/graph/Graph.jsx": {"path":"/home/runner/work/bwmon/bwmon/react/src/components/graph/Graph.jsx","statementMap":{"0":{"start":{"line":23,"column":14},"end":{"line":23,"column":null}},"1":{"start":{"line":23,"column":31},"end":{"line":23,"column":null}},"2":{"start":{"line":25,"column":6},"end":{"line":31,"column":null}},"3":{"start":{"line":26,"column":4},"end":{"line":29,"column":null}},"4":{"start":{"line":33,"column":0},"end":{"line":33,"column":null}}},"fnMap":{"0":{"name":"(anonymous_0)","decl":{"start":{"line":23,"column":20},"end":{"line":23,"column":31}},"loc":{"start":{"line":23,"column":31},"end":{"line":23,"column":null}},"line":23},"1":{"name":"(anonymous_1)","decl":{"start":{"line":25,"column":6},"end":{"line":25,"column":15}},"loc":{"start":{"line":25,"column":39},"end":{"line":31,"column":null}},"line":25}},"branchMap":{},"s":{"0":11,"1":1,"2":11,"3":1,"4":11},"f":{"0":1,"1":1},"b":{},"meta":{"lastBranch":0,"lastFunction":2,"lastStatement":5,"seen":{"s:23:14:23:Infinity":0,"f:23:20:23:31":0,"s:23:31:23:Infinity":1,"s:25:6:31:Infinity":2,"f:25:6:25:15":1,"s:26:4:29:Infinity":3,"s:33:0:33:Infinity":4},"fnNames":{}}}
,"/home/runner/work/bwmon/bwmon/react/src/components/inputs/DropDown.jsx": {"path":"/home/runner/work/bwmon/bwmon/react/src/components/inputs/DropDown.jsx","statementMap":{"0":{"start":{"line":23,"column":6},"end":{"line":33,"column":null}},"1":{"start":{"line":24,"column":4},"end":{"line":32,"column":null}},"2":{"start":{"line":27,"column":16},"end":{"line":29,"column":null}},"3":{"start":{"line":35,"column":0},"end":{"line":35,"column":null}}},"fnMap":{"0":{"name":"(anonymous_0)","decl":{"start":{"line":23,"column":6},"end":{"line":23,"column":18}},"loc":{"start":{"line":23,"column":42},"end":{"line":33,"column":null}},"line":23},"1":{"name":"(anonymous_1)","decl":{"start":{"line":26,"column":19},"end":{"line":26,"column":24}},"loc":{"start":{"line":27,"column":16},"end":{"line":29,"column":null}},"line":27}},"branchMap":{"0":{"loc":{"start":{"line":24,"column":11},"end":{"line":32,"column":null}},"type":"cond-expr","locations":[{"start":{"line":25,"column":8},"end":{"line":32,"column":null}},{"start":{"line":32,"column":8},"end":{"line":32,"column":null}}],"line":24},"1":{"loc":{"start":{"line":24,"column":11},"end":{"line":24,"column":null}},"type":"binary-expr","locations":[{"start":{"line":24,"column":11},"end":{"line":24,"column":20}},{"start":{"line":24,"column":20},"end":{"line":24,"column":null}}],"line":24}},"s":{"0":14,"1":94,"2":269,"3":14},"f":{"0":94,"1":269},"b":{"0":[79,15],"1":[94,80]},"meta":{"lastBranch":2,"lastFunction":2,"lastStatement":4,"seen":{"s:23:6:33:Infinity":0,"f:23:6:23:18":0,"s:24:4:32:Infinity":1,"b:25:8:32:Infinity:32:8:32:Infinity":0,"b:24:11:24:20:24:20:24:Infinity":1,"f:26:19:26:24":1,"s:27:16:29:Infinity":2,"s:35:0:35:Infinity":3},"fnNames":{}}}
,"/home/runner/work/bwmon/bwmon/react/src/components/inputs/Search.jsx": {"path":"/home/runner/work/bwmon/bwmon/react/src/components/inputs/Search.jsx","statementMap":{"0":{"start":{"line":23,"column":6},"end":{"line":39,"column":null}},"1":{"start":{"line":24,"column":4},"end":{"line":37,"column":null}}},"fnMap":{"0":{"name":"(anonymous_0)","decl":{"start":{"line":23,"column":6},"end":{"line":23,"column":16}},"loc":{"start":{"line":23,"column":33},"end":{"line":39,"column":null}},"line":23}},"branchMap":{},"s":{"0":14,"1":10},"f":{"0":10},"b":{},"meta":{"lastBranch":0,"lastFunction":1,"lastStatement":2,"seen":{"s:23:6:39:Infinity":0,"f:23:6:23:16":0,"s:24:4:37:Infinity":1},"fnNames":{}}}
,"/home/runner/work/bwmon/bwmon/react/src/components/loading/Loading.jsx": {"path":"/home/runner/work/bwmon/bwmon/react/src/components/loading/Loading.jsx","statementMap":{"0":{"start":{"line":24,"column":16},"end":{"line":24,"column":null}},"1":{"start":{"line":26,"column":6},"end":{"line":33,"column":null}},"2":{"start":{"line":27,"column":4},"end":{"line":32,"column":null}},"3":{"start":{"line":35,"column":0},"end":{"line":35,"column":null}}},"fnMap":{"0":{"name":"(anonymous_0)","decl":{"start":{"line":26,"column":6},"end":{"line":26,"column":17}},"loc":{"start":{"line":26,"column":35},"end":{"line":33,"column":null}},"line":26}},"branchMap":{"0":{"loc":{"start":{"line":27,"column":11},"end":{"line":32,"column":null}},"type":"cond-expr","locations":[{"start":{"line":28,"column":8},"end":{"line":32,"column":null}},{"start":{"line":32,"column":8},"end":{"line":32,"column":null}}],"line":27}},"s":{"0":14,"1":14,"2":74,"3":14},"f":{"0":74},"b":{"0":[13,61]},"meta":{"lastBranch":1,"lastFunction":1,"lastStatement":4,"seen":{"s:24:16:24:Infinity":0,"s:26:6:33:Infinity":1,"f:26:6:26:17":0,"s:27:4:32:Infinity":2,"b:28:8:32:Infinity:32:8:32:Infinity":0,"s:35:0:35:Infinity":3},"fnNames":{}}}
,"/home/runner/work/bwmon/bwmon/react/src/components/main/ErrorDisplay.jsx": {"path":"/home/runner/work/bwmon/bwmon/react/src/components/main/ErrorDisplay.jsx","statementMap":{"0":{"start":{"line":23,"column":6},"end":{"line":30,"column":null}},"1":{"start":{"line":24,"column":4},"end":{"line":28,"column":null}},"2":{"start":{"line":32,"column":0},"end":{"line":32,"column":null}}},"fnMap":{"0":{"name":"(anonymous_0)","decl":{"start":{"line":23,"column":6},"end":{"line":23,"column":22}},"loc":{"start":{"line":23,"column":42},"end":{"line":30,"column":null}},"line":23}},"branchMap":{},"s":{"0":14,"1":1,"2":14},"f":{"0":1},"b":{},"meta":{"lastBranch":0,"lastFunction":1,"lastStatement":3,"seen":{"s:23:6:30:Infinity":0,"f:23:6:23:22":0,"s:24:4:28:Infinity":1,"s:32:0:32:Infinity":2},"fnNames":{}}}
,"/home/runner/work/bwmon/bwmon/react/src/components/main/Footer.jsx": {"path":"/home/runner/work/bwmon/bwmon/react/src/components/main/Footer.jsx","statementMap":{"0":{"start":{"line":23,"column":16},"end":{"line":23,"column":null}},"1":{"start":{"line":25,"column":6},"end":{"line":36,"column":null}},"2":{"start":{"line":26,"column":4},"end":{"line":34,"column":null}},"3":{"start":{"line":38,"column":0},"end":{"line":38,"column":null}}},"fnMap":{"0":{"name":"(anonymous_0)","decl":{"start":{"line":25,"column":6},"end":{"line":25,"column":16}},"loc":{"start":{"line":25,"column":36},"end":{"line":36,"column":null}},"line":25}},"branchMap":{},"s":{"0":14,"1":14,"2":3,"3":14},"f":{"0":3},"b":{},"meta":{"lastBranch":0,"lastFunction":1,"lastStatement":4,"seen":{"s:23:16:23:Infinity":0,"s:25:6:36:Infinity":1,"f:25:6:25:16":0,"s:26:4:34:Infinity":2,"s:38:0:38:Infinity":3},"fnNames":{}}}
,"/home/runner/work/bwmon/bwmon/react/src/components/main/Header.jsx": {"path":"/home/runner/work/bwmon/bwmon/react/src/components/main/Header.jsx","statementMap":{"0":{"start":{"line":23,"column":16},"end":{"line":23,"column":null}},"1":{"start":{"line":25,"column":6},"end":{"line":38,"column":null}},"2":{"start":{"line":26,"column":4},"end":{"line":36,"column":null}},"3":{"start":{"line":40,"column":0},"end":{"line":40,"column":null}}},"fnMap":{"0":{"name":"(anonymous_0)","decl":{"start":{"line":25,"column":6},"end":{"line":25,"column":16}},"loc":{"start":{"line":25,"column":38},"end":{"line":38,"column":null}},"line":25}},"branchMap":{},"s":{"0":14,"1":14,"2":3,"3":14},"f":{"0":3},"b":{},"meta":{"lastBranch":0,"lastFunction":1,"lastStatement":4,"seen":{"s:23:16:23:Infinity":0,"s:25:6:38:Infinity":1,"f:25:6:25:16":0,"s:26:4:36:Infinity":2,"s:40:0:40:Infinity":3},"fnNames":{}}}
,"/home/runner/work/bwmon/bwmon/react/src/components/messages/ErrorMessage.jsx": {"path":"/home/runner/work/bwmon/bwmon/react/src/components/messages/ErrorMessage.jsx","statementMap":{"0":{"start":{"line":23,"column":6},"end":{"line":25,"column":null}},"1":{"start":{"line":24,"column":4},"end":{"line":24,"column":null}},"2":{"start":{"line":27,"column":0},"end":{"line":27,"column":null}}},"fnMap":{"0":{"name":"(anonymous_0)","decl":{"start":{"line":23,"column":6},"end":{"line":23,"column":22}},"loc":{"start":{"line":23,"column":38},"end":{"line":25,"column":null}},"line":23}},"branchMap":{},"s":{"0":18,"1":7,"2":18},"f":{"0":7},"b":{},"meta":{"lastBranch":0,"lastFunction":1,"lastStatement":3,"seen":{"s:23:6:25:Infinity":0,"f:23:6:23:22":0,"s:24:4:24:Infinity":1,"s:27:0:27:Infinity":2},"fnNames":{}}}
,"/home/runner/work/bwmon/bwmon/react/src/components/messages/InfoMessage.jsx": {"path":"/home/runner/work/bwmon/bwmon/react/src/components/messages/InfoMessage.jsx","statementMap":{"0":{"start":{"line":23,"column":6},"end":{"line":25,"column":null}},"1":{"start":{"line":24,"column":4},"end":{"line":24,"column":null}},"2":{"start":{"line":27,"column":0},"end":{"line":27,"column":null}}},"fnMap":{"0":{"name":"(anonymous_0)","decl":{"start":{"line":23,"column":6},"end":{"line":23,"column":21}},"loc":{"start":{"line":23,"column":37},"end":{"line":25,"column":null}},"line":23}},"branchMap":{},"s":{"0":18,"1":15,"2":18},"f":{"0":15},"b":{},"meta":{"lastBranch":0,"lastFunction":1,"lastStatement":3,"seen":{"s:23:6:25:Infinity":0,"f:23:6:23:21":0,"s:24:4:24:Infinity":1,"s:27:0:27:Infinity":2},"fnNames":{}}}
,"/home/runner/work/bwmon/bwmon/react/src/components/messages/Message.jsx": {"path":"/home/runner/work/bwmon/bwmon/react/src/components/messages/Message.jsx","statementMap":{"0":{"start":{"line":23,"column":16},"end":{"line":23,"column":null}},"1":{"start":{"line":25,"column":6},"end":{"line":33,"column":null}},"2":{"start":{"line":26,"column":4},"end":{"line":32,"column":null}},"3":{"start":{"line":35,"column":0},"end":{"line":35,"column":null}}},"fnMap":{"0":{"name":"(anonymous_0)","decl":{"start":{"line":25,"column":6},"end":{"line":25,"column":17}},"loc":{"start":{"line":25,"column":43},"end":{"line":33,"column":null}},"line":25}},"branchMap":{"0":{"loc":{"start":{"line":26,"column":11},"end":{"line":32,"column":null}},"type":"cond-expr","locations":[{"start":{"line":27,"column":8},"end":{"line":32,"column":null}},{"start":{"line":32,"column":8},"end":{"line":32,"column":null}}],"line":26}},"s":{"0":20,"1":20,"2":24,"3":20},"f":{"0":24},"b":{"0":[21,3]},"meta":{"lastBranch":1,"lastFunction":1,"lastStatement":4,"seen":{"s:23:16:23:Infinity":0,"s:25:6:33:Infinity":1,"f:25:6:25:17":0,"s:26:4:32:Infinity":2,"b:27:8:32:Infinity:32:8:32:Infinity":0,"s:35:0:35:Infinity":3},"fnNames":{}}}
,"/home/runner/work/bwmon/bwmon/react/src/components/navigation/BWMonRoutes.jsx": {"path":"/home/runner/work/bwmon/bwmon/react/src/components/navigation/BWMonRoutes.jsx","statementMap":{"0":{"start":{"line":24,"column":6},"end":{"line":34,"column":null}},"1":{"start":{"line":25,"column":4},"end":{"line":32,"column":null}},"2":{"start":{"line":29,"column":16},"end":{"line":29,"column":null}},"3":{"start":{"line":36,"column":0},"end":{"line":43,"column":null}}},"fnMap":{"0":{"name":"(anonymous_0)","decl":{"start":{"line":24,"column":6},"end":{"line":24,"column":21}},"loc":{"start":{"line":24,"column":34},"end":{"line":34,"column":null}},"line":24},"1":{"name":"(anonymous_1)","decl":{"start":{"line":28,"column":18},"end":{"line":28,"column":23}},"loc":{"start":{"line":29,"column":16},"end":{"line":29,"column":null}},"line":29}},"branchMap":{},"s":{"0":14,"1":5,"2":18,"3":14},"f":{"0":5,"1":18},"b":{},"meta":{"lastBranch":0,"lastFunction":2,"lastStatement":4,"seen":{"s:24:6:34:Infinity":0,"f:24:6:24:21":0,"s:25:4:32:Infinity":1,"f:28:18:28:23":1,"s:29:16:29:Infinity":2,"s:36:0:43:Infinity":3},"fnNames":{}}}
,"/home/runner/work/bwmon/bwmon/react/src/components/navigation/Navigation.jsx": {"path":"/home/runner/work/bwmon/bwmon/react/src/components/navigation/Navigation.jsx","statementMap":{"0":{"start":{"line":25,"column":16},"end":{"line":25,"column":null}},"1":{"start":{"line":27,"column":6},"end":{"line":48,"column":null}},"2":{"start":{"line":28,"column":19},"end":{"line":28,"column":null}},"3":{"start":{"line":30,"column":10},"end":{"line":30,"column":null}},"4":{"start":{"line":30,"column":51},"end":{"line":30,"column":null}},"5":{"start":{"line":32,"column":4},"end":{"line":46,"column":null}},"6":{"start":{"line":35,"column":16},"end":{"line":44,"column":null}},"7":{"start":{"line":50,"column":0},"end":{"line":59,"column":null}}},"fnMap":{"0":{"name":"(anonymous_0)","decl":{"start":{"line":27,"column":6},"end":{"line":27,"column":20}},"loc":{"start":{"line":27,"column":33},"end":{"line":48,"column":null}},"line":27},"1":{"name":"(anonymous_1)","decl":{"start":{"line":30,"column":10},"end":{"line":30,"column":26}},"loc":{"start":{"line":30,"column":51},"end":{"line":30,"column":null}},"line":30},"2":{"name":"(anonymous_2)","decl":{"start":{"line":34,"column":18},"end":{"line":34,"column":23}},"loc":{"start":{"line":35,"column":16},"end":{"line":44,"column":null}},"line":35}},"branchMap":{},"s":{"0":14,"1":14,"2":9,"3":9,"4":2,"5":9,"6":26,"7":14},"f":{"0":9,"1":2,"2":26},"b":{},"meta":{"lastBranch":0,"lastFunction":3,"lastStatement":8,"seen":{"s:25:16:25:Infinity":0,"s:27:6:48:Infinity":1,"f:27:6:27:20":0,"s:28:19:28:Infinity":2,"s:30:10:30:Infinity":3,"f:30:10:30:26":1,"s:30:51:30:Infinity":4,"s:32:4:46:Infinity":5,"f:34:18:34:23":2,"s:35:16:44:Infinity":6,"s:50:0:59:Infinity":7},"fnNames":{}}}
,"/home/runner/work/bwmon/bwmon/react/src/components/navigation/PageNotFound.jsx": {"path":"/home/runner/work/bwmon/bwmon/react/src/components/navigation/PageNotFound.jsx","statementMap":{"0":{"start":{"line":22,"column":6},"end":{"line":24,"column":null}},"1":{"start":{"line":23,"column":4},"end":{"line":23,"column":null}}},"fnMap":{"0":{"name":"(anonymous_0)","decl":{"start":{"line":22,"column":6},"end":{"line":22,"column":27}},"loc":{"start":{"line":22,"column":27},"end":{"line":24,"column":null}},"line":22}},"branchMap":{},"s":{"0":15,"1":1},"f":{"0":1},"b":{},"meta":{"lastBranch":0,"lastFunction":1,"lastStatement":2,"seen":{"s:22:6:24:Infinity":0,"f:22:6:22:27":0,"s:23:4:23:Infinity":1},"fnNames":{}}}
,"/home/runner/work/bwmon/bwmon/react/src/components/navigation/UseNavigation.js": {"path":"/home/runner/work/bwmon/bwmon/react/src/components/navigation/UseNavigation.js","statementMap":{"0":{"start":{"line":22,"column":6},"end":{"line":32,"column":null}},"1":{"start":{"line":23,"column":18},"end":{"line":23,"column":null}},"2":{"start":{"line":24,"column":10},"end":{"line":24,"column":null}},"3":{"start":{"line":26,"column":4},"end":{"line":29,"column":null}},"4":{"start":{"line":27,"column":24},"end":{"line":27,"column":null}},"5":{"start":{"line":27,"column":54},"end":{"line":27,"column":94}},"6":{"start":{"line":28,"column":8},"end":{"line":28,"column":null}},"7":{"start":{"line":31,"column":4},"end":{"line":31,"column":null}}},"fnMap":{"0":{"name":"(anonymous_0)","decl":{"start":{"line":22,"column":6},"end":{"line":22,"column":23}},"loc":{"start":{"line":22,"column":32},"end":{"line":32,"column":null}},"line":22},"1":{"name":"(anonymous_1)","decl":{"start":{"line":26,"column":4},"end":{"line":26,"column":20}},"loc":{"start":{"line":26,"column":20},"end":{"line":29,"column":7}},"line":26},"2":{"name":"(anonymous_2)","decl":{"start":{"line":27,"column":29},"end":{"line":27,"column":40}},"loc":{"start":{"line":27,"column":54},"end":{"line":27,"column":94}},"line":27}},"branchMap":{"0":{"loc":{"start":{"line":28,"column":17},"end":{"line":28,"column":45}},"type":"cond-expr","locations":[{"start":{"line":28,"column":34},"end":{"line":28,"column":38}},{"start":{"line":28,"column":38},"end":{"line":28,"column":45}}],"line":28}},"s":{"0":15,"1":30,"2":30,"3":30,"4":22,"5":44,"6":22,"7":30},"f":{"0":30,"1":22,"2":44},"b":{"0":[8,14]},"meta":{"lastBranch":1,"lastFunction":3,"lastStatement":8,"seen":{"s:22:6:32:Infinity":0,"f:22:6:22:23":0,"s:23:18:23:Infinity":1,"s:24:10:24:Infinity":2,"s:26:4:29:Infinity":3,"f:26:4:26:20":1,"s:27:24:27:Infinity":4,"f:27:29:27:40":2,"s:27:54:27:94":5,"s:28:8:28:Infinity":6,"b:28:34:28:38:28:38:28:45":0,"s:31:4:31:Infinity":7},"fnNames":{}}}
,"/home/runner/work/bwmon/bwmon/react/src/components/table/Body.jsx": {"path":"/home/runner/work/bwmon/bwmon/react/src/components/table/Body.jsx","statementMap":{"0":{"start":{"line":23,"column":6},"end":{"line":41,"column":null}},"1":{"start":{"line":24,"column":4},"end":{"line":41,"column":null}},"2":{"start":{"line":26,"column":12},"end":{"line":39,"column":null}},"3":{"start":{"line":33,"column":20},"end":{"line":36,"column":null}},"4":{"start":{"line":44,"column":0},"end":{"line":54,"column":null}}},"fnMap":{"0":{"name":"(anonymous_0)","decl":{"start":{"line":23,"column":6},"end":{"line":23,"column":14}},"loc":{"start":{"line":24,"column":4},"end":{"line":41,"column":null}},"line":24},"1":{"name":"(anonymous_1)","decl":{"start":{"line":25,"column":16},"end":{"line":25,"column":21}},"loc":{"start":{"line":26,"column":12},"end":{"line":39,"column":null}},"line":26},"2":{"name":"(anonymous_2)","decl":{"start":{"line":32,"column":27},"end":{"line":32,"column":32}},"loc":{"start":{"line":32,"column":45},"end":{"line":38,"column":17}},"line":32}},"branchMap":{"0":{"loc":{"start":{"line":30,"column":23},"end":{"line":30,"column":null}},"type":"cond-expr","locations":[{"start":{"line":30,"column":35},"end":{"line":30,"column":66}},{"start":{"line":30,"column":66},"end":{"line":30,"column":null}}],"line":30},"1":{"loc":{"start":{"line":35,"column":29},"end":{"line":35,"column":null}},"type":"cond-expr","locations":[{"start":{"line":35,"column":48},"end":{"line":35,"column":87}},{"start":{"line":35,"column":87},"end":{"line":35,"column":null}}],"line":35}},"s":{"0":15,"1":52,"2":647,"3":5844,"4":15},"f":{"0":52,"1":647,"2":5844},"b":{"0":[320,327],"1":[4178,1666]},"meta":{"lastBranch":2,"lastFunction":3,"lastStatement":5,"seen":{"s:23:6:41:Infinity":0,"f:23:6:23:14":0,"s:24:4:41:Infinity":1,"f:25:16:25:21":1,"s:26:12:39:Infinity":2,"b:30:35:30:66:30:66:30:Infinity":0,"f:32:27:32:32":2,"s:33:20:36:Infinity":3,"b:35:48:35:87:35:87:35:Infinity":1,"s:44:0:54:Infinity":4},"fnNames":{}}}
,"/home/runner/work/bwmon/bwmon/react/src/components/table/CellInfo.js": {"path":"/home/runner/work/bwmon/bwmon/react/src/components/table/CellInfo.js","statementMap":{"0":{"start":{"line":21,"column":8},"end":{"line":21,"column":null}},"1":{"start":{"line":22,"column":8},"end":{"line":22,"column":null}},"2":{"start":{"line":23,"column":8},"end":{"line":23,"column":null}},"3":{"start":{"line":24,"column":8},"end":{"line":24,"column":null}},"4":{"start":{"line":25,"column":8},"end":{"line":25,"column":null}},"5":{"start":{"line":26,"column":8},"end":{"line":26,"column":null}}},"fnMap":{"0":{"name":"constructor","decl":{"start":{"line":20,"column":4},"end":{"line":20,"column":16}},"loc":{"start":{"line":20,"column":61},"end":{"line":27,"column":null}},"line":20}},"branchMap":{},"s":{"0":137,"1":137,"2":137,"3":137,"4":137,"5":137},"f":{"0":137},"b":{},"meta":{"lastBranch":0,"lastFunction":1,"lastStatement":6,"seen":{"f:20:4:20:16":0,"s:21:8:21:Infinity":0,"s:22:8:22:Infinity":1,"s:23:8:23:Infinity":2,"s:24:8:24:Infinity":3,"s:25:8:25:Infinity":4,"s:26:8:26:Infinity":5},"fnNames":{}}}
,"/home/runner/work/bwmon/bwmon/react/src/components/table/Footer.jsx": {"path":"/home/runner/work/bwmon/bwmon/react/src/components/table/Footer.jsx","statementMap":{"0":{"start":{"line":23,"column":6},"end":{"line":46,"column":null}},"1":{"start":{"line":24,"column":10},"end":{"line":31,"column":null}},"2":{"start":{"line":25,"column":8},"end":{"line":31,"column":null}},"3":{"start":{"line":33,"column":4},"end":{"line":44,"column":null}},"4":{"start":{"line":37,"column":20},"end":{"line":40,"column":null}},"5":{"start":{"line":48,"column":0},"end":{"line":59,"column":null}}},"fnMap":{"0":{"name":"(anonymous_0)","decl":{"start":{"line":23,"column":6},"end":{"line":23,"column":16}},"loc":{"start":{"line":23,"column":50},"end":{"line":46,"column":null}},"line":23},"1":{"name":"(anonymous_1)","decl":{"start":{"line":24,"column":10},"end":{"line":24,"column":22}},"loc":{"start":{"line":25,"column":8},"end":{"line":31,"column":null}},"line":25},"2":{"name":"(anonymous_2)","decl":{"start":{"line":36,"column":27},"end":{"line":36,"column":32}},"loc":{"start":{"line":36,"column":52},"end":{"line":42,"column":17}},"line":36}},"branchMap":{"0":{"loc":{"start":{"line":25,"column":8},"end":{"line":31,"column":null}},"type":"cond-expr","locations":[{"start":{"line":26,"column":14},"end":{"line":26,"column":null}},{"start":{"line":27,"column":14},"end":{"line":31,"column":null}}],"line":25},"1":{"loc":{"start":{"line":27,"column":14},"end":{"line":31,"column":null}},"type":"cond-expr","locations":[{"start":{"line":28,"column":16},"end":{"line":30,"column":null}},{"start":{"line":31,"column":16},"end":{"line":31,"column":null}}],"line":27},"2":{"loc":{"start":{"line":28,"column":16},"end":{"line":30,"column":null}},"type":"cond-expr","locations":[{"start":{"line":29,"column":20},"end":{"line":29,"column":null}},{"start":{"line":30,"column":20},"end":{"line":30,"column":null}}],"line":28}},"s":{"0":15,"1":34,"2":319,"3":34,"4":319,"5":15},"f":{"0":34,"1":319,"2":319},"b":{"0":[34,285],"1":[159,126],"2":[124,35]},"meta":{"lastBranch":3,"lastFunction":3,"lastStatement":6,"seen":{"s:23:6:46:Infinity":0,"f:23:6:23:16":0,"s:24:10:31:Infinity":1,"f:24:10:24:22":1,"s:25:8:31:Infinity":2,"b:26:14:26:Infinity:27:14:31:Infinity":0,"b:28:16:30:Infinity:31:16:31:Infinity":1,"b:29:20:29:Infinity:30:20:30:Infinity":2,"s:33:4:44:Infinity":3,"f:36:27:36:32":2,"s:37:20:40:Infinity":4,"s:48:0:59:Infinity":5},"fnNames":{}}}
,"/home/runner/work/bwmon/bwmon/react/src/components/table/Header.jsx": {"path":"/home/runner/work/bwmon/bwmon/react/src/components/table/Header.jsx","statementMap":{"0":{"start":{"line":23,"column":18},"end":{"line":23,"column":null}},"1":{"start":{"line":24,"column":19},"end":{"line":24,"column":null}},"2":{"start":{"line":26,"column":6},"end":{"line":26,"column":null}},"3":{"start":{"line":26,"column":37},"end":{"line":26,"column":null}},"4":{"start":{"line":27,"column":6},"end":{"line":27,"column":null}},"5":{"start":{"line":27,"column":51},"end":{"line":27,"column":null}},"6":{"start":{"line":28,"column":6},"end":{"line":28,"column":null}},"7":{"start":{"line":28,"column":57},"end":{"line":28,"column":null}},"8":{"start":{"line":29,"column":6},"end":{"line":29,"column":null}},"9":{"start":{"line":29,"column":34},"end":{"line":29,"column":null}},"10":{"start":{"line":31,"column":6},"end":{"line":45,"column":null}},"11":{"start":{"line":32,"column":4},"end":{"line":45,"column":null}},"12":{"start":{"line":48,"column":0},"end":{"line":59,"column":null}},"13":{"start":{"line":61,"column":6},"end":{"line":61,"column":null}},"14":{"start":{"line":61,"column":31},"end":{"line":61,"column":null}},"15":{"start":{"line":63,"column":0},"end":{"line":70,"column":null}},"16":{"start":{"line":72,"column":6},"end":{"line":97,"column":null}},"17":{"start":{"line":73,"column":10},"end":{"line":75,"column":null}},"18":{"start":{"line":73,"column":25},"end":{"line":75,"column":null}},"19":{"start":{"line":74,"column":8},"end":{"line":74,"column":null}},"20":{"start":{"line":77,"column":4},"end":{"line":95,"column":null}},"21":{"start":{"line":81,"column":20},"end":{"line":91,"column":null}},"22":{"start":{"line":99,"column":0},"end":{"line":112,"column":null}}},"fnMap":{"0":{"name":"(anonymous_0)","decl":{"start":{"line":26,"column":6},"end":{"line":26,"column":22}},"loc":{"start":{"line":26,"column":37},"end":{"line":26,"column":null}},"line":26},"1":{"name":"(anonymous_1)","decl":{"start":{"line":27,"column":6},"end":{"line":27,"column":23}},"loc":{"start":{"line":27,"column":51},"end":{"line":27,"column":null}},"line":27},"2":{"name":"(anonymous_2)","decl":{"start":{"line":28,"column":6},"end":{"line":28,"column":30}},"loc":{"start":{"line":28,"column":57},"end":{"line":28,"column":null}},"line":28},"3":{"name":"(anonymous_3)","decl":{"start":{"line":29,"column":6},"end":{"line":29,"column":18}},"loc":{"start":{"line":29,"column":34},"end":{"line":29,"column":null}},"line":29},"4":{"name":"(anonymous_4)","decl":{"start":{"line":31,"column":6},"end":{"line":31,"column":22}},"loc":{"start":{"line":32,"column":4},"end":{"line":45,"column":null}},"line":32},"5":{"name":"(anonymous_5)","decl":{"start":{"line":61,"column":6},"end":{"line":61,"column":14}},"loc":{"start":{"line":61,"column":31},"end":{"line":61,"column":null}},"line":61},"6":{"name":"(anonymous_6)","decl":{"start":{"line":72,"column":6},"end":{"line":72,"column":16}},"loc":{"start":{"line":72,"column":77},"end":{"line":97,"column":null}},"line":72},"7":{"name":"(anonymous_7)","decl":{"start":{"line":73,"column":10},"end":{"line":73,"column":25}},"loc":{"start":{"line":73,"column":25},"end":{"line":75,"column":null}},"line":73},"8":{"name":"(anonymous_8)","decl":{"start":{"line":73,"column":25},"end":{"line":73,"column":39}},"loc":{"start":{"line":73,"column":49},"end":{"line":75,"column":null}},"line":73},"9":{"name":"(anonymous_9)","decl":{"start":{"line":80,"column":27},"end":{"line":80,"column":32}},"loc":{"start":{"line":80,"column":45},"end":{"line":93,"column":17}},"line":80}},"branchMap":{"0":{"loc":{"start":{"line":26,"column":37},"end":{"line":26,"column":null}},"type":"cond-expr","locations":[{"start":{"line":26,"column":49},"end":{"line":26,"column":61}},{"start":{"line":26,"column":61},"end":{"line":26,"column":null}}],"line":26},"1":{"loc":{"start":{"line":27,"column":51},"end":{"line":27,"column":null}},"type":"cond-expr","locations":[{"start":{"line":27,"column":68},"end":{"line":27,"column":94}},{"start":{"line":27,"column":94},"end":{"line":27,"column":null}}],"line":27},"2":{"loc":{"start":{"line":28,"column":70},"end":{"line":28,"column":97}},"type":"binary-expr","locations":[{"start":{"line":28,"column":70},"end":{"line":28,"column":83}},{"start":{"line":28,"column":83},"end":{"line":28,"column":97}}],"line":28},"3":{"loc":{"start":{"line":81,"column":27},"end":{"line":91,"column":null}},"type":"cond-expr","locations":[{"start":{"line":82,"column":24},"end":{"line":89,"column":null}},{"start":{"line":91,"column":24},"end":{"line":91,"column":null}}],"line":81}},"s":{"0":15,"1":15,"2":15,"3":201,"4":15,"5":146,"6":15,"7":147,"8":15,"9":145,"10":15,"11":143,"12":15,"13":15,"14":261,"15":15,"16":15,"17":49,"18":140,"19":9,"20":49,"21":400,"22":15},"f":{"0":201,"1":146,"2":147,"3":145,"4":143,"5":261,"6":49,"7":140,"8":9,"9":400},"b":{"0":[194,7],"1":[52,94],"2":[147,5],"3":[140,260]},"meta":{"lastBranch":4,"lastFunction":10,"lastStatement":23,"seen":{"s:23:18:23:Infinity":0,"s:24:19:24:Infinity":1,"s:26:6:26:Infinity":2,"f:26:6:26:22":0,"s:26:37:26:Infinity":3,"b:26:49:26:61:26:61:26:Infinity":0,"s:27:6:27:Infinity":4,"f:27:6:27:23":1,"s:27:51:27:Infinity":5,"b:27:68:27:94:27:94:27:Infinity":1,"s:28:6:28:Infinity":6,"f:28:6:28:30":2,"s:28:57:28:Infinity":7,"b:28:70:28:83:28:83:28:97":2,"s:29:6:29:Infinity":8,"f:29:6:29:18":3,"s:29:34:29:Infinity":9,"s:31:6:45:Infinity":10,"f:31:6:31:22":4,"s:32:4:45:Infinity":11,"s:48:0:59:Infinity":12,"s:61:6:61:Infinity":13,"f:61:6:61:14":5,"s:61:31:61:Infinity":14,"s:63:0:70:Infinity":15,"s:72:6:97:Infinity":16,"f:72:6:72:16":6,"s:73:10:75:Infinity":17,"f:73:10:73:25":7,"s:73:25:75:Infinity":18,"f:73:25:73:39":8,"s:74:8:74:Infinity":19,"s:77:4:95:Infinity":20,"f:80:27:80:32":9,"s:81:20:91:Infinity":21,"b:82:24:89:Infinity:91:24:91:Infinity":3,"s:99:0:112:Infinity":22},"fnNames":{}}}
,"/home/runner/work/bwmon/bwmon/react/src/components/table/Pagination.jsx": {"path":"/home/runner/work/bwmon/bwmon/react/src/components/table/Pagination.jsx","statementMap":{"0":{"start":{"line":24,"column":6},"end":{"line":24,"column":null}},"1":{"start":{"line":24,"column":41},"end":{"line":24,"column":null}},"2":{"start":{"line":26,"column":6},"end":{"line":26,"column":null}},"3":{"start":{"line":26,"column":30},"end":{"line":26,"column":null}},"4":{"start":{"line":27,"column":6},"end":{"line":27,"column":null}},"5":{"start":{"line":27,"column":49},"end":{"line":27,"column":null}},"6":{"start":{"line":29,"column":6},"end":{"line":32,"column":null}},"7":{"start":{"line":30,"column":4},"end":{"line":32,"column":null}},"8":{"start":{"line":30,"column":36},"end":{"line":30,"column":60}},"9":{"start":{"line":35,"column":0},"end":{"line":35,"column":null}},"10":{"start":{"line":37,"column":6},"end":{"line":44,"column":null}},"11":{"start":{"line":38,"column":4},"end":{"line":44,"column":null}},"12":{"start":{"line":39,"column":28},"end":{"line":39,"column":null}},"13":{"start":{"line":47,"column":0},"end":{"line":52,"column":null}},"14":{"start":{"line":54,"column":6},"end":{"line":57,"column":null}},"15":{"start":{"line":55,"column":4},"end":{"line":57,"column":null}},"16":{"start":{"line":55,"column":36},"end":{"line":55,"column":67}},"17":{"start":{"line":60,"column":0},"end":{"line":60,"column":null}},"18":{"start":{"line":62,"column":6},"end":{"line":69,"column":null}},"19":{"start":{"line":63,"column":4},"end":{"line":69,"column":null}},"20":{"start":{"line":64,"column":28},"end":{"line":64,"column":null}},"21":{"start":{"line":72,"column":0},"end":{"line":77,"column":null}},"22":{"start":{"line":79,"column":16},"end":{"line":79,"column":null}},"23":{"start":{"line":81,"column":6},"end":{"line":87,"column":null}},"24":{"start":{"line":82,"column":4},"end":{"line":87,"column":null}},"25":{"start":{"line":90,"column":0},"end":{"line":95,"column":null}},"26":{"start":{"line":97,"column":6},"end":{"line":106,"column":null}},"27":{"start":{"line":98,"column":29},"end":{"line":98,"column":null}},"28":{"start":{"line":99,"column":4},"end":{"line":104,"column":null}},"29":{"start":{"line":100,"column":8},"end":{"line":102,"column":null}},"30":{"start":{"line":100,"column":21},"end":{"line":100,"column":38}},"31":{"start":{"line":101,"column":12},"end":{"line":101,"column":null}},"32":{"start":{"line":103,"column":8},"end":{"line":103,"column":null}},"33":{"start":{"line":105,"column":4},"end":{"line":105,"column":null}},"34":{"start":{"line":108,"column":6},"end":{"line":126,"column":null}},"35":{"start":{"line":109,"column":20},"end":{"line":109,"column":null}},"36":{"start":{"line":110,"column":24},"end":{"line":115,"column":null}},"37":{"start":{"line":117,"column":4},"end":{"line":124,"column":null}},"38":{"start":{"line":128,"column":0},"end":{"line":128,"column":null}}},"fnMap":{"0":{"name":"(anonymous_0)","decl":{"start":{"line":24,"column":6},"end":{"line":24,"column":18}},"loc":{"start":{"line":24,"column":41},"end":{"line":24,"column":null}},"line":24},"1":{"name":"(anonymous_1)","decl":{"start":{"line":26,"column":6},"end":{"line":26,"column":21}},"loc":{"start":{"line":26,"column":30},"end":{"line":26,"column":null}},"line":26},"2":{"name":"(anonymous_2)","decl":{"start":{"line":27,"column":6},"end":{"line":27,"column":20}},"loc":{"start":{"line":27,"column":49},"end":{"line":27,"column":null}},"line":27},"3":{"name":"(anonymous_3)","decl":{"start":{"line":29,"column":6},"end":{"line":29,"column":25}},"loc":{"start":{"line":30,"column":4},"end":{"line":32,"column":null}},"line":30},"4":{"name":"(anonymous_4)","decl":{"start":{"line":30,"column":16},"end":{"line":30,"column":26}},"loc":{"start":{"line":30,"column":36},"end":{"line":30,"column":60}},"line":30},"5":{"name":"(anonymous_5)","decl":{"start":{"line":37,"column":6},"end":{"line":37,"column":24}},"loc":{"start":{"line":38,"column":4},"end":{"line":44,"column":null}},"line":38},"6":{"name":"(anonymous_6)","decl":{"start":{"line":39,"column":8},"end":{"line":39,"column":18}},"loc":{"start":{"line":39,"column":28},"end":{"line":39,"column":null}},"line":39},"7":{"name":"(anonymous_7)","decl":{"start":{"line":54,"column":6},"end":{"line":54,"column":28}},"loc":{"start":{"line":55,"column":4},"end":{"line":57,"column":null}},"line":55},"8":{"name":"(anonymous_8)","decl":{"start":{"line":55,"column":16},"end":{"line":55,"column":26}},"loc":{"start":{"line":55,"column":36},"end":{"line":55,"column":67}},"line":55},"9":{"name":"(anonymous_9)","decl":{"start":{"line":62,"column":6},"end":{"line":62,"column":24}},"loc":{"start":{"line":63,"column":4},"end":{"line":69,"column":null}},"line":63},"10":{"name":"(anonymous_10)","decl":{"start":{"line":64,"column":8},"end":{"line":64,"column":18}},"loc":{"start":{"line":64,"column":28},"end":{"line":64,"column":null}},"line":64},"11":{"name":"(anonymous_11)","decl":{"start":{"line":81,"column":6},"end":{"line":81,"column":17}},"loc":{"start":{"line":82,"column":4},"end":{"line":87,"column":null}},"line":82},"12":{"name":"(anonymous_12)","decl":{"start":{"line":97,"column":6},"end":{"line":97,"column":28}},"loc":{"start":{"line":97,"column":51},"end":{"line":106,"column":null}},"line":97},"13":{"name":"(anonymous_13)","decl":{"start":{"line":108,"column":6},"end":{"line":108,"column":20}},"loc":{"start":{"line":108,"column":30},"end":{"line":126,"column":null}},"line":108}},"branchMap":{"0":{"loc":{"start":{"line":99,"column":4},"end":{"line":104,"column":null}},"type":"if","locations":[{"start":{"line":99,"column":4},"end":{"line":104,"column":null}},{"start":{},"end":{}}],"line":99}},"s":{"0":15,"1":110,"2":15,"3":106,"4":15,"5":106,"6":15,"7":52,"8":1,"9":15,"10":15,"11":52,"12":3,"13":15,"14":15,"15":52,"16":1,"17":15,"18":15,"19":52,"20":4,"21":15,"22":15,"23":15,"24":47,"25":15,"26":15,"27":49,"28":49,"29":46,"30":46,"31":25,"32":46,"33":49,"34":15,"35":47,"36":47,"37":47,"38":15},"f":{"0":110,"1":106,"2":106,"3":52,"4":1,"5":52,"6":3,"7":52,"8":1,"9":52,"10":4,"11":47,"12":49,"13":47},"b":{"0":[46,3]},"meta":{"lastBranch":1,"lastFunction":14,"lastStatement":39,"seen":{"s:24:6:24:Infinity":0,"f:24:6:24:18":0,"s:24:41:24:Infinity":1,"s:26:6:26:Infinity":2,"f:26:6:26:21":1,"s:26:30:26:Infinity":3,"s:27:6:27:Infinity":4,"f:27:6:27:20":2,"s:27:49:27:Infinity":5,"s:29:6:32:Infinity":6,"f:29:6:29:25":3,"s:30:4:32:Infinity":7,"f:30:16:30:26":4,"s:30:36:30:60":8,"s:35:0:35:Infinity":9,"s:37:6:44:Infinity":10,"f:37:6:37:24":5,"s:38:4:44:Infinity":11,"f:39:8:39:18":6,"s:39:28:39:Infinity":12,"s:47:0:52:Infinity":13,"s:54:6:57:Infinity":14,"f:54:6:54:28":7,"s:55:4:57:Infinity":15,"f:55:16:55:26":8,"s:55:36:55:67":16,"s:60:0:60:Infinity":17,"s:62:6:69:Infinity":18,"f:62:6:62:24":9,"s:63:4:69:Infinity":19,"f:64:8:64:18":10,"s:64:28:64:Infinity":20,"s:72:0:77:Infinity":21,"s:79:16:79:Infinity":22,"s:81:6:87:Infinity":23,"f:81:6:81:17":11,"s:82:4:87:Infinity":24,"s:90:0:95:Infinity":25,"s:97:6:106:Infinity":26,"f:97:6:97:28":12,"s:98:29:98:Infinity":27,"b:99:4:104:Infinity:undefined:undefined:undefined:undefined":0,"s:99:4:104:Infinity":28,"s:100:8:102:Infinity":29,"s:100:21:100:38":30,"s:101:12:101:Infinity":31,"s:103:8:103:Infinity":32,"s:105:4:105:Infinity":33,"s:108:6:126:Infinity":34,"f:108:6:108:20":13,"s:109:20:109:Infinity":35,"s:110:24:115:Infinity":36,"s:117:4:124:Infinity":37,"s:128:0:128:Infinity":38},"fnNames":{}}}
,"/home/runner/work/bwmon/bwmon/react/src/components/table/UsageTable.jsx": {"path":"/home/runner/work/bwmon/bwmon/react/src/components/table/UsageTable.jsx","statementMap":{"0":{"start":{"line":8,"column":6},"end":{"line":18,"column":null}},"1":{"start":{"line":9,"column":4},"end":{"line":18,"column":null}}},"fnMap":{"0":{"name":"(anonymous_0)","decl":{"start":{"line":8,"column":6},"end":{"line":8,"column":20}},"loc":{"start":{"line":9,"column":4},"end":{"line":18,"column":null}},"line":9}},"branchMap":{"0":{"loc":{"start":{"line":17,"column":9},"end":{"line":17,"column":null}},"type":"binary-expr","locations":[{"start":{"line":17,"column":9},"end":{"line":17,"column":23}},{"start":{"line":17,"column":23},"end":{"line":17,"column":null}}],"line":17}},"s":{"0":14,"1":38},"f":{"0":38},"b":{"0":[38,24]},"meta":{"lastBranch":1,"lastFunction":1,"lastStatement":2,"seen":{"s:8:6:18:Infinity":0,"f:8:6:8:20":0,"s:9:4:18:Infinity":1,"b:17:9:17:23:17:23:17:Infinity":0},"fnNames":{}}}
,"/home/runner/work/bwmon/bwmon/react/src/features/bymonth/UsageByMonth.jsx": {"path":"/home/runner/work/bwmon/bwmon/react/src/features/bymonth/UsageByMonth.jsx","statementMap":{"0":{"start":{"line":26,"column":18},"end":{"line":34,"column":null}},"1":{"start":{"line":36,"column":6},"end":{"line":87,"column":null}},"2":{"start":{"line":37,"column":49},"end":{"line":37,"column":null}},"3":{"start":{"line":38,"column":46},"end":{"line":38,"column":null}},"4":{"start":{"line":40,"column":10},"end":{"line":40,"column":null}},"5":{"start":{"line":40,"column":40},"end":{"line":40,"column":null}},"6":{"start":{"line":42,"column":10},"end":{"line":45,"column":null}},"7":{"start":{"line":43,"column":8},"end":{"line":43,"column":null}},"8":{"start":{"line":44,"column":8},"end":{"line":44,"column":null}},"9":{"start":{"line":47,"column":10},"end":{"line":50,"column":null}},"10":{"start":{"line":48,"column":15},"end":{"line":48,"column":null}},"11":{"start":{"line":52,"column":10},"end":{"line":78,"column":null}},"12":{"start":{"line":53,"column":8},"end":{"line":78,"column":null}},"13":{"start":{"line":80,"column":4},"end":{"line":85,"column":null}}},"fnMap":{"0":{"name":"(anonymous_0)","decl":{"start":{"line":36,"column":6},"end":{"line":36,"column":27}},"loc":{"start":{"line":36,"column":27},"end":{"line":87,"column":null}},"line":36},"1":{"name":"(anonymous_1)","decl":{"start":{"line":40,"column":10},"end":{"line":40,"column":30}},"loc":{"start":{"line":40,"column":40},"end":{"line":40,"column":null}},"line":40},"2":{"name":"(anonymous_2)","decl":{"start":{"line":42,"column":10},"end":{"line":42,"column":31}},"loc":{"start":{"line":42,"column":51},"end":{"line":45,"column":null}},"line":42},"3":{"name":"(anonymous_3)","decl":{"start":{"line":47,"column":23},"end":{"line":47,"column":null}},"loc":{"start":{"line":48,"column":15},"end":{"line":48,"column":null}},"line":48},"4":{"name":"(anonymous_4)","decl":{"start":{"line":52,"column":10},"end":{"line":52,"column":null}},"loc":{"start":{"line":53,"column":8},"end":{"line":78,"column":null}},"line":53}},"branchMap":{"0":{"loc":{"start":{"line":48,"column":15},"end":{"line":48,"column":null}},"type":"cond-expr","locations":[{"start":{"line":48,"column":21},"end":{"line":48,"column":80}},{"start":{"line":48,"column":80},"end":{"line":48,"column":null}}],"line":48},"1":{"loc":{"start":{"line":53,"column":8},"end":{"line":78,"column":null}},"type":"cond-expr","locations":[{"start":{"line":54,"column":12},"end":{"line":78,"column":null}},{"start":{"line":78,"column":12},"end":{"line":78,"column":null}}],"line":53},"2":{"loc":{"start":{"line":83,"column":13},"end":{"line":83,"column":null}},"type":"binary-expr","locations":[{"start":{"line":83,"column":13},"end":{"line":83,"column":22}},{"start":{"line":83,"column":22},"end":{"line":83,"column":null}}],"line":83}},"s":{"0":5,"1":5,"2":10,"3":10,"4":10,"5":1,"6":10,"7":2,"8":2,"9":10,"10":10,"11":10,"12":10,"13":10},"f":{"0":10,"1":1,"2":2,"3":10,"4":10},"b":{"0":[8,2],"1":[8,2],"2":[10,1]},"meta":{"lastBranch":3,"lastFunction":5,"lastStatement":14,"seen":{"s:26:18:34:Infinity":0,"s:36:6:87:Infinity":1,"f:36:6:36:27":0,"s:37:49:37:Infinity":2,"s:38:46:38:Infinity":3,"s:40:10:40:Infinity":4,"f:40:10:40:30":1,"s:40:40:40:Infinity":5,"s:42:10:45:Infinity":6,"f:42:10:42:31":2,"s:43:8:43:Infinity":7,"s:44:8:44:Infinity":8,"s:47:10:50:Infinity":9,"f:47:23:47:Infinity":3,"s:48:15:48:Infinity":10,"b:48:21:48:80:48:80:48:Infinity":0,"s:52:10:78:Infinity":11,"f:52:10:52:Infinity":4,"s:53:8:78:Infinity":12,"b:54:12:78:Infinity:78:12:78:Infinity":1,"s:80:4:85:Infinity":13,"b:83:13:83:22:83:22:83:Infinity":2},"fnNames":{}}}
,"/home/runner/work/bwmon/bwmon/react/src/features/bymonth/UsageByMonthGraph.jsx": {"path":"/home/runner/work/bwmon/bwmon/react/src/features/bymonth/UsageByMonthGraph.jsx","statementMap":{"0":{"start":{"line":25,"column":16},"end":{"line":25,"column":null}},"1":{"start":{"line":27,"column":6},"end":{"line":51,"column":null}},"2":{"start":{"line":28,"column":51},"end":{"line":28,"column":null}},"3":{"start":{"line":30,"column":10},"end":{"line":30,"column":null}},"4":{"start":{"line":30,"column":40},"end":{"line":30,"column":null}},"5":{"start":{"line":32,"column":4},"end":{"line":49,"column":null}}},"fnMap":{"0":{"name":"(anonymous_0)","decl":{"start":{"line":27,"column":6},"end":{"line":27,"column":32}},"loc":{"start":{"line":27,"column":32},"end":{"line":51,"column":null}},"line":27},"1":{"name":"(anonymous_1)","decl":{"start":{"line":30,"column":10},"end":{"line":30,"column":30}},"loc":{"start":{"line":30,"column":40},"end":{"line":30,"column":null}},"line":30}},"branchMap":{},"s":{"0":5,"1":5,"2":5,"3":5,"4":1,"5":5},"f":{"0":5,"1":1},"b":{},"meta":{"lastBranch":0,"lastFunction":2,"lastStatement":6,"seen":{"s:25:16:25:Infinity":0,"s:27:6:51:Infinity":1,"f:27:6:27:32":0,"s:28:51:28:Infinity":2,"s:30:10:30:Infinity":3,"f:30:10:30:30":1,"s:30:40:30:Infinity":4,"s:32:4:49:Infinity":5},"fnNames":{}}}
,"/home/runner/work/bwmon/bwmon/react/src/features/bymonth/UseUsageByMonth.js": {"path":"/home/runner/work/bwmon/bwmon/react/src/features/bymonth/UseUsageByMonth.js","statementMap":{"0":{"start":{"line":27,"column":6},"end":{"line":52,"column":null}},"1":{"start":{"line":28,"column":41},"end":{"line":28,"column":null}},"2":{"start":{"line":29,"column":17},"end":{"line":29,"column":null}},"3":{"start":{"line":30,"column":20},"end":{"line":30,"column":null}},"4":{"start":{"line":31,"column":18},"end":{"line":31,"column":null}},"5":{"start":{"line":33,"column":4},"end":{"line":49,"column":null}},"6":{"start":{"line":35,"column":12},"end":{"line":44,"column":null}},"7":{"start":{"line":36,"column":16},"end":{"line":36,"column":null}},"8":{"start":{"line":37,"column":16},"end":{"line":37,"column":null}},"9":{"start":{"line":38,"column":37},"end":{"line":38,"column":null}},"10":{"start":{"line":39,"column":16},"end":{"line":39,"column":null}},"11":{"start":{"line":41,"column":16},"end":{"line":41,"column":null}},"12":{"start":{"line":43,"column":16},"end":{"line":43,"column":null}},"13":{"start":{"line":46,"column":8},"end":{"line":48,"column":null}},"14":{"start":{"line":47,"column":12},"end":{"line":47,"column":null}},"15":{"start":{"line":51,"column":4},"end":{"line":51,"column":null}}},"fnMap":{"0":{"name":"(anonymous_0)","decl":{"start":{"line":27,"column":6},"end":{"line":27,"column":30}},"loc":{"start":{"line":27,"column":30},"end":{"line":52,"column":null}},"line":27},"1":{"name":"(anonymous_1)","decl":{"start":{"line":33,"column":4},"end":{"line":33,"column":20}},"loc":{"start":{"line":33,"column":20},"end":{"line":49,"column":7}},"line":33},"2":{"name":"fetch","decl":{"start":{"line":34,"column":23},"end":{"line":34,"column":31}},"loc":{"start":{"line":34,"column":31},"end":{"line":45,"column":null}},"line":34}},"branchMap":{"0":{"loc":{"start":{"line":46,"column":8},"end":{"line":48,"column":null}},"type":"if","locations":[{"start":{"line":46,"column":8},"end":{"line":48,"column":null}},{"start":{},"end":{}}],"line":46},"1":{"loc":{"start":{"line":51,"column":57},"end":{"line":51,"column":76}},"type":"binary-expr","locations":[{"start":{"line":51,"column":57},"end":{"line":51,"column":70}},{"start":{"line":51,"column":70},"end":{"line":51,"column":76}}],"line":51}},"s":{"0":6,"1":45,"2":45,"3":45,"4":45,"5":45,"6":15,"7":15,"8":15,"9":15,"10":14,"11":1,"12":15,"13":24,"14":15,"15":45},"f":{"0":45,"1":24,"2":15},"b":{"0":[15,9],"1":[45,45]},"meta":{"lastBranch":2,"lastFunction":3,"lastStatement":16,"seen":{"s:27:6:52:Infinity":0,"f:27:6:27:30":0,"s:28:41:28:Infinity":1,"s:29:17:29:Infinity":2,"s:30:20:30:Infinity":3,"s:31:18:31:Infinity":4,"s:33:4:49:Infinity":5,"f:33:4:33:20":1,"f:34:23:34:31":2,"s:35:12:44:Infinity":6,"s:36:16:36:Infinity":7,"s:37:16:37:Infinity":8,"s:38:37:38:Infinity":9,"s:39:16:39:Infinity":10,"s:41:16:41:Infinity":11,"s:43:16:43:Infinity":12,"b:46:8:48:Infinity:undefined:undefined:undefined:undefined":0,"s:46:8:48:Infinity":13,"s:47:12:47:Infinity":14,"s:51:4:51:Infinity":15,"b:51:57:51:70:51:70:51:76":1},"fnNames":{}}}
,"/home/runner/work/bwmon/bwmon/react/src/features/bymonth/UseUsageByMonthGraph.js": {"path":"/home/runner/work/bwmon/bwmon/react/src/features/bymonth/UseUsageByMonthGraph.js","statementMap":{"0":{"start":{"line":23,"column":6},"end":{"line":52,"column":null}},"1":{"start":{"line":24,"column":40},"end":{"line":24,"column":null}},"2":{"start":{"line":25,"column":20},"end":{"line":25,"column":null}},"3":{"start":{"line":26,"column":19},"end":{"line":26,"column":null}},"4":{"start":{"line":28,"column":4},"end":{"line":49,"column":null}},"5":{"start":{"line":29,"column":8},"end":{"line":48,"column":null}},"6":{"start":{"line":30,"column":12},"end":{"line":40,"column":null}},"7":{"start":{"line":38,"column":48},"end":{"line":38,"column":79}},"8":{"start":{"line":42,"column":12},"end":{"line":47,"column":null}},"9":{"start":{"line":45,"column":54},"end":{"line":45,"column":94}},"10":{"start":{"line":51,"column":4},"end":{"line":51,"column":null}}},"fnMap":{"0":{"name":"(anonymous_0)","decl":{"start":{"line":23,"column":6},"end":{"line":23,"column":35}},"loc":{"start":{"line":23,"column":35},"end":{"line":52,"column":null}},"line":23},"1":{"name":"(anonymous_1)","decl":{"start":{"line":28,"column":4},"end":{"line":28,"column":20}},"loc":{"start":{"line":28,"column":20},"end":{"line":49,"column":7}},"line":28},"2":{"name":"(anonymous_2)","decl":{"start":{"line":38,"column":43},"end":{"line":38,"column":48}},"loc":{"start":{"line":38,"column":48},"end":{"line":38,"column":79}},"line":38},"3":{"name":"(anonymous_3)","decl":{"start":{"line":45,"column":37},"end":{"line":45,"column":42}},"loc":{"start":{"line":45,"column":54},"end":{"line":45,"column":94}},"line":45}},"branchMap":{"0":{"loc":{"start":{"line":29,"column":8},"end":{"line":48,"column":null}},"type":"if","locations":[{"start":{"line":29,"column":8},"end":{"line":48,"column":null}},{"start":{},"end":{}}],"line":29}},"s":{"0":5,"1":23,"2":23,"3":23,"4":23,"5":10,"6":6,"7":54,"8":6,"9":54,"10":23},"f":{"0":23,"1":10,"2":54,"3":54},"b":{"0":[6,4]},"meta":{"lastBranch":1,"lastFunction":4,"lastStatement":11,"seen":{"s:23:6:52:Infinity":0,"f:23:6:23:35":0,"s:24:40:24:Infinity":1,"s:25:20:25:Infinity":2,"s:26:19:26:Infinity":3,"s:28:4:49:Infinity":4,"f:28:4:28:20":1,"b:29:8:48:Infinity:undefined:undefined:undefined:undefined":0,"s:29:8:48:Infinity":5,"s:30:12:40:Infinity":6,"f:38:43:38:48":2,"s:38:48:38:79":7,"s:42:12:47:Infinity":8,"f:45:37:45:42":3,"s:45:54:45:94":9,"s:51:4:51:Infinity":10},"fnNames":{}}}
,"/home/runner/work/bwmon/bwmon/react/src/features/byuser/UsageByUser.jsx": {"path":"/home/runner/work/bwmon/bwmon/react/src/features/byuser/UsageByUser.jsx","statementMap":{"0":{"start":{"line":26,"column":18},"end":{"line":38,"column":null}},"1":{"start":{"line":40,"column":23},"end":{"line":40,"column":null}},"2":{"start":{"line":42,"column":6},"end":{"line":123,"column":null}},"3":{"start":{"line":43,"column":93},"end":{"line":43,"column":null}},"4":{"start":{"line":44,"column":40},"end":{"line":44,"column":null}},"5":{"start":{"line":45,"column":46},"end":{"line":45,"column":null}},"6":{"start":{"line":47,"column":10},"end":{"line":47,"column":null}},"7":{"start":{"line":47,"column":49},"end":{"line":47,"column":null}},"8":{"start":{"line":49,"column":10},"end":{"line":52,"column":null}},"9":{"start":{"line":50,"column":8},"end":{"line":50,"column":null}},"10":{"start":{"line":51,"column":8},"end":{"line":51,"column":null}},"11":{"start":{"line":54,"column":10},"end":{"line":54,"column":null}},"12":{"start":{"line":54,"column":40},"end":{"line":54,"column":null}},"13":{"start":{"line":56,"column":10},"end":{"line":56,"column":null}},"14":{"start":{"line":56,"column":41},"end":{"line":56,"column":null}},"15":{"start":{"line":58,"column":10},"end":{"line":58,"column":null}},"16":{"start":{"line":58,"column":42},"end":{"line":58,"column":null}},"17":{"start":{"line":60,"column":10},"end":{"line":63,"column":null}},"18":{"start":{"line":61,"column":8},"end":{"line":61,"column":null}},"19":{"start":{"line":62,"column":8},"end":{"line":62,"column":null}},"20":{"start":{"line":65,"column":4},"end":{"line":67,"column":null}},"21":{"start":{"line":66,"column":8},"end":{"line":66,"column":null}},"22":{"start":{"line":69,"column":10},"end":{"line":72,"column":null}},"23":{"start":{"line":70,"column":15},"end":{"line":70,"column":null}},"24":{"start":{"line":74,"column":10},"end":{"line":77,"column":null}},"25":{"start":{"line":75,"column":14},"end":{"line":75,"column":null}},"26":{"start":{"line":79,"column":28},"end":{"line":88,"column":null}},"27":{"start":{"line":89,"column":24},"end":{"line":93,"column":null}},"28":{"start":{"line":94,"column":22},"end":{"line":94,"column":null}},"29":{"start":{"line":95,"column":24},"end":{"line":95,"column":null}},"30":{"start":{"line":96,"column":10},"end":{"line":107,"column":null}},"31":{"start":{"line":97,"column":8},"end":{"line":107,"column":null}},"32":{"start":{"line":109,"column":4},"end":{"line":121,"column":null}}},"fnMap":{"0":{"name":"(anonymous_0)","decl":{"start":{"line":42,"column":6},"end":{"line":42,"column":26}},"loc":{"start":{"line":42,"column":26},"end":{"line":123,"column":null}},"line":42},"1":{"name":"(anonymous_1)","decl":{"start":{"line":47,"column":10},"end":{"line":47,"column":30}},"loc":{"start":{"line":47,"column":49},"end":{"line":47,"column":null}},"line":47},"2":{"name":"(anonymous_2)","decl":{"start":{"line":49,"column":10},"end":{"line":49,"column":37}},"loc":{"start":{"line":49,"column":47},"end":{"line":52,"column":null}},"line":49},"3":{"name":"(anonymous_3)","decl":{"start":{"line":54,"column":10},"end":{"line":54,"column":30}},"loc":{"start":{"line":54,"column":40},"end":{"line":54,"column":null}},"line":54},"4":{"name":"(anonymous_4)","decl":{"start":{"line":56,"column":10},"end":{"line":56,"column":31}},"loc":{"start":{"line":56,"column":41},"end":{"line":56,"column":null}},"line":56},"5":{"name":"(anonymous_5)","decl":{"start":{"line":58,"column":10},"end":{"line":58,"column":32}},"loc":{"start":{"line":58,"column":42},"end":{"line":58,"column":null}},"line":58},"6":{"name":"(anonymous_6)","decl":{"start":{"line":60,"column":10},"end":{"line":60,"column":31}},"loc":{"start":{"line":60,"column":51},"end":{"line":63,"column":null}},"line":60},"7":{"name":"(anonymous_7)","decl":{"start":{"line":65,"column":4},"end":{"line":65,"column":20}},"loc":{"start":{"line":65,"column":20},"end":{"line":67,"column":7}},"line":65},"8":{"name":"(anonymous_8)","decl":{"start":{"line":69,"column":23},"end":{"line":69,"column":null}},"loc":{"start":{"line":70,"column":15},"end":{"line":70,"column":null}},"line":70},"9":{"name":"(anonymous_9)","decl":{"start":{"line":74,"column":26},"end":{"line":74,"column":null}},"loc":{"start":{"line":75,"column":14},"end":{"line":75,"column":null}},"line":75},"10":{"name":"(anonymous_10)","decl":{"start":{"line":96,"column":10},"end":{"line":96,"column":null}},"loc":{"start":{"line":97,"column":8},"end":{"line":107,"column":null}},"line":97}},"branchMap":{"0":{"loc":{"start":{"line":70,"column":15},"end":{"line":70,"column":null}},"type":"cond-expr","locations":[{"start":{"line":70,"column":21},"end":{"line":70,"column":80}},{"start":{"line":70,"column":80},"end":{"line":70,"column":null}}],"line":70},"1":{"loc":{"start":{"line":82,"column":15},"end":{"line":82,"column":null}},"type":"cond-expr","locations":[{"start":{"line":82,"column":36},"end":{"line":82,"column":56}},{"start":{"line":82,"column":56},"end":{"line":82,"column":null}}],"line":82},"2":{"loc":{"start":{"line":82,"column":15},"end":{"line":82,"column":36}},"type":"binary-expr","locations":[{"start":{"line":82,"column":15},"end":{"line":82,"column":23}},{"start":{"line":82,"column":23},"end":{"line":82,"column":36}}],"line":82},"3":{"loc":{"start":{"line":95,"column":34},"end":{"line":95,"column":71}},"type":"cond-expr","locations":[{"start":{"line":95,"column":55},"end":{"line":95,"column":68}},{"start":{"line":95,"column":68},"end":{"line":95,"column":71}}],"line":95},"4":{"loc":{"start":{"line":95,"column":34},"end":{"line":95,"column":55}},"type":"binary-expr","locations":[{"start":{"line":95,"column":34},"end":{"line":95,"column":42}},{"start":{"line":95,"column":42},"end":{"line":95,"column":55}}],"line":95},"5":{"loc":{"start":{"line":97,"column":8},"end":{"line":107,"column":null}},"type":"cond-expr","locations":[{"start":{"line":98,"column":12},"end":{"line":107,"column":null}},{"start":{"line":107,"column":12},"end":{"line":107,"column":null}}],"line":97},"6":{"loc":{"start":{"line":112,"column":13},"end":{"line":112,"column":null}},"type":"binary-expr","locations":[{"start":{"line":112,"column":13},"end":{"line":112,"column":22}},{"start":{"line":112,"column":22},"end":{"line":112,"column":null}}],"line":112}},"s":{"0":6,"1":6,"2":6,"3":35,"4":35,"5":35,"6":35,"7":2,"8":35,"9":1,"10":1,"11":35,"12":1,"13":35,"14":1,"15":35,"16":1,"17":35,"18":4,"19":4,"20":35,"21":29,"22":35,"23":27,"24":35,"25":27,"26":35,"27":35,"28":35,"29":35,"30":35,"31":35,"32":35},"f":{"0":35,"1":2,"2":1,"3":1,"4":1,"5":1,"6":4,"7":29,"8":27,"9":27,"10":35},"b":{"0":[23,4],"1":[23,12],"2":[35,23],"3":[23,12],"4":[35,23],"5":[23,12],"6":[35,1]},"meta":{"lastBranch":7,"lastFunction":11,"lastStatement":33,"seen":{"s:26:18:38:Infinity":0,"s:40:23:40:Infinity":1,"s:42:6:123:Infinity":2,"f:42:6:42:26":0,"s:43:93:43:Infinity":3,"s:44:40:44:Infinity":4,"s:45:46:45:Infinity":5,"s:47:10:47:Infinity":6,"f:47:10:47:30":1,"s:47:49:47:Infinity":7,"s:49:10:52:Infinity":8,"f:49:10:49:37":2,"s:50:8:50:Infinity":9,"s:51:8:51:Infinity":10,"s:54:10:54:Infinity":11,"f:54:10:54:30":3,"s:54:40:54:Infinity":12,"s:56:10:56:Infinity":13,"f:56:10:56:31":4,"s:56:41:56:Infinity":14,"s:58:10:58:Infinity":15,"f:58:10:58:32":5,"s:58:42:58:Infinity":16,"s:60:10:63:Infinity":17,"f:60:10:60:31":6,"s:61:8:61:Infinity":18,"s:62:8:62:Infinity":19,"s:65:4:67:Infinity":20,"f:65:4:65:20":7,"s:66:8:66:Infinity":21,"s:69:10:72:Infinity":22,"f:69:23:69:Infinity":8,"s:70:15:70:Infinity":23,"b:70:21:70:80:70:80:70:Infinity":0,"s:74:10:77:Infinity":24,"f:74:26:74:Infinity":9,"s:75:14:75:Infinity":25,"s:79:28:88:Infinity":26,"b:82:36:82:56:82:56:82:Infinity":1,"b:82:15:82:23:82:23:82:36":2,"s:89:24:93:Infinity":27,"s:94:22:94:Infinity":28,"s:95:24:95:Infinity":29,"b:95:55:95:68:95:68:95:71":3,"b:95:34:95:42:95:42:95:55":4,"s:96:10:107:Infinity":30,"f:96:10:96:Infinity":10,"s:97:8:107:Infinity":31,"b:98:12:107:Infinity:107:12:107:Infinity":5,"s:109:4:121:Infinity":32,"b:112:13:112:22:112:22:112:Infinity":6},"fnNames":{}}}
,"/home/runner/work/bwmon/bwmon/react/src/features/byuser/UsageByUserGraph.jsx": {"path":"/home/runner/work/bwmon/bwmon/react/src/features/byuser/UsageByUserGraph.jsx","statementMap":{"0":{"start":{"line":25,"column":16},"end":{"line":25,"column":null}},"1":{"start":{"line":27,"column":6},"end":{"line":67,"column":null}},"2":{"start":{"line":28,"column":87},"end":{"line":28,"column":null}},"3":{"start":{"line":30,"column":10},"end":{"line":30,"column":null}},"4":{"start":{"line":30,"column":40},"end":{"line":30,"column":null}},"5":{"start":{"line":32,"column":10},"end":{"line":32,"column":null}},"6":{"start":{"line":32,"column":41},"end":{"line":32,"column":null}},"7":{"start":{"line":34,"column":10},"end":{"line":34,"column":null}},"8":{"start":{"line":34,"column":42},"end":{"line":34,"column":null}},"9":{"start":{"line":36,"column":4},"end":{"line":65,"column":null}}},"fnMap":{"0":{"name":"(anonymous_0)","decl":{"start":{"line":27,"column":6},"end":{"line":27,"column":31}},"loc":{"start":{"line":27,"column":31},"end":{"line":67,"column":null}},"line":27},"1":{"name":"(anonymous_1)","decl":{"start":{"line":30,"column":10},"end":{"line":30,"column":30}},"loc":{"start":{"line":30,"column":40},"end":{"line":30,"column":null}},"line":30},"2":{"name":"(anonymous_2)","decl":{"start":{"line":32,"column":10},"end":{"line":32,"column":31}},"loc":{"start":{"line":32,"column":41},"end":{"line":32,"column":null}},"line":32},"3":{"name":"(anonymous_3)","decl":{"start":{"line":34,"column":10},"end":{"line":34,"column":32}},"loc":{"start":{"line":34,"column":42},"end":{"line":34,"column":null}},"line":34}},"branchMap":{},"s":{"0":6,"1":6,"2":8,"3":8,"4":1,"5":8,"6":1,"7":8,"8":1,"9":8},"f":{"0":8,"1":1,"2":1,"3":1},"b":{},"meta":{"lastBranch":0,"lastFunction":4,"lastStatement":10,"seen":{"s:25:16:25:Infinity":0,"s:27:6:67:Infinity":1,"f:27:6:27:31":0,"s:28:87:28:Infinity":2,"s:30:10:30:Infinity":3,"f:30:10:30:30":1,"s:30:40:30:Infinity":4,"s:32:10:32:Infinity":5,"f:32:10:32:31":2,"s:32:41:32:Infinity":6,"s:34:10:34:Infinity":7,"f:34:10:34:32":3,"s:34:42:34:Infinity":8,"s:36:4:65:Infinity":9},"fnNames":{}}}
,"/home/runner/work/bwmon/bwmon/react/src/features/byuser/UseUsageByUser.js": {"path":"/home/runner/work/bwmon/bwmon/react/src/features/byuser/UseUsageByUser.js","statementMap":{"0":{"start":{"line":27,"column":6},"end":{"line":54,"column":null}},"1":{"start":{"line":28,"column":66},"end":{"line":28,"column":null}},"2":{"start":{"line":29,"column":19},"end":{"line":29,"column":null}},"3":{"start":{"line":30,"column":10},"end":{"line":30,"column":null}},"4":{"start":{"line":31,"column":17},"end":{"line":31,"column":null}},"5":{"start":{"line":32,"column":20},"end":{"line":32,"column":null}},"6":{"start":{"line":33,"column":18},"end":{"line":33,"column":null}},"7":{"start":{"line":35,"column":4},"end":{"line":51,"column":null}},"8":{"start":{"line":37,"column":12},"end":{"line":46,"column":null}},"9":{"start":{"line":38,"column":16},"end":{"line":38,"column":null}},"10":{"start":{"line":39,"column":16},"end":{"line":39,"column":null}},"11":{"start":{"line":40,"column":36},"end":{"line":40,"column":null}},"12":{"start":{"line":41,"column":16},"end":{"line":41,"column":null}},"13":{"start":{"line":43,"column":16},"end":{"line":43,"column":null}},"14":{"start":{"line":45,"column":16},"end":{"line":45,"column":null}},"15":{"start":{"line":48,"column":8},"end":{"line":50,"column":null}},"16":{"start":{"line":49,"column":12},"end":{"line":49,"column":null}},"17":{"start":{"line":53,"column":4},"end":{"line":53,"column":null}}},"fnMap":{"0":{"name":"(anonymous_0)","decl":{"start":{"line":27,"column":6},"end":{"line":27,"column":29}},"loc":{"start":{"line":27,"column":29},"end":{"line":54,"column":null}},"line":27},"1":{"name":"(anonymous_1)","decl":{"start":{"line":35,"column":4},"end":{"line":35,"column":20}},"loc":{"start":{"line":35,"column":20},"end":{"line":51,"column":7}},"line":35},"2":{"name":"fetch","decl":{"start":{"line":36,"column":23},"end":{"line":36,"column":31}},"loc":{"start":{"line":36,"column":31},"end":{"line":47,"column":null}},"line":36}},"branchMap":{"0":{"loc":{"start":{"line":48,"column":8},"end":{"line":50,"column":null}},"type":"if","locations":[{"start":{"line":48,"column":8},"end":{"line":50,"column":null}},{"start":{},"end":{}}],"line":48},"1":{"loc":{"start":{"line":48,"column":12},"end":{"line":48,"column":27}},"type":"binary-expr","locations":[{"start":{"line":48,"column":12},"end":{"line":48,"column":20}},{"start":{"line":48,"column":20},"end":{"line":48,"column":27}}],"line":48},"2":{"loc":{"start":{"line":53,"column":101},"end":{"line":53,"column":125}},"type":"binary-expr","locations":[{"start":{"line":53,"column":101},"end":{"line":53,"column":119}},{"start":{"line":53,"column":119},"end":{"line":53,"column":125}}],"line":53}},"s":{"0":6,"1":150,"2":150,"3":150,"4":150,"5":150,"6":150,"7":150,"8":39,"9":39,"10":39,"11":39,"12":38,"13":1,"14":39,"15":89,"16":39,"17":150},"f":{"0":150,"1":89,"2":39},"b":{"0":[39,50],"1":[89,58],"2":[150,150]},"meta":{"lastBranch":3,"lastFunction":3,"lastStatement":18,"seen":{"s:27:6:54:Infinity":0,"f:27:6:27:29":0,"s:28:66:28:Infinity":1,"s:29:19:29:Infinity":2,"s:30:10:30:Infinity":3,"s:31:17:31:Infinity":4,"s:32:20:32:Infinity":5,"s:33:18:33:Infinity":6,"s:35:4:51:Infinity":7,"f:35:4:35:20":1,"f:36:23:36:31":2,"s:37:12:46:Infinity":8,"s:38:16:38:Infinity":9,"s:39:16:39:Infinity":10,"s:40:36:40:Infinity":11,"s:41:16:41:Infinity":12,"s:43:16:43:Infinity":13,"s:45:16:45:Infinity":14,"b:48:8:50:Infinity:undefined:undefined:undefined:undefined":0,"s:48:8:50:Infinity":15,"b:48:12:48:20:48:20:48:27":1,"s:49:12:49:Infinity":16,"s:53:4:53:Infinity":17,"b:53:101:53:119:53:119:53:125":2},"fnNames":{}}}
,"/home/runner/work/bwmon/bwmon/react/src/features/byuser/UseUsageByUserGraph.js": {"path":"/home/runner/work/bwmon/bwmon/react/src/features/byuser/UseUsageByUserGraph.js","statementMap":{"0":{"start":{"line":23,"column":6},"end":{"line":52,"column":null}},"1":{"start":{"line":24,"column":84},"end":{"line":24,"column":null}},"2":{"start":{"line":25,"column":20},"end":{"line":25,"column":null}},"3":{"start":{"line":26,"column":19},"end":{"line":26,"column":null}},"4":{"start":{"line":28,"column":4},"end":{"line":49,"column":null}},"5":{"start":{"line":29,"column":8},"end":{"line":48,"column":null}},"6":{"start":{"line":30,"column":12},"end":{"line":40,"column":null}},"7":{"start":{"line":38,"column":48},"end":{"line":38,"column":78}},"8":{"start":{"line":42,"column":12},"end":{"line":47,"column":null}},"9":{"start":{"line":45,"column":54},"end":{"line":45,"column":101}},"10":{"start":{"line":51,"column":4},"end":{"line":51,"column":null}}},"fnMap":{"0":{"name":"(anonymous_0)","decl":{"start":{"line":23,"column":6},"end":{"line":23,"column":34}},"loc":{"start":{"line":23,"column":34},"end":{"line":52,"column":null}},"line":23},"1":{"name":"(anonymous_1)","decl":{"start":{"line":28,"column":4},"end":{"line":28,"column":20}},"loc":{"start":{"line":28,"column":20},"end":{"line":49,"column":7}},"line":28},"2":{"name":"(anonymous_2)","decl":{"start":{"line":38,"column":43},"end":{"line":38,"column":48}},"loc":{"start":{"line":38,"column":48},"end":{"line":38,"column":78}},"line":38},"3":{"name":"(anonymous_3)","decl":{"start":{"line":45,"column":37},"end":{"line":45,"column":42}},"loc":{"start":{"line":45,"column":54},"end":{"line":45,"column":101}},"line":45}},"branchMap":{"0":{"loc":{"start":{"line":29,"column":8},"end":{"line":48,"column":null}},"type":"if","locations":[{"start":{"line":29,"column":8},"end":{"line":48,"column":null}},{"start":{},"end":{}}],"line":29}},"s":{"0":6,"1":71,"2":71,"3":71,"4":71,"5":25,"6":15,"7":209,"8":15,"9":209,"10":71},"f":{"0":71,"1":25,"2":209,"3":209},"b":{"0":[15,10]},"meta":{"lastBranch":1,"lastFunction":4,"lastStatement":11,"seen":{"s:23:6:52:Infinity":0,"f:23:6:23:34":0,"s:24:84:24:Infinity":1,"s:25:20:25:Infinity":2,"s:26:19:26:Infinity":3,"s:28:4:49:Infinity":4,"f:28:4:28:20":1,"b:29:8:48:Infinity:undefined:undefined:undefined:undefined":0,"s:29:8:48:Infinity":5,"s:30:12:40:Infinity":6,"f:38:43:38:48":2,"s:38:48:38:78":7,"s:42:12:47:Infinity":8,"f:45:37:45:42":3,"s:45:54:45:101":9,"s:51:4:51:Infinity":10},"fnNames":{}}}
,"/home/runner/work/bwmon/bwmon/react/src/features/byyear/UsageByYear.jsx": {"path":"/home/runner/work/bwmon/bwmon/react/src/features/byyear/UsageByYear.jsx","statementMap":{"0":{"start":{"line":26,"column":18},"end":{"line":33,"column":null}},"1":{"start":{"line":35,"column":23},"end":{"line":35,"column":null}},"2":{"start":{"line":37,"column":6},"end":{"line":97,"column":null}},"3":{"start":{"line":38,"column":27},"end":{"line":38,"column":null}},"4":{"start":{"line":39,"column":40},"end":{"line":39,"column":null}},"5":{"start":{"line":40,"column":46},"end":{"line":40,"column":null}},"6":{"start":{"line":42,"column":10},"end":{"line":42,"column":null}},"7":{"start":{"line":42,"column":49},"end":{"line":42,"column":null}},"8":{"start":{"line":44,"column":10},"end":{"line":47,"column":null}},"9":{"start":{"line":45,"column":8},"end":{"line":45,"column":null}},"10":{"start":{"line":46,"column":8},"end":{"line":46,"column":null}},"11":{"start":{"line":49,"column":10},"end":{"line":52,"column":null}},"12":{"start":{"line":50,"column":8},"end":{"line":50,"column":null}},"13":{"start":{"line":51,"column":8},"end":{"line":51,"column":null}},"14":{"start":{"line":54,"column":10},"end":{"line":54,"column":null}},"15":{"start":{"line":54,"column":38},"end":{"line":54,"column":95}},"16":{"start":{"line":56,"column":10},"end":{"line":59,"column":null}},"17":{"start":{"line":57,"column":14},"end":{"line":57,"column":null}},"18":{"start":{"line":61,"column":28},"end":{"line":71,"column":null}},"19":{"start":{"line":72,"column":24},"end":{"line":76,"column":null}},"20":{"start":{"line":77,"column":22},"end":{"line":77,"column":null}},"21":{"start":{"line":78,"column":10},"end":{"line":88,"column":null}},"22":{"start":{"line":79,"column":8},"end":{"line":88,"column":null}},"23":{"start":{"line":90,"column":4},"end":{"line":95,"column":null}}},"fnMap":{"0":{"name":"(anonymous_0)","decl":{"start":{"line":37,"column":6},"end":{"line":37,"column":26}},"loc":{"start":{"line":37,"column":26},"end":{"line":97,"column":null}},"line":37},"1":{"name":"(anonymous_1)","decl":{"start":{"line":42,"column":10},"end":{"line":42,"column":30}},"loc":{"start":{"line":42,"column":49},"end":{"line":42,"column":null}},"line":42},"2":{"name":"(anonymous_2)","decl":{"start":{"line":44,"column":10},"end":{"line":44,"column":37}},"loc":{"start":{"line":44,"column":47},"end":{"line":47,"column":null}},"line":44},"3":{"name":"(anonymous_3)","decl":{"start":{"line":49,"column":10},"end":{"line":49,"column":31}},"loc":{"start":{"line":49,"column":51},"end":{"line":52,"column":null}},"line":49},"4":{"name":"(anonymous_4)","decl":{"start":{"line":54,"column":23},"end":{"line":54,"column":38}},"loc":{"start":{"line":54,"column":38},"end":{"line":54,"column":95}},"line":54},"5":{"name":"(anonymous_5)","decl":{"start":{"line":56,"column":26},"end":{"line":56,"column":null}},"loc":{"start":{"line":57,"column":14},"end":{"line":57,"column":null}},"line":57},"6":{"name":"(anonymous_6)","decl":{"start":{"line":78,"column":10},"end":{"line":78,"column":null}},"loc":{"start":{"line":79,"column":8},"end":{"line":88,"column":null}},"line":79}},"branchMap":{"0":{"loc":{"start":{"line":54,"column":38},"end":{"line":54,"column":95}},"type":"cond-expr","locations":[{"start":{"line":54,"column":38},"end":{"line":54,"column":90}},{"start":{"line":54,"column":90},"end":{"line":54,"column":95}}],"line":54},"1":{"loc":{"start":{"line":65,"column":15},"end":{"line":65,"column":null}},"type":"cond-expr","locations":[{"start":{"line":65,"column":22},"end":{"line":65,"column":36}},{"start":{"line":65,"column":36},"end":{"line":65,"column":null}}],"line":65},"2":{"loc":{"start":{"line":79,"column":8},"end":{"line":88,"column":null}},"type":"cond-expr","locations":[{"start":{"line":80,"column":12},"end":{"line":88,"column":null}},{"start":{"line":88,"column":12},"end":{"line":88,"column":null}}],"line":79},"3":{"loc":{"start":{"line":93,"column":13},"end":{"line":93,"column":null}},"type":"binary-expr","locations":[{"start":{"line":93,"column":13},"end":{"line":93,"column":22}},{"start":{"line":93,"column":22},"end":{"line":93,"column":null}}],"line":93}},"s":{"0":6,"1":6,"2":6,"3":15,"4":15,"5":15,"6":15,"7":2,"8":15,"9":1,"10":1,"11":15,"12":2,"13":2,"14":15,"15":15,"16":15,"17":15,"18":15,"19":15,"20":15,"21":15,"22":15,"23":15},"f":{"0":15,"1":2,"2":1,"3":2,"4":15,"5":15,"6":15},"b":{"0":[13,2],"1":[13,2],"2":[13,2],"3":[15,1]},"meta":{"lastBranch":4,"lastFunction":7,"lastStatement":24,"seen":{"s:26:18:33:Infinity":0,"s:35:23:35:Infinity":1,"s:37:6:97:Infinity":2,"f:37:6:37:26":0,"s:38:27:38:Infinity":3,"s:39:40:39:Infinity":4,"s:40:46:40:Infinity":5,"s:42:10:42:Infinity":6,"f:42:10:42:30":1,"s:42:49:42:Infinity":7,"s:44:10:47:Infinity":8,"f:44:10:44:37":2,"s:45:8:45:Infinity":9,"s:46:8:46:Infinity":10,"s:49:10:52:Infinity":11,"f:49:10:49:31":3,"s:50:8:50:Infinity":12,"s:51:8:51:Infinity":13,"s:54:10:54:Infinity":14,"f:54:23:54:38":4,"s:54:38:54:95":15,"b:54:38:54:90:54:90:54:95":0,"s:56:10:59:Infinity":16,"f:56:26:56:Infinity":5,"s:57:14:57:Infinity":17,"s:61:28:71:Infinity":18,"b:65:22:65:36:65:36:65:Infinity":1,"s:72:24:76:Infinity":19,"s:77:22:77:Infinity":20,"s:78:10:88:Infinity":21,"f:78:10:78:Infinity":6,"s:79:8:88:Infinity":22,"b:80:12:88:Infinity:88:12:88:Infinity":2,"s:90:4:95:Infinity":23,"b:93:13:93:22:93:22:93:Infinity":3},"fnNames":{}}}
,"/home/runner/work/bwmon/bwmon/react/src/features/byyear/UsageByYearGraph.jsx": {"path":"/home/runner/work/bwmon/bwmon/react/src/features/byyear/UsageByYearGraph.jsx","statementMap":{"0":{"start":{"line":24,"column":6},"end":{"line":33,"column":null}},"1":{"start":{"line":25,"column":29},"end":{"line":25,"column":null}},"2":{"start":{"line":27,"column":4},"end":{"line":31,"column":null}}},"fnMap":{"0":{"name":"(anonymous_0)","decl":{"start":{"line":24,"column":6},"end":{"line":24,"column":31}},"loc":{"start":{"line":24,"column":31},"end":{"line":33,"column":null}},"line":24}},"branchMap":{},"s":{"0":6,"1":3,"2":3},"f":{"0":3},"b":{},"meta":{"lastBranch":0,"lastFunction":1,"lastStatement":3,"seen":{"s:24:6:33:Infinity":0,"f:24:6:24:31":0,"s:25:29:25:Infinity":1,"s:27:4:31:Infinity":2},"fnNames":{}}}
,"/home/runner/work/bwmon/bwmon/react/src/features/byyear/UseUsageByYear.js": {"path":"/home/runner/work/bwmon/bwmon/react/src/features/byyear/UseUsageByYear.js","statementMap":{"0":{"start":{"line":26,"column":6},"end":{"line":48,"column":null}},"1":{"start":{"line":27,"column":17},"end":{"line":27,"column":null}},"2":{"start":{"line":28,"column":20},"end":{"line":28,"column":null}},"3":{"start":{"line":29,"column":18},"end":{"line":29,"column":null}},"4":{"start":{"line":31,"column":4},"end":{"line":45,"column":null}},"5":{"start":{"line":33,"column":12},"end":{"line":42,"column":null}},"6":{"start":{"line":34,"column":16},"end":{"line":34,"column":null}},"7":{"start":{"line":35,"column":16},"end":{"line":35,"column":null}},"8":{"start":{"line":36,"column":36},"end":{"line":36,"column":null}},"9":{"start":{"line":37,"column":16},"end":{"line":37,"column":null}},"10":{"start":{"line":39,"column":16},"end":{"line":39,"column":null}},"11":{"start":{"line":41,"column":16},"end":{"line":41,"column":null}},"12":{"start":{"line":44,"column":8},"end":{"line":44,"column":null}},"13":{"start":{"line":47,"column":4},"end":{"line":47,"column":null}}},"fnMap":{"0":{"name":"(anonymous_0)","decl":{"start":{"line":26,"column":6},"end":{"line":26,"column":29}},"loc":{"start":{"line":26,"column":29},"end":{"line":48,"column":null}},"line":26},"1":{"name":"(anonymous_1)","decl":{"start":{"line":31,"column":4},"end":{"line":31,"column":20}},"loc":{"start":{"line":31,"column":20},"end":{"line":45,"column":7}},"line":31},"2":{"name":"fetch","decl":{"start":{"line":32,"column":23},"end":{"line":32,"column":31}},"loc":{"start":{"line":32,"column":31},"end":{"line":43,"column":null}},"line":32}},"branchMap":{},"s":{"0":6,"1":11,"2":11,"3":11,"4":11,"5":5,"6":5,"7":5,"8":5,"9":4,"10":1,"11":5,"12":5,"13":11},"f":{"0":11,"1":5,"2":5},"b":{},"meta":{"lastBranch":0,"lastFunction":3,"lastStatement":14,"seen":{"s:26:6:48:Infinity":0,"f:26:6:26:29":0,"s:27:17:27:Infinity":1,"s:28:20:28:Infinity":2,"s:29:18:29:Infinity":3,"s:31:4:45:Infinity":4,"f:31:4:31:20":1,"f:32:23:32:31":2,"s:33:12:42:Infinity":5,"s:34:16:34:Infinity":6,"s:35:16:35:Infinity":7,"s:36:36:36:Infinity":8,"s:37:16:37:Infinity":9,"s:39:16:39:Infinity":10,"s:41:16:41:Infinity":11,"s:44:8:44:Infinity":12,"s:47:4:47:Infinity":13},"fnNames":{}}}
,"/home/runner/work/bwmon/bwmon/react/src/features/byyear/UseUsageByYearGraph.js": {"path":"/home/runner/work/bwmon/bwmon/react/src/features/byyear/UseUsageByYearGraph.js","statementMap":{"0":{"start":{"line":23,"column":6},"end":{"line":52,"column":null}},"1":{"start":{"line":24,"column":18},"end":{"line":24,"column":null}},"2":{"start":{"line":25,"column":20},"end":{"line":25,"column":null}},"3":{"start":{"line":26,"column":19},"end":{"line":26,"column":null}},"4":{"start":{"line":28,"column":4},"end":{"line":49,"column":null}},"5":{"start":{"line":29,"column":8},"end":{"line":48,"column":null}},"6":{"start":{"line":30,"column":12},"end":{"line":40,"column":null}},"7":{"start":{"line":38,"column":54},"end":{"line":38,"column":64}},"8":{"start":{"line":42,"column":12},"end":{"line":47,"column":null}},"9":{"start":{"line":45,"column":48},"end":{"line":45,"column":88}},"10":{"start":{"line":51,"column":4},"end":{"line":51,"column":null}}},"fnMap":{"0":{"name":"(anonymous_0)","decl":{"start":{"line":23,"column":6},"end":{"line":23,"column":34}},"loc":{"start":{"line":23,"column":34},"end":{"line":52,"column":null}},"line":23},"1":{"name":"(anonymous_1)","decl":{"start":{"line":28,"column":4},"end":{"line":28,"column":20}},"loc":{"start":{"line":28,"column":20},"end":{"line":49,"column":7}},"line":28},"2":{"name":"(anonymous_2)","decl":{"start":{"line":38,"column":37},"end":{"line":38,"column":42}},"loc":{"start":{"line":38,"column":54},"end":{"line":38,"column":64}},"line":38},"3":{"name":"(anonymous_3)","decl":{"start":{"line":45,"column":31},"end":{"line":45,"column":36}},"loc":{"start":{"line":45,"column":48},"end":{"line":45,"column":88}},"line":45}},"branchMap":{"0":{"loc":{"start":{"line":29,"column":8},"end":{"line":48,"column":null}},"type":"if","locations":[{"start":{"line":29,"column":8},"end":{"line":48,"column":null}},{"start":{},"end":{}}],"line":29}},"s":{"0":6,"1":3,"2":3,"3":3,"4":3,"5":2,"6":1,"7":3,"8":1,"9":3,"10":3},"f":{"0":3,"1":2,"2":3,"3":3},"b":{"0":[1,1]},"meta":{"lastBranch":1,"lastFunction":4,"lastStatement":11,"seen":{"s:23:6:52:Infinity":0,"f:23:6:23:34":0,"s:24:18:24:Infinity":1,"s:25:20:25:Infinity":2,"s:26:19:26:Infinity":3,"s:28:4:49:Infinity":4,"f:28:4:28:20":1,"b:29:8:48:Infinity:undefined:undefined:undefined:undefined":0,"s:29:8:48:Infinity":5,"s:30:12:40:Infinity":6,"f:38:37:38:42":2,"s:38:54:38:64":7,"s:42:12:47:Infinity":8,"f:45:31:45:36":3,"s:45:48:45:88":9,"s:51:4:51:Infinity":10},"fnNames":{}}}
,"/home/runner/work/bwmon/bwmon/react/src/hooks/UsePagination.js": {"path":"/home/runner/work/bwmon/bwmon/react/src/hooks/UsePagination.js","statementMap":{"0":{"start":{"line":31,"column":6},"end":{"line":36,"column":null}},"1":{"start":{"line":32,"column":17},"end":{"line":32,"column":null}},"2":{"start":{"line":33,"column":24},"end":{"line":33,"column":null}},"3":{"start":{"line":35,"column":4},"end":{"line":35,"column":null}}},"fnMap":{"0":{"name":"(anonymous_0)","decl":{"start":{"line":31,"column":6},"end":{"line":31,"column":23}},"loc":{"start":{"line":31,"column":46},"end":{"line":36,"column":null}},"line":31}},"branchMap":{},"s":{"0":16,"1":17,"2":17,"3":17},"f":{"0":17},"b":{},"meta":{"lastBranch":0,"lastFunction":1,"lastStatement":4,"seen":{"s:31:6:36:Infinity":0,"f:31:6:31:23":0,"s:32:17:32:Infinity":1,"s:33:24:33:Infinity":2,"s:35:4:35:Infinity":3},"fnNames":{}}}
,"/home/runner/work/bwmon/bwmon/react/src/hooks/UseSort.js": {"path":"/home/runner/work/bwmon/bwmon/react/src/hooks/UseSort.js","statementMap":{"0":{"start":{"line":27,"column":6},"end":{"line":27,"column":null}},"1":{"start":{"line":27,"column":39},"end":{"line":27,"column":null}},"2":{"start":{"line":29,"column":6},"end":{"line":29,"column":null}},"3":{"start":{"line":29,"column":40},"end":{"line":29,"column":null}},"4":{"start":{"line":31,"column":6},"end":{"line":36,"column":null}},"5":{"start":{"line":32,"column":22},"end":{"line":32,"column":null}},"6":{"start":{"line":33,"column":20},"end":{"line":33,"column":null}},"7":{"start":{"line":35,"column":4},"end":{"line":35,"column":null}}},"fnMap":{"0":{"name":"(anonymous_0)","decl":{"start":{"line":27,"column":6},"end":{"line":27,"column":20}},"loc":{"start":{"line":27,"column":39},"end":{"line":27,"column":null}},"line":27},"1":{"name":"(anonymous_1)","decl":{"start":{"line":29,"column":6},"end":{"line":29,"column":21}},"loc":{"start":{"line":29,"column":40},"end":{"line":29,"column":null}},"line":29},"2":{"name":"(anonymous_2)","decl":{"start":{"line":31,"column":6},"end":{"line":31,"column":17}},"loc":{"start":{"line":31,"column":54},"end":{"line":36,"column":null}},"line":31}},"branchMap":{},"s":{"0":16,"1":17,"2":16,"3":5,"4":16,"5":22,"6":22,"7":22},"f":{"0":17,"1":5,"2":22},"b":{},"meta":{"lastBranch":0,"lastFunction":3,"lastStatement":8,"seen":{"s:27:6:27:Infinity":0,"f:27:6:27:20":0,"s:27:39:27:Infinity":1,"s:29:6:29:Infinity":2,"f:29:6:29:21":1,"s:29:40:29:Infinity":3,"s:31:6:36:Infinity":4,"f:31:6:31:17":2,"s:32:22:32:Infinity":5,"s:33:20:33:Infinity":6,"s:35:4:35:Infinity":7},"fnNames":{}}}
[...]
lumn":20},"end":{"line":98,"column":null}},{"start":{"line":99,"column":20},"end":{"line":99,"column":null}}],"line":96}},"s":{"0":17,"1":20,"2":5820,"3":12100,"4":13010,"5":336,"6":230,"7":46,"8":60,"9":27,"10":203,"11":17,"12":20,"13":5820,"14":5820,"15":12100,"16":12100,"17":13010,"18":13010,"19":336,"20":336,"21":10,"22":10,"23":10,"24":336,"25":230,"26":230,"27":230,"28":230,"29":4063,"30":4063,"31":4063,"32":230,"33":230,"34":46,"35":46,"36":11546,"37":60,"38":60,"39":15060,"40":5313,"41":27,"42":27,"43":27,"44":6777,"45":27,"46":203,"47":203,"48":203,"49":50953,"50":203,"51":6,"52":99,"53":99,"54":203,"55":203,"56":1930,"57":203,"58":17,"59":43,"60":42,"61":45,"62":18,"63":3,"64":43,"65":42,"66":42,"67":410,"68":45,"69":18,"70":18,"71":18,"72":158,"73":158,"74":18,"75":158,"76":18,"77":3,"78":3,"79":9,"80":9,"81":17},"f":{"0":17,"1":20,"2":5820,"3":12100,"4":13010,"5":336,"6":230,"7":4063,"8":46,"9":11546,"10":60,"11":15060,"12":5313,"13":27,"14":6777,"15":203,"16":50953,"17":99,"18":1930,"19":43,"20":42,"21":410,"22":45,"23":18,"24":158,"25":158,"26":3,"27":9},"b":{"0":[20,5800],"1":[5820,6280],"2":[12100,910],"3":[10,326],"4":[336,326],"5":[50953,17480],"6":[6,197],"7":[99,91,88]},"meta":{"lastBranch":8,"lastFunction":28,"lastStatement":82,"seen":{"s:24:20:24:Infinity":0,"s:31:4:31:Infinity":1,"s:33:4:36:Infinity":2,"s:38:4:41:Infinity":3,"s:43:4:46:Infinity":4,"s:48:11:56:Infinity":5,"s:58:4:70:Infinity":6,"s:72:15:75:Infinity":7,"s:77:16:80:Infinity":8,"s:82:21:87:Infinity":9,"s:89:21:109:Infinity":10,"f:27:4:27:18":0,"s:28:8:28:Infinity":11,"f:31:4:31:17":1,"s:31:26:31:Infinity":12,"f:33:4:33:17":2,"s:34:23:34:Infinity":13,"s:35:8:35:Infinity":14,"b:35:30:35:53:35:53:35:Infinity":0,"f:38:4:38:20":3,"s:39:23:39:Infinity":15,"s:40:8:40:Infinity":16,"b:40:30:40:53:40:53:40:Infinity":1,"f:43:4:43:15":4,"s:44:23:44:Infinity":17,"s:45:8:45:Infinity":18,"b:45:30:45:56:45:56:45:Infinity":2,"f:48:11:48:23":5,"s:49:24:49:Infinity":19,"b:50:8:54:Infinity:undefined:undefined:undefined:undefined":3,"s:50:8:54:Infinity":20,"b:50:12:50:28:50:28:50:89":4,"s:51:25:51:Infinity":21,"s:52:12:52:Infinity":22,"s:53:12:53:Infinity":23,"s:55:8:55:Infinity":24,"f:58:4:58:11":6,"s:59:23:59:Infinity":25,"s:60:21:60:Infinity":26,"s:61:20:61:Infinity":27,"s:63:8:67:Infinity":28,"f:63:16:63:25":7,"s:64:12:64:Infinity":29,"s:65:12:65:Infinity":30,"s:66:12:66:Infinity":31,"s:68:24:68:Infinity":32,"s:69:8:69:Infinity":33,"f:72:15:72:27":8,"s:73:23:73:Infinity":34,"s:74:8:74:Infinity":35,"f:74:34:74:39":9,"s:74:51:74:63":36,"f:77:16:77:23":10,"s:78:23:78:Infinity":37,"s:79:8:79:Infinity":38,"f:79:34:79:42":11,"s:79:54:79:75":39,"f:79:77:79:82":12,"s:79:94:79:107":40,"f:82:21:82:28":13,"s:83:23:83:Infinity":41,"s:84:21:84:Infinity":42,"s:85:22:85:Infinity":43,"f:85:29:85:37":14,"s:85:49:85:70":44,"s:86:8:86:Infinity":45,"f:89:21:89:28":15,"s:90:23:90:Infinity":46,"s:91:21:91:Infinity":47,"s:92:20:92:Infinity":48,"f:92:27:92:35":16,"s:92:47:92:95":49,"b:92:47:92:72:92:72:92:95":5,"b:93:8:102:Infinity:undefined:undefined:undefined:undefined":6,"s:93:8:102:Infinity":50,"s:94:12:101:Infinity":51,"f:94:26:94:34":17,"s:95:38:95:Infinity":52,"s:96:16:99:Infinity":53,"b:96:16:97:Infinity:98:20:98:Infinity:99:20:99:Infinity":7,"s:103:22:103:Infinity":54,"s:104:33:107:Infinity":55,"f:104:39:104:44":18,"s:104:55:107:10":56,"s:108:8:108:Infinity":57,"s:112:14:112:Infinity":58,"s:115:15:115:Infinity":59,"s:117:16:120:Infinity":60,"s:122:21:123:Infinity":61,"s:125:22:139:Infinity":62,"s:141:21:149:Infinity":63,"f:115:15:115:27":19,"s:115:27:115:Infinity":64,"f:117:16:117:23":20,"s:118:23:118:Infinity":65,"s:119:8:119:Infinity":66,"f:119:22:119:27":21,"s:119:37:119:81":67,"f:122:21:122:28":22,"s:123:8:123:Infinity":68,"f:125:22:125:29":23,"s:126:23:126:Infinity":69,"s:127:22:127:Infinity":70,"s:128:20:133:Infinity":71,"f:129:23:129:30":24,"s:130:31:130:Infinity":72,"s:131:16:131:Infinity":73,"s:134:33:137:Infinity":74,"f:134:39:134:44":25,"s:134:55:137:10":75,"s:138:8:138:Infinity":76,"f:141:21:141:33":26,"s:142:22:142:Infinity":77,"s:143:8:148:Infinity":78,"f:144:22:144:29":27,"s:145:31:145:Infinity":79,"s:146:16:146:Infinity":80,"s:152:12:152:Infinity":81},"fnNames":{}}}
,"/home/runner/work/bwmon/bwmon/react/src/services/Data.js": {"path":"/home/runner/work/bwmon/bwmon/react/src/services/Data.js","statementMap":{"0":{"start":{"line":23,"column":8},"end":{"line":23,"column":null}},"1":{"start":{"line":24,"column":8},"end":{"line":24,"column":null}},"2":{"start":{"line":25,"column":8},"end":{"line":25,"column":null}},"3":{"start":{"line":26,"column":8},"end":{"line":26,"column":null}},"4":{"start":{"line":27,"column":8},"end":{"line":27,"column":null}},"5":{"start":{"line":28,"column":8},"end":{"line":28,"column":null}},"6":{"start":{"line":29,"column":8},"end":{"line":29,"column":null}},"7":{"start":{"line":30,"column":8},"end":{"line":30,"column":null}},"8":{"start":{"line":31,"column":8},"end":{"line":31,"column":null}},"9":{"start":{"line":32,"column":8},"end":{"line":32,"column":null}},"10":{"start":{"line":33,"column":8},"end":{"line":33,"column":null}},"11":{"start":{"line":34,"column":8},"end":{"line":34,"column":null}},"12":{"start":{"line":35,"column":8},"end":{"line":35,"column":null}}},"fnMap":{"0":{"name":"constructor","decl":{"start":{"line":22,"column":4},"end":{"line":22,"column":16}},"loc":{"start":{"line":22,"column":64},"end":{"line":36,"column":null}},"line":22}},"branchMap":{},"s":{"0":2514,"1":2514,"2":2514,"3":2514,"4":2514,"5":2514,"6":2514,"7":2514,"8":2514,"9":2514,"10":2514,"11":2514,"12":2514},"f":{"0":2514},"b":{},"meta":{"lastBranch":0,"lastFunction":1,"lastStatement":13,"seen":{"f:22:4:22:16":0,"s:23:8:23:Infinity":0,"s:24:8:24:Infinity":1,"s:25:8:25:Infinity":2,"s:26:8:26:Infinity":3,"s:27:8:27:Infinity":4,"s:28:8:28:Infinity":5,"s:29:8:29:Infinity":6,"s:30:8:30:Infinity":7,"s:31:8:31:Infinity":8,"s:32:8:32:Infinity":9,"s:33:8:33:Infinity":10,"s:34:8:34:Infinity":11,"s:35:8:35:Infinity":12},"fnNames":{}}}
,"/home/runner/work/bwmon/bwmon/react/src/services/Usage.js": {"path":"/home/runner/work/bwmon/bwmon/react/src/services/Usage.js","statementMap":{"0":{"start":{"line":21,"column":6},"end":{"line":42,"column":null}},"1":{"start":{"line":22,"column":4},"end":{"line":42,"column":null}},"2":{"start":{"line":26,"column":29},"end":{"line":26,"column":null}},"3":{"start":{"line":27,"column":12},"end":{"line":29,"column":null}},"4":{"start":{"line":28,"column":16},"end":{"line":28,"column":null}},"5":{"start":{"line":30,"column":12},"end":{"line":40,"column":null}},"6":{"start":{"line":42,"column":26},"end":{"line":42,"column":39}},"7":{"start":{"line":45,"column":14},"end":{"line":53,"column":null}},"8":{"start":{"line":46,"column":25},"end":{"line":46,"column":null}},"9":{"start":{"line":47,"column":25},"end":{"line":47,"column":null}},"10":{"start":{"line":48,"column":8},"end":{"line":50,"column":null}},"11":{"start":{"line":49,"column":12},"end":{"line":49,"column":null}},"12":{"start":{"line":51,"column":23},"end":{"line":51,"column":null}},"13":{"start":{"line":52,"column":8},"end":{"line":52,"column":null}},"14":{"start":{"line":56,"column":14},"end":{"line":56,"column":null}}},"fnMap":{"0":{"name":"(anonymous_0)","decl":{"start":{"line":21,"column":6},"end":{"line":21,"column":17}},"loc":{"start":{"line":22,"column":4},"end":{"line":42,"column":null}},"line":22},"1":{"name":"(anonymous_1)","decl":{"start":{"line":25,"column":9},"end":{"line":25,"column":14}},"loc":{"start":{"line":25,"column":30},"end":{"line":41,"column":9}},"line":25},"2":{"name":"(anonymous_2)","decl":{"start":{"line":42,"column":9},"end":{"line":42,"column":17}},"loc":{"start":{"line":42,"column":26},"end":{"line":42,"column":39}},"line":42},"3":{"name":"(anonymous_3)","decl":{"start":{"line":45,"column":14},"end":{"line":45,"column":21}},"loc":{"start":{"line":45,"column":34},"end":{"line":53,"column":null}},"line":45}},"branchMap":{"0":{"loc":{"start":{"line":27,"column":12},"end":{"line":29,"column":null}},"type":"if","locations":[{"start":{"line":27,"column":12},"end":{"line":29,"column":null}},{"start":{},"end":{}}],"line":27},"1":{"loc":{"start":{"line":48,"column":8},"end":{"line":50,"column":null}},"type":"if","locations":[{"start":{"line":48,"column":8},"end":{"line":50,"column":null}},{"start":{},"end":{}}],"line":48}},"s":{"0":8,"1":1,"2":7,"3":7,"4":4,"5":3,"6":7,"7":2,"8":2,"9":2,"10":2,"11":1,"12":1,"13":1,"14":8},"f":{"0":1,"1":7,"2":7,"3":2},"b":{"0":[4,3],"1":[1,1]},"meta":{"lastBranch":2,"lastFunction":4,"lastStatement":15,"seen":{"s:21:6:42:Infinity":0,"f:21:6:21:17":0,"s:22:4:42:Infinity":1,"f:25:9:25:14":1,"s:26:29:26:Infinity":2,"b:27:12:29:Infinity:undefined:undefined:undefined:undefined":0,"s:27:12:29:Infinity":3,"s:28:16:28:Infinity":4,"s:30:12:40:Infinity":5,"f:42:9:42:17":2,"s:42:26:42:39":6,"s:45:14:53:Infinity":7,"f:45:14:45:21":3,"s:46:25:46:Infinity":8,"s:47:25:47:Infinity":9,"b:48:8:50:Infinity:undefined:undefined:undefined:undefined":1,"s:48:8:50:Infinity":10,"s:49:12:49:Infinity":11,"s:51:23:51:Infinity":12,"s:52:8:52:Infinity":13,"s:56:14:56:Infinity":14},"fnNames":{}}}
,"/home/runner/work/bwmon/bwmon/react/src/utils/ConversionUtils.js": {"path":"/home/runner/work/bwmon/bwmon/react/src/utils/ConversionUtils.js","statementMap":{"0":{"start":{"line":21,"column":13},"end":{"line":21,"column":null}},"1":{"start":{"line":21,"column":36},"end":{"line":21,"column":null}},"2":{"start":{"line":22,"column":13},"end":{"line":22,"column":null}},"3":{"start":{"line":22,"column":34},"end":{"line":22,"column":null}},"4":{"start":{"line":23,"column":13},"end":{"line":23,"column":null}},"5":{"start":{"line":23,"column":30},"end":{"line":23,"column":null}},"6":{"start":{"line":24,"column":13},"end":{"line":24,"column":null}},"7":{"start":{"line":24,"column":36},"end":{"line":24,"column":null}},"8":{"start":{"line":25,"column":13},"end":{"line":25,"column":null}},"9":{"start":{"line":25,"column":23},"end":{"line":25,"column":null}},"10":{"start":{"line":26,"column":13},"end":{"line":26,"column":null}},"11":{"start":{"line":26,"column":35},"end":{"line":26,"column":null}},"12":{"start":{"line":26,"column":67},"end":{"line":26,"column":113}}},"fnMap":{"0":{"name":"(anonymous_0)","decl":{"start":{"line":21,"column":13},"end":{"line":21,"column":27}},"loc":{"start":{"line":21,"column":36},"end":{"line":21,"column":null}},"line":21},"1":{"name":"(anonymous_1)","decl":{"start":{"line":22,"column":13},"end":{"line":22,"column":24}},"loc":{"start":{"line":22,"column":34},"end":{"line":22,"column":null}},"line":22},"2":{"name":"(anonymous_2)","decl":{"start":{"line":23,"column":13},"end":{"line":23,"column":30}},"loc":{"start":{"line":23,"column":30},"end":{"line":23,"column":null}},"line":23},"3":{"name":"(anonymous_3)","decl":{"start":{"line":24,"column":13},"end":{"line":24,"column":26}},"loc":{"start":{"line":24,"column":36},"end":{"line":24,"column":null}},"line":24},"4":{"name":"(anonymous_4)","decl":{"start":{"line":25,"column":13},"end":{"line":25,"column":23}},"loc":{"start":{"line":25,"column":23},"end":{"line":25,"column":null}},"line":25},"5":{"name":"(anonymous_5)","decl":{"start":{"line":26,"column":13},"end":{"line":26,"column":25}},"loc":{"start":{"line":26,"column":35},"end":{"line":26,"column":null}},"line":26},"6":{"name":"(anonymous_6)","decl":{"start":{"line":26,"column":52},"end":{"line":26,"column":60}},"loc":{"start":{"line":26,"column":67},"end":{"line":26,"column":113}},"line":26}},"branchMap":{},"s":{"0":20,"1":809,"2":20,"3":72,"4":20,"5":2911,"6":20,"7":421,"8":20,"9":713,"10":20,"11":2566,"12":10264},"f":{"0":809,"1":72,"2":2911,"3":421,"4":713,"5":2566,"6":10264},"b":{},"meta":{"lastBranch":0,"lastFunction":7,"lastStatement":13,"seen":{"s:21:13:21:Infinity":0,"f:21:13:21:27":0,"s:21:36:21:Infinity":1,"s:22:13:22:Infinity":2,"f:22:13:22:24":1,"s:22:34:22:Infinity":3,"s:23:13:23:Infinity":4,"f:23:13:23:30":2,"s:23:30:23:Infinity":5,"s:24:13:24:Infinity":6,"f:24:13:24:26":3,"s:24:36:24:Infinity":7,"s:25:13:25:Infinity":8,"f:25:13:25:23":4,"s:25:23:25:Infinity":9,"s:26:13:26:Infinity":10,"f:26:13:26:25":5,"s:26:35:26:Infinity":11,"f:26:52:26:60":6,"s:26:67:26:113":12},"fnNames":{}}}
,"/home/runner/work/bwmon/bwmon/react/src/utils/SortUtils.js": {"path":"/home/runner/work/bwmon/bwmon/react/src/utils/SortUtils.js","statementMap":{"0":{"start":{"line":19,"column":6},"end":{"line":19,"column":null}},"1":{"start":{"line":19,"column":55},"end":{"line":19,"column":null}},"2":{"start":{"line":21,"column":6},"end":{"line":38,"column":null}},"3":{"start":{"line":22,"column":10},"end":{"line":23,"column":null}},"4":{"start":{"line":23,"column":8},"end":{"line":23,"column":null}},"5":{"start":{"line":25,"column":10},"end":{"line":30,"column":null}},"6":{"start":{"line":26,"column":8},"end":{"line":26,"column":null}},"7":{"start":{"line":26,"column":62},"end":{"line":26,"column":null}},"8":{"start":{"line":27,"column":8},"end":{"line":27,"column":null}},"9":{"start":{"line":27,"column":37},"end":{"line":27,"column":null}},"10":{"start":{"line":28,"column":8},"end":{"line":28,"column":null}},"11":{"start":{"line":28,"column":37},"end":{"line":28,"column":null}},"12":{"start":{"line":29,"column":8},"end":{"line":29,"column":null}},"13":{"start":{"line":31,"column":10},"end":{"line":36,"column":null}},"14":{"start":{"line":32,"column":8},"end":{"line":32,"column":null}},"15":{"start":{"line":32,"column":62},"end":{"line":32,"column":null}},"16":{"start":{"line":33,"column":8},"end":{"line":33,"column":null}},"17":{"start":{"line":33,"column":37},"end":{"line":33,"column":null}},"18":{"start":{"line":34,"column":8},"end":{"line":34,"column":null}},"19":{"start":{"line":34,"column":37},"end":{"line":34,"column":null}},"20":{"start":{"line":35,"column":8},"end":{"line":35,"column":null}},"21":{"start":{"line":37,"column":4},"end":{"line":37,"column":null}},"22":{"start":{"line":37,"column":35},"end":{"line":37,"column":63}},"23":{"start":{"line":37,"column":72},"end":{"line":37,"column":null}},"24":{"start":{"line":40,"column":6},"end":{"line":40,"column":null}},"25":{"start":{"line":40,"column":37},"end":{"line":40,"column":null}}},"fnMap":{"0":{"name":"(anonymous_0)","decl":{"start":{"line":19,"column":6},"end":{"line":19,"column":21}},"loc":{"start":{"line":19,"column":55},"end":{"line":19,"column":null}},"line":19},"1":{"name":"(anonymous_1)","decl":{"start":{"line":21,"column":6},"end":{"line":21,"column":20}},"loc":{"start":{"line":21,"column":45},"end":{"line":38,"column":null}},"line":21},"2":{"name":"(anonymous_2)","decl":{"start":{"line":22,"column":10},"end":{"line":22,"column":23}},"loc":{"start":{"line":23,"column":8},"end":{"line":23,"column":null}},"line":23},"3":{"name":"(anonymous_3)","decl":{"start":{"line":25,"column":10},"end":{"line":25,"column":23}},"loc":{"start":{"line":25,"column":41},"end":{"line":30,"column":null}},"line":25},"4":{"name":"(anonymous_4)","decl":{"start":{"line":31,"column":10},"end":{"line":31,"column":24}},"loc":{"start":{"line":31,"column":42},"end":{"line":36,"column":null}},"line":31},"5":{"name":"(anonymous_5)","decl":{"start":{"line":37,"column":11},"end":{"line":37,"column":26}},"loc":{"start":{"line":37,"column":35},"end":{"line":37,"column":63}},"line":37},"6":{"name":"(anonymous_6)","decl":{"start":{"line":37,"column":58},"end":{"line":37,"column":63}},"loc":{"start":{"line":37,"column":72},"end":{"line":37,"column":null}},"line":37},"7":{"name":"(anonymous_7)","decl":{"start":{"line":40,"column":6},"end":{"line":40,"column":14}},"loc":{"start":{"line":40,"column":37},"end":{"line":40,"column":null}},"line":40}},"branchMap":{"0":{"loc":{"start":{"line":19,"column":55},"end":{"line":19,"column":null}},"type":"cond-expr","locations":[{"start":{"line":19,"column":78},"end":{"line":19,"column":91}},{"start":{"line":19,"column":91},"end":{"line":19,"column":null}}],"line":19},"1":{"loc":{"start":{"line":23,"column":8},"end":{"line":23,"column":null}},"type":"binary-expr","locations":[{"start":{"line":23,"column":8},"end":{"line":23,"column":35}},{"start":{"line":23,"column":35},"end":{"line":23,"column":67}},{"start":{"line":23,"column":67},"end":{"line":23,"column":null}}],"line":23},"2":{"loc":{"start":{"line":26,"column":8},"end":{"line":26,"column":null}},"type":"if","locations":[{"start":{"line":26,"column":8},"end":{"line":26,"column":null}},{"start":{},"end":{}}],"line":26},"3":{"loc":{"start":{"line":26,"column":12},"end":{"line":26,"column":62}},"type":"binary-expr","locations":[{"start":{"line":26,"column":12},"end":{"line":26,"column":38}},{"start":{"line":26,"column":38},"end":{"line":26,"column":62}}],"line":26},"4":{"loc":{"start":{"line":27,"column":8},"end":{"line":27,"column":null}},"type":"if","locations":[{"start":{"line":27,"column":8},"end":{"line":27,"column":null}},{"start":{},"end":{}}],"line":27},"5":{"loc":{"start":{"line":28,"column":8},"end":{"line":28,"column":null}},"type":"if","locations":[{"start":{"line":28,"column":8},"end":{"line":28,"column":null}},{"start":{},"end":{}}],"line":28},"6":{"loc":{"start":{"line":32,"column":8},"end":{"line":32,"column":null}},"type":"if","locations":[{"start":{"line":32,"column":8},"end":{"line":32,"column":null}},{"start":{},"end":{}}],"line":32},"7":{"loc":{"start":{"line":32,"column":12},"end":{"line":32,"column":62}},"type":"binary-expr","locations":[{"start":{"line":32,"column":12},"end":{"line":32,"column":38}},{"start":{"line":32,"column":38},"end":{"line":32,"column":62}}],"line":32},"8":{"loc":{"start":{"line":33,"column":8},"end":{"line":33,"column":null}},"type":"if","locations":[{"start":{"line":33,"column":8},"end":{"line":33,"column":null}},{"start":{},"end":{}}],"line":33},"9":{"loc":{"start":{"line":34,"column":8},"end":{"line":34,"column":null}},"type":"if","locations":[{"start":{"line":34,"column":8},"end":{"line":34,"column":null}},{"start":{},"end":{}}],"line":34},"10":{"loc":{"start":{"line":37,"column":11},"end":{"line":37,"column":null}},"type":"cond-expr","locations":[{"start":{"line":37,"column":11},"end":{"line":37,"column":63}},{"start":{"line":37,"column":58},"end":{"line":37,"column":null}}],"line":37}},"s":{"0":20,"1":16,"2":20,"3":69,"4":1971,"5":69,"6":949,"7":13,"8":936,"9":8,"10":928,"11":921,"12":7,"13":69,"14":43,"15":2,"16":41,"17":35,"18":6,"19":3,"20":3,"21":69,"22":949,"23":43,"24":20,"25":50},"f":{"0":16,"1":69,"2":1971,"3":949,"4":43,"5":949,"6":43,"7":50},"b":{"0":[7,9],"1":[1971,1969,1966],"2":[13,936],"3":[949,938],"4":[8,928],"5":[921,7],"6":[2,41],"7":[43,41],"8":[35,6],"9":[3,3],"10":[949,43]},"meta":{"lastBranch":11,"lastFunction":8,"lastStatement":26,"seen":{"s:19:6:19:Infinity":0,"f:19:6:19:21":0,"s:19:55:19:Infinity":1,"b:19:78:19:91:19:91:19:Infinity":0,"s:21:6:38:Infinity":2,"f:21:6:21:20":1,"s:22:10:23:Infinity":3,"f:22:10:22:23":2,"s:23:8:23:Infinity":4,"b:23:8:23:35:23:35:23:67:23:67:23:Infinity":1,"s:25:10:30:Infinity":5,"f:25:10:25:23":3,"b:26:8:26:Infinity:undefined:undefined:undefined:undefined":2,"s:26:8:26:Infinity":6,"b:26:12:26:38:26:38:26:62":3,"s:26:62:26:Infinity":7,"b:27:8:27:Infinity:undefined:undefined:undefined:undefined":4,"s:27:8:27:Infinity":8,"s:27:37:27:Infinity":9,"b:28:8:28:Infinity:undefined:undefined:undefined:undefined":5,"s:28:8:28:Infinity":10,"s:28:37:28:Infinity":11,"s:29:8:29:Infinity":12,"s:31:10:36:Infinity":13,"f:31:10:31:24":4,"b:32:8:32:Infinity:undefined:undefined:undefined:undefined":6,"s:32:8:32:Infinity":14,"b:32:12:32:38:32:38:32:62":7,"s:32:62:32:Infinity":15,"b:33:8:33:Infinity:undefined:undefined:undefined:undefined":8,"s:33:8:33:Infinity":16,"s:33:37:33:Infinity":17,"b:34:8:34:Infinity:undefined:undefined:undefined:undefined":9,"s:34:8:34:Infinity":18,"s:34:37:34:Infinity":19,"s:35:8:35:Infinity":20,"s:37:4:37:Infinity":21,"b:37:11:37:63:37:58:37:Infinity":10,"f:37:11:37:26":5,"s:37:35:37:63":22,"f:37:58:37:63":6,"s:37:72:37:Infinity":23,"s:40:6:40:Infinity":24,"f:40:6:40:14":7,"s:40:37:40:Infinity":25},"fnNames":{}}}
}
