{"/home/runner/work/bwmon/bwmon/react/src/App.jsx": {"path":"/home/runner/work/bwmon/bwmon/react/src/App.jsx","statementMap":{"0":{"start":{"line":34,"column":23},"end":{"line":34,"column":83}},"1":{"start":{"line":36,"column":16},"end":{"line":36,"column":71}},"2":{"start":{"line":37,"column":19},"end":{"line":37,"column":47}},"3":{"start":{"line":38,"column":16},"end":{"line":38,"column":84}},"4":{"start":{"line":40,"column":12},"end":{"line":54,"column":1}},"5":{"start":{"line":41,"column":4},"end":{"line":53,"column":6}},"6":{"start":{"line":56,"column":0},"end":{"line":56,"column":101}}},"fnMap":{"0":{"name":"(anonymous_0)","decl":{"start":{"line":40,"column":12},"end":{"line":40,"column":13}},"loc":{"start":{"line":40,"column":81},"end":{"line":54,"column":1}},"line":40}},"branchMap":{"0":{"loc":{"start":{"line":36,"column":16},"end":{"line":36,"column":71}},"type":"binary-expr","locations":[{"start":{"line":36,"column":16},"end":{"line":36,"column":48}},{"start":{"line":36,"column":52},"end":{"line":36,"column":71}}],"line":36},"1":{"loc":{"start":{"line":40,"column":15},"end":{"line":40,"column":29}},"type":"default-arg","locations":[{"start":{"line":40,"column":22},"end":{"line":40,"column":29}}],"line":40},"2":{"loc":{"start":{"line":40,"column":31},"end":{"line":40,"column":51}},"type":"default-arg","locations":[{"start":{"line":40,"column":41},"end":{"line":40,"column":51}}],"line":40},"3":{"loc":{"start":{"line":40,"column":53},"end":{"line":40,"column":74}},"type":"default-arg","locations":[{"start":{"line":40,"column":67},"end":{"line":40,"column":74}}],"line":40}},"s":{"0":1,"1":1,"2":1,"3":1,"4":1,"5":2,"6":1},"f":{"0":2},"b":{"0":[1,1],"1":[1],"2":[1],"3":[1]},"_coverageSchema":"1a1c01bbd47fc00a2c39e90264f33305004495a9","hash":"c95fc17b657dfb488a599f62700ebf52b82f2cbd"}
,"/home/runner/work/bwmon/bwmon/react/src/theme.js": {"path":"/home/runner/work/bwmon/bwmon/react/src/theme.js","statementMap":{"0":{"start":{"line":21,"column":14},"end":{"line":39,"column":2}}},"fnMap":{},"branchMap":{},"s":{"0":1},"f":{},"b":{},"_coverageSchema":"1a1c01bbd47fc00a2c39e90264f33305004495a9","hash":"949fb7d2ed7361baac819afdfd0779926fe00715"}
,"/home/runner/work/bwmon/bwmon/react/src/components/graph/Graph.jsx": {"path":"/home/runner/work/bwmon/bwmon/react/src/components/graph/Graph.jsx","statementMap":{"0":{"start":{"line":23,"column":14},"end":{"line":23,"column":58}},"1":{"start":{"line":23,"column":31},"end":{"line":23,"column":57}},"2":{"start":{"line":25,"column":14},"end":{"line":31,"column":1}},"3":{"start":{"line":26,"column":4},"end":{"line":30,"column":6}},"4":{"start":{"line":33,"column":0},"end":{"line":33,"column":95}}},"fnMap":{"0":{"name":"(anonymous_0)","decl":{"start":{"line":23,"column":25},"end":{"line":23,"column":26}},"loc":{"start":{"line":23,"column":31},"end":{"line":23,"column":57}},"line":23},"1":{"name":"(anonymous_1)","decl":{"start":{"line":25,"column":14},"end":{"line":25,"column":15}},"loc":{"start":{"line":25,"column":39},"end":{"line":31,"column":1}},"line":25}},"branchMap":{},"s":{"0":3,"1":1,"2":3,"3":1,"4":3},"f":{"0":1,"1":1},"b":{},"_coverageSchema":"1a1c01bbd47fc00a2c39e90264f33305004495a9","hash":"5cfc451cb1cb0c06e0f30fda9c16db40360c0ccd"}
,"/home/runner/work/bwmon/bwmon/react/src/components/inputs/DropDown.jsx": {"path":"/home/runner/work/bwmon/bwmon/react/src/components/inputs/DropDown.jsx","statementMap":{"0":{"start":{"line":23,"column":17},"end":{"line":33,"column":1}},"1":{"start":{"line":24,"column":4},"end":{"line":32,"column":13}},"2":{"start":{"line":27,"column":16},"end":{"line":29,"column":27}},"3":{"start":{"line":35,"column":0},"end":{"line":35,"column":70}}},"fnMap":{"0":{"name":"(anonymous_0)","decl":{"start":{"line":23,"column":17},"end":{"line":23,"column":18}},"loc":{"start":{"line":23,"column":42},"end":{"line":33,"column":1}},"line":23},"1":{"name":"(anonymous_1)","decl":{"start":{"line":26,"column":23},"end":{"line":26,"column":24}},"loc":{"start":{"line":27,"column":16},"end":{"line":29,"column":27}},"line":27}},"branchMap":{"0":{"loc":{"start":{"line":24,"column":11},"end":{"line":32,"column":12}},"type":"cond-expr","locations":[{"start":{"line":25,"column":8},"end":{"line":31,"column":17}},{"start":{"line":32,"column":8},"end":{"line":32,"column":12}}],"line":24},"1":{"loc":{"start":{"line":24,"column":11},"end":{"line":24,"column":31}},"type":"binary-expr","locations":[{"start":{"line":24,"column":11},"end":{"line":24,"column":16}},{"start":{"line":24,"column":20},"end":{"line":24,"column":31}}],"line":24}},"s":{"0":7,"1":94,"2":275,"3":7},"f":{"0":94,"1":275},"b":{"0":[81,13],"1":[94,82]},"_coverageSchema":"1a1c01bbd47fc00a2c39e90264f33305004495a9","hash":"16156be42aa0e24db2de4a01eb8d8256d211827a"}
,"/home/runner/work/bwmon/bwmon/react/src/components/inputs/Search.jsx": {"path":"/home/runner/work/bwmon/bwmon/react/src/components/inputs/Search.jsx","statementMap":{"0":{"start":{"line":23,"column":15},"end":{"line":39,"column":1}},"1":{"start":{"line":24,"column":4},"end":{"line":38,"column":6}}},"fnMap":{"0":{"name":"(anonymous_0)","decl":{"start":{"line":23,"column":15},"end":{"line":23,"column":16}},"loc":{"start":{"line":23,"column":33},"end":{"line":39,"column":1}},"line":23}},"branchMap":{},"s":{"0":5,"1":10},"f":{"0":10},"b":{},"_coverageSchema":"1a1c01bbd47fc00a2c39e90264f33305004495a9","hash":"9a814d52d054f9ba4f6ac5e58a702f5e3e694964"}
,"/home/runner/work/bwmon/bwmon/react/src/components/loading/Loading.jsx": {"path":"/home/runner/work/bwmon/bwmon/react/src/components/loading/Loading.jsx","statementMap":{"0":{"start":{"line":24,"column":16},"end":{"line":24,"column":40}},"1":{"start":{"line":26,"column":16},"end":{"line":33,"column":1}},"2":{"start":{"line":27,"column":4},"end":{"line":32,"column":13}},"3":{"start":{"line":35,"column":0},"end":{"line":35,"column":61}}},"fnMap":{"0":{"name":"(anonymous_0)","decl":{"start":{"line":26,"column":16},"end":{"line":26,"column":17}},"loc":{"start":{"line":26,"column":35},"end":{"line":33,"column":1}},"line":26}},"branchMap":{"0":{"loc":{"start":{"line":27,"column":11},"end":{"line":32,"column":12}},"type":"cond-expr","locations":[{"start":{"line":28,"column":8},"end":{"line":31,"column":14}},{"start":{"line":32,"column":8},"end":{"line":32,"column":12}}],"line":27}},"s":{"0":9,"1":9,"2":72,"3":9},"f":{"0":72},"b":{"0":[13,59]},"_coverageSchema":"1a1c01bbd47fc00a2c39e90264f33305004495a9","hash":"0de1913a7c0e20bf12b5283624101fbeb1cd9061"}
,"/home/runner/work/bwmon/bwmon/react/src/components/main/ErrorDisplay.jsx": {"path":"/home/runner/work/bwmon/bwmon/react/src/components/main/ErrorDisplay.jsx","statementMap":{"0":{"start":{"line":23,"column":21},"end":{"line":30,"column":1}},"1":{"start":{"line":24,"column":4},"end":{"line":29,"column":6}},"2":{"start":{"line":32,"column":0},"end":{"line":32,"column":99}}},"fnMap":{"0":{"name":"(anonymous_0)","decl":{"start":{"line":23,"column":21},"end":{"line":23,"column":22}},"loc":{"start":{"line":23,"column":42},"end":{"line":30,"column":1}},"line":23}},"branchMap":{},"s":{"0":2,"1":1,"2":2},"f":{"0":1},"b":{},"_coverageSchema":"1a1c01bbd47fc00a2c39e90264f33305004495a9","hash":"d3763cb9304a0658901dea502151fcf4ede3b762"}
,"/home/runner/work/bwmon/bwmon/react/src/components/main/Footer.jsx": {"path":"/home/runner/work/bwmon/bwmon/react/src/components/main/Footer.jsx","statementMap":{"0":{"start":{"line":23,"column":16},"end":{"line":23,"column":37}},"1":{"start":{"line":25,"column":15},"end":{"line":36,"column":1}},"2":{"start":{"line":26,"column":4},"end":{"line":35,"column":6}},"3":{"start":{"line":38,"column":0},"end":{"line":38,"column":64}}},"fnMap":{"0":{"name":"(anonymous_0)","decl":{"start":{"line":25,"column":15},"end":{"line":25,"column":16}},"loc":{"start":{"line":25,"column":36},"end":{"line":36,"column":1}},"line":25}},"branchMap":{},"s":{"0":2,"1":2,"2":3,"3":2},"f":{"0":3},"b":{},"_coverageSchema":"1a1c01bbd47fc00a2c39e90264f33305004495a9","hash":"560ef3e2b2329cb64e85e27d158249013fd6d158"}
,"/home/runner/work/bwmon/bwmon/react/src/components/main/Header.jsx": {"path":"/home/runner/work/bwmon/bwmon/react/src/components/main/Header.jsx","statementMap":{"0":{"start":{"line":23,"column":16},"end":{"line":23,"column":31}},"1":{"start":{"line":25,"column":15},"end":{"line":38,"column":1}},"2":{"start":{"line":26,"column":4},"end":{"line":37,"column":6}},"3":{"start":{"line":40,"column":0},"end":{"line":40,"column":84}}},"fnMap":{"0":{"name":"(anonymous_0)","decl":{"start":{"line":25,"column":15},"end":{"line":25,"column":16}},"loc":{"start":{"line":25,"column":38},"end":{"line":38,"column":1}},"line":25}},"branchMap":{},"s":{"0":2,"1":2,"2":3,"3":2},"f":{"0":3},"b":{},"_coverageSchema":"1a1c01bbd47fc00a2c39e90264f33305004495a9","hash":"5ebe869f330e308984dfcd1938f0bb6fc73bfb39"}
,"/home/runner/work/bwmon/bwmon/react/src/components/messages/ErrorMessage.jsx": {"path":"/home/runner/work/bwmon/bwmon/react/src/components/messages/ErrorMessage.jsx","statementMap":{"0":{"start":{"line":23,"column":21},"end":{"line":25,"column":1}},"1":{"start":{"line":24,"column":4},"end":{"line":24,"column":58}},"2":{"start":{"line":27,"column":0},"end":{"line":27,"column":55}}},"fnMap":{"0":{"name":"(anonymous_0)","decl":{"start":{"line":23,"column":21},"end":{"line":23,"column":22}},"loc":{"start":{"line":23,"column":38},"end":{"line":25,"column":1}},"line":23}},"branchMap":{},"s":{"0":5,"1":4,"2":5},"f":{"0":4},"b":{},"_coverageSchema":"1a1c01bbd47fc00a2c39e90264f33305004495a9","hash":"15245478eb8c13e61104b58ffd5d96107e0998fe"}
,"/home/runner/work/bwmon/bwmon/react/src/components/messages/InfoMessage.jsx": {"path":"/home/runner/work/bwmon/bwmon/react/src/components/messages/InfoMessage.jsx","statementMap":{"0":{"start":{"line":23,"column":20},"end":{"line":25,"column":1}},"1":{"start":{"line":24,"column":4},"end":{"line":24,"column":57}},"2":{"start":{"line":27,"column":0},"end":{"line":27,"column":54}}},"fnMap":{"0":{"name":"(anonymous_0)","decl":{"start":{"line":23,"column":20},"end":{"line":23,"column":21}},"loc":{"start":{"line":23,"column":37},"end":{"line":25,"column":1}},"line":23}},"branchMap":{},"s":{"0":10,"1":15,"2":10},"f":{"0":15},"b":{},"_coverageSchema":"1a1c01bbd47fc00a2c39e90264f33305004495a9","hash":"7cbe83b5ee4500693ba4c15d5a2ad49c8df44673"}
,"/home/runner/work/bwmon/bwmon/react/src/components/messages/Message.jsx": {"path":"/home/runner/work/bwmon/bwmon/react/src/components/messages/Message.jsx","statementMap":{"0":{"start":{"line":23,"column":16},"end":{"line":23,"column":40}},"1":{"start":{"line":25,"column":16},"end":{"line":33,"column":1}},"2":{"start":{"line":26,"column":4},"end":{"line":32,"column":13}},"3":{"start":{"line":35,"column":0},"end":{"line":35,"column":89}}},"fnMap":{"0":{"name":"(anonymous_0)","decl":{"start":{"line":25,"column":16},"end":{"line":25,"column":17}},"loc":{"start":{"line":25,"column":43},"end":{"line":33,"column":1}},"line":25}},"branchMap":{"0":{"loc":{"start":{"line":26,"column":11},"end":{"line":32,"column":12}},"type":"cond-expr","locations":[{"start":{"line":27,"column":8},"end":{"line":31,"column":14}},{"start":{"line":32,"column":8},"end":{"line":32,"column":12}}],"line":26}},"s":{"0":15,"1":15,"2":21,"3":15},"f":{"0":21},"b":{"0":[18,3]},"_coverageSchema":"1a1c01bbd47fc00a2c39e90264f33305004495a9","hash":"970ab1214c737ba1b8c1f4d65ab3600b85c9ac1c"}
,"/home/runner/work/bwmon/bwmon/react/src/components/navigation/BWMonRoutes.jsx": {"path":"/home/runner/work/bwmon/bwmon/react/src/components/navigation/BWMonRoutes.jsx","statementMap":{"0":{"start":{"line":24,"column":20},"end":{"line":34,"column":1}},"1":{"start":{"line":25,"column":4},"end":{"line":33,"column":6}},"2":{"start":{"line":29,"column":16},"end":{"line":29,"column":92}},"3":{"start":{"line":36,"column":0},"end":{"line":43,"column":2}}},"fnMap":{"0":{"name":"(anonymous_0)","decl":{"start":{"line":24,"column":20},"end":{"line":24,"column":21}},"loc":{"start":{"line":24,"column":34},"end":{"line":34,"column":1}},"line":24},"1":{"name":"(anonymous_1)","decl":{"start":{"line":28,"column":22},"end":{"line":28,"column":23}},"loc":{"start":{"line":29,"column":16},"end":{"line":29,"column":92}},"line":29}},"branchMap":{},"s":{"0":2,"1":5,"2":18,"3":2},"f":{"0":5,"1":18},"b":{},"_coverageSchema":"1a1c01bbd47fc00a2c39e90264f33305004495a9","hash":"4f159af96d976c66cf063f29482d5dc99bc145c3"}
,"/home/runner/work/bwmon/bwmon/react/src/components/navigation/Navigation.jsx": {"path":"/home/runner/work/bwmon/bwmon/react/src/components/navigation/Navigation.jsx","statementMap":{"0":{"start":{"line":25,"column":16},"end":{"line":25,"column":33}},"1":{"start":{"line":27,"column":19},"end":{"line":48,"column":1}},"2":{"start":{"line":28,"column":32},"end":{"line":28,"column":51}},"3":{"start":{"line":30,"column":25},"end":{"line":30,"column":74}},"4":{"start":{"line":30,"column":51},"end":{"line":30,"column":74}},"5":{"start":{"line":32,"column":4},"end":{"line":47,"column":6}},"6":{"start":{"line":35,"column":16},"end":{"line":44,"column":18}},"7":{"start":{"line":50,"column":0},"end":{"line":59,"column":2}}},"fnMap":{"0":{"name":"(anonymous_0)","decl":{"start":{"line":27,"column":19},"end":{"line":27,"column":20}},"loc":{"start":{"line":27,"column":33},"end":{"line":48,"column":1}},"line":27},"1":{"name":"(anonymous_1)","decl":{"start":{"line":30,"column":25},"end":{"line":30,"column":26}},"loc":{"start":{"line":30,"column":51},"end":{"line":30,"column":74}},"line":30},"2":{"name":"(anonymous_2)","decl":{"start":{"line":34,"column":22},"end":{"line":34,"column":23}},"loc":{"start":{"line":35,"column":16},"end":{"line":44,"column":18}},"line":35}},"branchMap":{},"s":{"0":2,"1":2,"2":9,"3":9,"4":2,"5":9,"6":26,"7":2},"f":{"0":9,"1":2,"2":26},"b":{},"_coverageSchema":"1a1c01bbd47fc00a2c39e90264f33305004495a9","hash":"014a9a5262eb8007d86b2b5cf28f6a69fcaf517d"}
,"/home/runner/work/bwmon/bwmon/react/src/components/navigation/PageNotFound.jsx": {"path":"/home/runner/work/bwmon/bwmon/react/src/components/navigation/PageNotFound.jsx","statementMap":{"0":{"start":{"line":22,"column":21},"end":{"line":24,"column":1}},"1":{"start":{"line":23,"column":4},"end":{"line":23,"column":53}}},"fnMap":{"0":{"name":"(anonymous_0)","decl":{"start":{"line":22,"column":21},"end":{"line":22,"column":22}},"loc":{"start":{"line":22,"column":27},"end":{"line":24,"column":1}},"line":22}},"branchMap":{},"s":{"0":3,"1":1},"f":{"0":1},"b":{},"_coverageSchema":"1a1c01bbd47fc00a2c39e90264f33305004495a9","hash":"3309af0a08e23b39ead8a7dd3c4f972141ca258e"}
,"/home/runner/work/bwmon/bwmon/react/src/components/navigation/UseNavigation.js": {"path":"/home/runner/work/bwmon/bwmon/react/src/components/navigation/UseNavigation.js","statementMap":{"0":{"start":{"line":22,"column":22},"end":{"line":32,"column":1}},"1":{"start":{"line":23,"column":30},"end":{"line":23,"column":41}},"2":{"start":{"line":24,"column":21},"end":{"line":24,"column":34}},"3":{"start":{"line":26,"column":4},"end":{"line":29,"column":25}},"4":{"start":{"line":27,"column":24},"end":{"line":27,"column":95}},"5":{"start":{"line":27,"column":54},"end":{"line":27,"column":94}},"6":{"start":{"line":28,"column":8},"end":{"line":28,"column":47}},"7":{"start":{"line":31,"column":4},"end":{"line":31,"column":31}}},"fnMap":{"0":{"name":"(anonymous_0)","decl":{"start":{"line":22,"column":22},"end":{"line":22,"column":23}},"loc":{"start":{"line":22,"column":32},"end":{"line":32,"column":1}},"line":22},"1":{"name":"(anonymous_1)","decl":{"start":{"line":26,"column":14},"end":{"line":26,"column":15}},"loc":{"start":{"line":26,"column":20},"end":{"line":29,"column":5}},"line":26},"2":{"name":"(anonymous_2)","decl":{"start":{"line":27,"column":39},"end":{"line":27,"column":40}},"loc":{"start":{"line":27,"column":54},"end":{"line":27,"column":94}},"line":27}},"branchMap":{"0":{"loc":{"start":{"line":28,"column":17},"end":{"line":28,"column":45}},"type":"cond-expr","locations":[{"start":{"line":28,"column":34},"end":{"line":28,"column":35}},{"start":{"line":28,"column":38},"end":{"line":28,"column":45}}],"line":28}},"s":{"0":3,"1":30,"2":30,"3":30,"4":22,"5":44,"6":22,"7":30},"f":{"0":30,"1":22,"2":44},"b":{"0":[8,14]},"_coverageSchema":"1a1c01bbd47fc00a2c39e90264f33305004495a9","hash":"d0dd4fc7f6fcbc3a007adc357596ad68d512a5eb"}
,"/home/runner/work/bwmon/bwmon/react/src/components/table/Body.jsx": {"path":"/home/runner/work/bwmon/bwmon/react/src/components/table/Body.jsx","statementMap":{"0":{"start":{"line":23,"column":13},"end":{"line":42,"column":1}},"1":{"start":{"line":24,"column":4},"end":{"line":41,"column":16}},"2":{"start":{"line":26,"column":12},"end":{"line":39,"column":23}},"3":{"start":{"line":33,"column":20},"end":{"line":37,"column":22}},"4":{"start":{"line":44,"column":0},"end":{"line":54,"column":2}}},"fnMap":{"0":{"name":"(anonymous_0)","decl":{"start":{"line":23,"column":13},"end":{"line":23,"column":14}},"loc":{"start":{"line":24,"column":4},"end":{"line":41,"column":16}},"line":24},"1":{"name":"(anonymous_1)","decl":{"start":{"line":25,"column":20},"end":{"line":25,"column":21}},"loc":{"start":{"line":26,"column":12},"end":{"line":39,"column":23}},"line":26},"2":{"name":"(anonymous_2)","decl":{"start":{"line":32,"column":31},"end":{"line":32,"column":32}},"loc":{"start":{"line":32,"column":45},"end":{"line":38,"column":17}},"line":32}},"branchMap":{"0":{"loc":{"start":{"line":30,"column":23},"end":{"line":30,"column":89}},"type":"cond-expr","locations":[{"start":{"line":30,"column":35},"end":{"line":30,"column":63}},{"start":{"line":30,"column":66},"end":{"line":30,"column":89}}],"line":30},"1":{"loc":{"start":{"line":35,"column":29},"end":{"line":35,"column":105}},"type":"cond-expr","locations":[{"start":{"line":35,"column":48},"end":{"line":35,"column":84}},{"start":{"line":35,"column":87},"end":{"line":35,"column":105}}],"line":35}},"s":{"0":7,"1":53,"2":667,"3":6064,"4":7},"f":{"0":53,"1":667,"2":6064},"b":{"0":[330,337],"1":[4338,1726]},"_coverageSchema":"1a1c01bbd47fc00a2c39e90264f33305004495a9","hash":"f20681ba960861e5d755b5f0a8b097a37eaad5ef"}
,"/home/runner/work/bwmon/bwmon/react/src/components/table/CellInfo.js": {"path":"/home/runner/work/bwmon/bwmon/react/src/components/table/CellInfo.js","statementMap":{"0":{"start":{"line":21,"column":8},"end":{"line":21,"column":21}},"1":{"start":{"line":22,"column":8},"end":{"line":22,"column":33}},"2":{"start":{"line":23,"column":8},"end":{"line":23,"column":27}},"3":{"start":{"line":24,"column":8},"end":{"line":24,"column":27}},"4":{"start":{"line":25,"column":8},"end":{"line":25,"column":29}},"5":{"start":{"line":26,"column":8},"end":{"line":26,"column":31}}},"fnMap":{"0":{"name":"(anonymous_0)","decl":{"start":{"line":20,"column":4},"end":{"line":20,"column":5}},"loc":{"start":{"line":20,"column":61},"end":{"line":27,"column":5}},"line":20}},"branchMap":{},"s":{"0":72,"1":72,"2":72,"3":72,"4":72,"5":72},"f":{"0":72},"b":{},"_coverageSchema":"1a1c01bbd47fc00a2c39e90264f33305004495a9","hash":"ac9e15570234ade0fddabffc07c12a790baf901c"}
,"/home/runner/work/bwmon/bwmon/react/src/components/table/Footer.jsx": {"path":"/home/runner/work/bwmon/bwmon/react/src/components/table/Footer.jsx","statementMap":{"0":{"start":{"line":23,"column":15},"end":{"line":46,"column":1}},"1":{"start":{"line":24,"column":21},"end":{"line":31,"column":18}},"2":{"start":{"line":25,"column":8},"end":{"line":31,"column":18}},"3":{"start":{"line":33,"column":4},"end":{"line":45,"column":6}},"4":{"start":{"line":37,"column":20},"end":{"line":41,"column":22}},"5":{"start":{"line":48,"column":0},"end":{"line":59,"column":2}}},"fnMap":{"0":{"name":"(anonymous_0)","decl":{"start":{"line":23,"column":15},"end":{"line":23,"column":16}},"loc":{"start":{"line":23,"column":50},"end":{"line":46,"column":1}},"line":23},"1":{"name":"(anonymous_1)","decl":{"start":{"line":24,"column":21},"end":{"line":24,"column":22}},"loc":{"start":{"line":25,"column":8},"end":{"line":31,"column":18}},"line":25},"2":{"name":"(anonymous_2)","decl":{"start":{"line":36,"column":31},"end":{"line":36,"column":32}},"loc":{"start":{"line":36,"column":52},"end":{"line":42,"column":17}},"line":36}},"branchMap":{"0":{"loc":{"start":{"line":25,"column":8},"end":{"line":31,"column":18}},"type":"cond-expr","locations":[{"start":{"line":26,"column":14},"end":{"line":26,"column":22}},{"start":{"line":27,"column":14},"end":{"line":31,"column":18}}],"line":25},"1":{"loc":{"start":{"line":27,"column":14},"end":{"line":31,"column":18}},"type":"cond-expr","locations":[{"start":{"line":28,"column":16},"end":{"line":30,"column":39}},{"start":{"line":31,"column":16},"end":{"line":31,"column":18}}],"line":27},"2":{"loc":{"start":{"line":28,"column":16},"end":{"line":30,"column":39}},"type":"cond-expr","locations":[{"start":{"line":29,"column":20},"end":{"line":29,"column":57}},{"start":{"line":30,"column":20},"end":{"line":30,"column":39}}],"line":28}},"s":{"0":7,"1":35,"2":330,"3":35,"4":330,"5":7},"f":{"0":35,"1":330,"2":330},"b":{"0":[35,295],"1":[164,131],"2":[128,36]},"_coverageSchema":"1a1c01bbd47fc00a2c39e90264f33305004495a9","hash":"b043570d2ba3558f0dd4ea36771b4a7edb98543e"}
,"/home/runner/work/bwmon/bwmon/react/src/components/table/Header.jsx": {"path":"/home/runner/work/bwmon/bwmon/react/src/components/table/Header.jsx","statementMap":{"0":{"start":{"line":23,"column":18},"end":{"line":23,"column":23}},"1":{"start":{"line":24,"column":19},"end":{"line":24,"column":25}},"2":{"start":{"line":26,"column":21},"end":{"line":26,"column":72}},"3":{"start":{"line":26,"column":37},"end":{"line":26,"column":71}},"4":{"start":{"line":27,"column":22},"end":{"line":27,"column":100}},"5":{"start":{"line":27,"column":51},"end":{"line":27,"column":99}},"6":{"start":{"line":28,"column":29},"end":{"line":28,"column":98}},"7":{"start":{"line":28,"column":57},"end":{"line":28,"column":98}},"8":{"start":{"line":29,"column":17},"end":{"line":29,"column":48}},"9":{"start":{"line":29,"column":34},"end":{"line":29,"column":48}},"10":{"start":{"line":31,"column":21},"end":{"line":46,"column":1}},"11":{"start":{"line":32,"column":4},"end":{"line":45,"column":16}},"12":{"start":{"line":48,"column":0},"end":{"line":59,"column":2}},"13":{"start":{"line":61,"column":13},"end":{"line":61,"column":93}},"14":{"start":{"line":61,"column":31},"end":{"line":61,"column":93}},"15":{"start":{"line":63,"column":0},"end":{"line":70,"column":2}},"16":{"start":{"line":72,"column":15},"end":{"line":97,"column":1}},"17":{"start":{"line":73,"column":24},"end":{"line":75,"column":5}},"18":{"start":{"line":73,"column":38},"end":{"line":75,"column":5}},"19":{"start":{"line":74,"column":8},"end":{"line":74,"column":39}},"20":{"start":{"line":77,"column":4},"end":{"line":96,"column":6}},"21":{"start":{"line":81,"column":20},"end":{"line":92,"column":22}},"22":{"start":{"line":99,"column":0},"end":{"line":112,"column":2}}},"fnMap":{"0":{"name":"(anonymous_0)","decl":{"start":{"line":26,"column":21},"end":{"line":26,"column":22}},"loc":{"start":{"line":26,"column":37},"end":{"line":26,"column":71}},"line":26},"1":{"name":"(anonymous_1)","decl":{"start":{"line":27,"column":22},"end":{"line":27,"column":23}},"loc":{"start":{"line":27,"column":51},"end":{"line":27,"column":99}},"line":27},"2":{"name":"(anonymous_2)","decl":{"start":{"line":28,"column":29},"end":{"line":28,"column":30}},"loc":{"start":{"line":28,"column":57},"end":{"line":28,"column":98}},"line":28},"3":{"name":"(anonymous_3)","decl":{"start":{"line":29,"column":17},"end":{"line":29,"column":18}},"loc":{"start":{"line":29,"column":34},"end":{"line":29,"column":48}},"line":29},"4":{"name":"(anonymous_4)","decl":{"start":{"line":31,"column":21},"end":{"line":31,"column":22}},"loc":{"start":{"line":32,"column":4},"end":{"line":45,"column":16}},"line":32},"5":{"name":"(anonymous_5)","decl":{"start":{"line":61,"column":13},"end":{"line":61,"column":14}},"loc":{"start":{"line":61,"column":31},"end":{"line":61,"column":93}},"line":61},"6":{"name":"(anonymous_6)","decl":{"start":{"line":72,"column":15},"end":{"line":72,"column":16}},"loc":{"start":{"line":72,"column":77},"end":{"line":97,"column":1}},"line":72},"7":{"name":"(anonymous_7)","decl":{"start":{"line":73,"column":24},"end":{"line":73,"column":25}},"loc":{"start":{"line":73,"column":38},"end":{"line":75,"column":5}},"line":73},"8":{"name":"(anonymous_8)","decl":{"start":{"line":73,"column":38},"end":{"line":73,"column":39}},"loc":{"start":{"line":73,"column":49},"end":{"line":75,"column":5}},"line":73},"9":{"name":"(anonymous_9)","decl":{"start":{"line":80,"column":31},"end":{"line":80,"column":32}},"loc":{"start":{"line":80,"column":45},"end":{"line":93,"column":17}},"line":80}},"branchMap":{"0":{"loc":{"start":{"line":26,"column":37},"end":{"line":26,"column":71}},"type":"cond-expr","locations":[{"start":{"line":26,"column":49},"end":{"line":26,"column":58}},{"start":{"line":26,"column":61},"end":{"line":26,"column":71}}],"line":26},"1":{"loc":{"start":{"line":27,"column":51},"end":{"line":27,"column":99}},"type":"cond-expr","locations":[{"start":{"line":27,"column":68},"end":{"line":27,"column":91}},{"start":{"line":27,"column":94},"end":{"line":27,"column":99}}],"line":27},"2":{"loc":{"start":{"line":28,"column":70},"end":{"line":28,"column":97}},"type":"binary-expr","locations":[{"start":{"line":28,"column":70},"end":{"line":28,"column":79}},{"start":{"line":28,"column":83},"end":{"line":28,"column":97}}],"line":28},"3":{"loc":{"start":{"line":81,"column":27},"end":{"line":92,"column":21}},"type":"cond-expr","locations":[{"start":{"line":82,"column":24},"end":{"line":89,"column":40}},{"start":{"line":91,"column":24},"end":{"line":91,"column":70}}],"line":81}},"s":{"0":7,"1":7,"2":7,"3":206,"4":7,"5":150,"6":7,"7":151,"8":7,"9":149,"10":7,"11":147,"12":7,"13":7,"14":268,"15":7,"16":7,"17":50,"18":144,"19":9,"20":50,"21":411,"22":7},"f":{"0":206,"1":150,"2":151,"3":149,"4":147,"5":268,"6":50,"7":144,"8":9,"9":411},"b":{"0":[199,7],"1":[53,97],"2":[151,5],"3":[144,267]},"_coverageSchema":"1a1c01bbd47fc00a2c39e90264f33305004495a9","hash":"01eae9d2be04e1207a5f098607291d914a9d4a07"}
,"/home/runner/work/bwmon/bwmon/react/src/components/table/Pagination.jsx": {"path":"/home/runner/work/bwmon/bwmon/react/src/components/table/Pagination.jsx","statementMap":{"0":{"start":{"line":24,"column":17},"end":{"line":24,"column":75}},"1":{"start":{"line":24,"column":41},"end":{"line":24,"column":75}},"2":{"start":{"line":26,"column":20},"end":{"line":26,"column":40}},"3":{"start":{"line":26,"column":30},"end":{"line":26,"column":40}},"4":{"start":{"line":27,"column":19},"end":{"line":27,"column":85}},"5":{"start":{"line":27,"column":49},"end":{"line":27,"column":85}},"6":{"start":{"line":29,"column":24},"end":{"line":33,"column":1}},"7":{"start":{"line":30,"column":4},"end":{"line":32,"column":17}},"8":{"start":{"line":30,"column":36},"end":{"line":30,"column":58}},"9":{"start":{"line":35,"column":0},"end":{"line":35,"column":107}},"10":{"start":{"line":37,"column":23},"end":{"line":45,"column":1}},"11":{"start":{"line":38,"column":4},"end":{"line":44,"column":17}},"12":{"start":{"line":39,"column":28},"end":{"line":39,"column":90}},"13":{"start":{"line":47,"column":0},"end":{"line":52,"column":2}},"14":{"start":{"line":54,"column":27},"end":{"line":58,"column":1}},"15":{"start":{"line":55,"column":4},"end":{"line":57,"column":17}},"16":{"start":{"line":55,"column":36},"end":{"line":55,"column":65}},"17":{"start":{"line":60,"column":0},"end":{"line":60,"column":110}},"18":{"start":{"line":62,"column":23},"end":{"line":70,"column":1}},"19":{"start":{"line":63,"column":4},"end":{"line":69,"column":17}},"20":{"start":{"line":64,"column":28},"end":{"line":64,"column":57}},"21":{"start":{"line":72,"column":0},"end":{"line":77,"column":2}},"22":{"start":{"line":79,"column":16},"end":{"line":79,"column":50}},"23":{"start":{"line":81,"column":16},"end":{"line":88,"column":1}},"24":{"start":{"line":82,"column":4},"end":{"line":87,"column":10}},"25":{"start":{"line":90,"column":0},"end":{"line":95,"column":2}},"26":{"start":{"line":97,"column":27},"end":{"line":106,"column":1}},"27":{"start":{"line":98,"column":29},"end":{"line":98,"column":42}},"28":{"start":{"line":99,"column":4},"end":{"line":104,"column":5}},"29":{"start":{"line":100,"column":8},"end":{"line":102,"column":9}},"30":{"start":{"line":100,"column":21},"end":{"line":100,"column":36}},"31":{"start":{"line":101,"column":12},"end":{"line":101,"column":39}},"32":{"start":{"line":103,"column":8},"end":{"line":103,"column":39}},"33":{"start":{"line":105,"column":4},"end":{"line":105,"column":30}},"34":{"start":{"line":108,"column":19},"end":{"line":126,"column":1}},"35":{"start":{"line":109,"column":20},"end":{"line":109,"column":89}},"36":{"start":{"line":110,"column":24},"end":{"line":115,"column":5}},"37":{"start":{"line":117,"column":4},"end":{"line":125,"column":6}},"38":{"start":{"line":128,"column":0},"end":{"line":128,"column":100}}},"fnMap":{"0":{"name":"(anonymous_0)","decl":{"start":{"line":24,"column":17},"end":{"line":24,"column":18}},"loc":{"start":{"line":24,"column":41},"end":{"line":24,"column":75}},"line":24},"1":{"name":"(anonymous_1)","decl":{"start":{"line":26,"column":20},"end":{"line":26,"column":21}},"loc":{"start":{"line":26,"column":30},"end":{"line":26,"column":40}},"line":26},"2":{"name":"(anonymous_2)","decl":{"start":{"line":27,"column":19},"end":{"line":27,"column":20}},"loc":{"start":{"line":27,"column":49},"end":{"line":27,"column":85}},"line":27},"3":{"name":"(anonymous_3)","decl":{"start":{"line":29,"column":24},"end":{"line":29,"column":25}},"loc":{"start":{"line":30,"column":4},"end":{"line":32,"column":17}},"line":30},"4":{"name":"(anonymous_4)","decl":{"start":{"line":30,"column":25},"end":{"line":30,"column":26}},"loc":{"start":{"line":30,"column":36},"end":{"line":30,"column":58}},"line":30},"5":{"name":"(anonymous_5)","decl":{"start":{"line":37,"column":23},"end":{"line":37,"column":24}},"loc":{"start":{"line":38,"column":4},"end":{"line":44,"column":17}},"line":38},"6":{"name":"(anonymous_6)","decl":{"start":{"line":39,"column":17},"end":{"line":39,"column":18}},"loc":{"start":{"line":39,"column":28},"end":{"line":39,"column":90}},"line":39},"7":{"name":"(anonymous_7)","decl":{"start":{"line":54,"column":27},"end":{"line":54,"column":28}},"loc":{"start":{"line":55,"column":4},"end":{"line":57,"column":17}},"line":55},"8":{"name":"(anonymous_8)","decl":{"start":{"line":55,"column":25},"end":{"line":55,"column":26}},"loc":{"start":{"line":55,"column":36},"end":{"line":55,"column":65}},"line":55},"9":{"name":"(anonymous_9)","decl":{"start":{"line":62,"column":23},"end":{"line":62,"column":24}},"loc":{"start":{"line":63,"column":4},"end":{"line":69,"column":17}},"line":63},"10":{"name":"(anonymous_10)","decl":{"start":{"line":64,"column":17},"end":{"line":64,"column":18}},"loc":{"start":{"line":64,"column":28},"end":{"line":64,"column":57}},"line":64},"11":{"name":"(anonymous_11)","decl":{"start":{"line":81,"column":16},"end":{"line":81,"column":17}},"loc":{"start":{"line":82,"column":4},"end":{"line":87,"column":10}},"line":82},"12":{"name":"(anonymous_12)","decl":{"start":{"line":97,"column":27},"end":{"line":97,"column":28}},"loc":{"start":{"line":97,"column":51},"end":{"line":106,"column":1}},"line":97},"13":{"name":"(anonymous_13)","decl":{"start":{"line":108,"column":19},"end":{"line":108,"column":20}},"loc":{"start":{"line":108,"column":30},"end":{"line":126,"column":1}},"line":108}},"branchMap":{"0":{"loc":{"start":{"line":99,"column":4},"end":{"line":104,"column":5}},"type":"if","locations":[{"start":{"line":99,"column":4},"end":{"line":104,"column":5}},{"start":{},"end":{}}],"line":99}},"s":{"0":6,"1":112,"2":6,"3":108,"4":6,"5":108,"6":6,"7":53,"8":1,"9":6,"10":6,"11":53,"12":3,"13":6,"14":6,"15":53,"16":1,"17":6,"18":6,"19":53,"20":4,"21":6,"22":6,"23":6,"24":48,"25":6,"26":6,"27":50,"28":50,"29":47,"30":47,"31":25,"32":47,"33":50,"34":6,"35":48,"36":48,"37":48,"38":6},"f":{"0":112,"1":108,"2":108,"3":53,"4":1,"5":53,"6":3,"7":53,"8":1,"9":53,"10":4,"11":48,"12":50,"13":48},"b":{"0":[47,3]},"_coverageSchema":"1a1c01bbd47fc00a2c39e90264f33305004495a9","hash":"b92d3d72c3854dcdccf208fde096f161edd215a2"}
,"/home/runner/work/bwmon/bwmon/react/src/components/table/UsageTable.jsx": {"path":"/home/runner/work/bwmon/bwmon/react/src/components/table/UsageTable.jsx","statementMap":{"0":{"start":{"line":8,"column":19},"end":{"line":19,"column":1}},"1":{"start":{"line":9,"column":4},"end":{"line":18,"column":12}}},"fnMap":{"0":{"name":"(anonymous_0)","decl":{"start":{"line":8,"column":19},"end":{"line":8,"column":20}},"loc":{"start":{"line":9,"column":4},"end":{"line":18,"column":12}},"line":9}},"branchMap":{"0":{"loc":{"start":{"line":17,"column":9},"end":{"line":17,"column":88}},"type":"binary-expr","locations":[{"start":{"line":17,"column":9},"end":{"line":17,"column":19}},{"start":{"line":17,"column":23},"end":{"line":17,"column":88}}],"line":17}},"s":{"0":5,"1":39},"f":{"0":39},"b":{"0":[39,25]},"_coverageSchema":"1a1c01bbd47fc00a2c39e90264f33305004495a9","hash":"5f773861ea3373dfd272b63ca8ec656733738011"}
,"/home/runner/work/bwmon/bwmon/react/src/hooks/bymonth/UseUsageByMonth.js": {"path":"/home/runner/work/bwmon/bwmon/react/src/hooks/bymonth/UseUsageByMonth.js","statementMap":{"0":{"start":{"line":23,"column":24},"end":{"line":40,"column":1}},"1":{"start":{"line":24,"column":37},"end":{"line":24,"column":46}},"2":{"start":{"line":25,"column":28},"end":{"line":25,"column":38}},"3":{"start":{"line":26,"column":34},"end":{"line":26,"column":48}},"4":{"start":{"line":28,"column":4},"end":{"line":37,"column":15}},"5":{"start":{"line":30,"column":33},"end":{"line":30,"column":64}},"6":{"start":{"line":31,"column":12},"end":{"line":31,"column":34}},"7":{"start":{"line":32,"column":12},"end":{"line":32,"column":30}},"8":{"start":{"line":34,"column":8},"end":{"line":36,"column":9}},"9":{"start":{"line":35,"column":12},"end":{"line":35,"column":20}},"10":{"start":{"line":39,"column":4},"end":{"line":39,"column":51}}},"fnMap":{"0":{"name":"(anonymous_0)","decl":{"start":{"line":23,"column":24},"end":{"line":23,"column":25}},"loc":{"start":{"line":23,"column":30},"end":{"line":40,"column":1}},"line":23},"1":{"name":"(anonymous_1)","decl":{"start":{"line":28,"column":14},"end":{"line":28,"column":15}},"loc":{"start":{"line":28,"column":20},"end":{"line":37,"column":5}},"line":28},"2":{"name":"fetch","decl":{"start":{"line":29,"column":23},"end":{"line":29,"column":28}},"loc":{"start":{"line":29,"column":31},"end":{"line":33,"column":9}},"line":29}},"branchMap":{"0":{"loc":{"start":{"line":34,"column":8},"end":{"line":36,"column":9}},"type":"if","locations":[{"start":{"line":34,"column":8},"end":{"line":36,"column":9}},{"start":{},"end":{}}],"line":34}},"s":{"0":6,"1":34,"2":34,"3":34,"4":34,"5":12,"6":12,"7":12,"8":20,"9":12,"10":34},"f":{"0":34,"1":20,"2":12},"b":{"0":[12,8]},"_coverageSchema":"1a1c01bbd47fc00a2c39e90264f33305004495a9","hash":"91afb87271c77b5c953f6b702378a6c2342badaa"}
,"/home/runner/work/bwmon/bwmon/react/src/hooks/bymonth/UseUsageByMonthGraph.js": {"path":"/home/runner/work/bwmon/bwmon/react/src/hooks/bymonth/UseUsageByMonthGraph.js","statementMap":{"0":{"start":{"line":23,"column":29},"end":{"line":52,"column":1}},"1":{"start":{"line":24,"column":52},"end":{"line":24,"column":69}},"2":{"start":{"line":25,"column":34},"end":{"line":25,"column":46}},"3":{"start":{"line":26,"column":32},"end":{"line":26,"column":44}},"4":{"start":{"line":28,"column":4},"end":{"line":49,"column":15}},"5":{"start":{"line":29,"column":8},"end":{"line":48,"column":9}},"6":{"start":{"line":30,"column":12},"end":{"line":40,"column":15}},"7":{"start":{"line":38,"column":60},"end":{"line":38,"column":79}},"8":{"start":{"line":42,"column":12},"end":{"line":47,"column":15}},"9":{"start":{"line":45,"column":54},"end":{"line":45,"column":94}},"10":{"start":{"line":51,"column":4},"end":{"line":51,"column":62}}},"fnMap":{"0":{"name":"(anonymous_0)","decl":{"start":{"line":23,"column":29},"end":{"line":23,"column":30}},"loc":{"start":{"line":23,"column":35},"end":{"line":52,"column":1}},"line":23},"1":{"name":"(anonymous_1)","decl":{"start":{"line":28,"column":14},"end":{"line":28,"column":15}},"loc":{"start":{"line":28,"column":20},"end":{"line":49,"column":5}},"line":28},"2":{"name":"(anonymous_2)","decl":{"start":{"line":38,"column":47},"end":{"line":38,"column":48}},"loc":{"start":{"line":38,"column":60},"end":{"line":38,"column":79}},"line":38},"3":{"name":"(anonymous_3)","decl":{"start":{"line":45,"column":41},"end":{"line":45,"column":42}},"loc":{"start":{"line":45,"column":54},"end":{"line":45,"column":94}},"line":45}},"branchMap":{"0":{"loc":{"start":{"line":29,"column":8},"end":{"line":48,"column":9}},"type":"if","locations":[{"start":{"line":29,"column":8},"end":{"line":48,"column":9}},{"start":{},"end":{}}],"line":29}},"s":{"0":4,"1":19,"2":19,"3":19,"4":19,"5":9,"6":5,"7":47,"8":5,"9":47,"10":19},"f":{"0":19,"1":9,"2":47,"3":47},"b":{"0":[5,4]},"_coverageSchema":"1a1c01bbd47fc00a2c39e90264f33305004495a9","hash":"58b3403d2e2f1f37555eba5495e089b0c79e847e"}
,"/home/runner/work/bwmon/bwmon/react/src/hooks/byuser/UseUsageByUser.js": {"path":"/home/runner/work/bwmon/bwmon/react/src/hooks/byuser/UseUsageByUser.js","statementMap":{"0":{"start":{"line":23,"column":23},"end":{"line":41,"column":1}},"1":{"start":{"line":24,"column":62},"end":{"line":24,"column":76}},"2":{"start":{"line":25,"column":32},"end":{"line":25,"column":44}},"3":{"start":{"line":26,"column":28},"end":{"line":26,"column":38}},"4":{"start":{"line":27,"column":34},"end":{"line":27,"column":48}},"5":{"start":{"line":29,"column":4},"end":{"line":38,"column":30}},"6":{"start":{"line":31,"column":32},"end":{"line":31,"column":77}},"7":{"start":{"line":32,"column":12},"end":{"line":32,"column":33}},"8":{"start":{"line":33,"column":12},"end":{"line":33,"column":30}},"9":{"start":{"line":35,"column":8},"end":{"line":37,"column":9}},"10":{"start":{"line":36,"column":12},"end":{"line":36,"column":20}},"11":{"start":{"line":40,"column":4},"end":{"line":40,"column":95}}},"fnMap":{"0":{"name":"(anonymous_0)","decl":{"start":{"line":23,"column":23},"end":{"line":23,"column":24}},"loc":{"start":{"line":23,"column":29},"end":{"line":41,"column":1}},"line":23},"1":{"name":"(anonymous_1)","decl":{"start":{"line":29,"column":14},"end":{"line":29,"column":15}},"loc":{"start":{"line":29,"column":20},"end":{"line":38,"column":5}},"line":29},"2":{"name":"fetch","decl":{"start":{"line":30,"column":23},"end":{"line":30,"column":28}},"loc":{"start":{"line":30,"column":31},"end":{"line":34,"column":9}},"line":30}},"branchMap":{"0":{"loc":{"start":{"line":35,"column":8},"end":{"line":37,"column":9}},"type":"if","locations":[{"start":{"line":35,"column":8},"end":{"line":37,"column":9}},{"start":{},"end":{}}],"line":35},"1":{"loc":{"start":{"line":35,"column":12},"end":{"line":35,"column":25}},"type":"binary-expr","locations":[{"start":{"line":35,"column":12},"end":{"line":35,"column":16}},{"start":{"line":35,"column":20},"end":{"line":35,"column":25}}],"line":35}},"s":{"0":6,"1":122,"2":122,"3":122,"4":122,"5":122,"6":32,"7":32,"8":32,"9":78,"10":32,"11":122},"f":{"0":122,"1":78,"2":32},"b":{"0":[32,46],"1":[78,48]},"_coverageSchema":"1a1c01bbd47fc00a2c39e90264f33305004495a9","hash":"6b477513b7d62081ae9c4b6e75eb073ecc1eceed"}
,"/home/runner/work/bwmon/bwmon/react/src/hooks/byuser/UseUsageByUserGraph.js": {"path":"/home/runner/work/bwmon/bwmon/react/src/hooks/byuser/UseUsageByUserGraph.js","statementMap":{"0":{"start":{"line":23,"column":28},"end":{"line":52,"column":1}},"1":{"start":{"line":24,"column":96},"end":{"line":24,"column":112}},"2":{"start":{"line":25,"column":34},"end":{"line":25,"column":46}},"3":{"start":{"line":26,"column":32},"end":{"line":26,"column":44}},"4":{"start":{"line":28,"column":4},"end":{"line":49,"column":15}},"5":{"start":{"line":29,"column":8},"end":{"line":48,"column":9}},"6":{"start":{"line":30,"column":12},"end":{"line":40,"column":15}},"7":{"start":{"line":38,"column":60},"end":{"line":38,"column":78}},"8":{"start":{"line":42,"column":12},"end":{"line":47,"column":15}},"9":{"start":{"line":45,"column":54},"end":{"line":45,"column":101}},"10":{"start":{"line":51,"column":4},"end":{"line":51,"column":106}}},"fnMap":{"0":{"name":"(anonymous_0)","decl":{"start":{"line":23,"column":28},"end":{"line":23,"column":29}},"loc":{"start":{"line":23,"column":34},"end":{"line":52,"column":1}},"line":23},"1":{"name":"(anonymous_1)","decl":{"start":{"line":28,"column":14},"end":{"line":28,"column":15}},"loc":{"start":{"line":28,"column":20},"end":{"line":49,"column":5}},"line":28},"2":{"name":"(anonymous_2)","decl":{"start":{"line":38,"column":47},"end":{"line":38,"column":48}},"loc":{"start":{"line":38,"column":60},"end":{"line":38,"column":78}},"line":38},"3":{"name":"(anonymous_3)","decl":{"start":{"line":45,"column":41},"end":{"line":45,"column":42}},"loc":{"start":{"line":45,"column":54},"end":{"line":45,"column":101}},"line":45}},"branchMap":{"0":{"loc":{"start":{"line":29,"column":8},"end":{"line":48,"column":9}},"type":"if","locations":[{"start":{"line":29,"column":8},"end":{"line":48,"column":9}},{"start":{},"end":{}}],"line":29}},"s":{"0":4,"1":60,"2":60,"3":60,"4":60,"5":25,"6":15,"7":209,"8":15,"9":209,"10":60},"f":{"0":60,"1":25,"2":209,"3":209},"b":{"0":[15,10]},"_coverageSchema":"1a1c01bbd47fc00a2c39e90264f33305004495a9","hash":"1f34f9bac40072e2de43069372f96fe140a3daf7"}
,"/home/runner/work/bwmon/bwmon/react/src/hooks/byyear/UseUsageByYear.js": {"path":"/home/runner/work/bwmon/bwmon/react/src/hooks/byyear/UseUsageByYear.js","statementMap":{"0":{"start":{"line":22,"column":23},"end":{"line":36,"column":1}},"1":{"start":{"line":23,"column":28},"end":{"line":23,"column":38}},"2":{"start":{"line":24,"column":34},"end":{"line":24,"column":48}},"3":{"start":{"line":26,"column":4},"end":{"line":33,"column":11}},"4":{"start":{"line":28,"column":32},"end":{"line":28,"column":58}},"5":{"start":{"line":29,"column":12},"end":{"line":29,"column":33}},"6":{"start":{"line":30,"column":12},"end":{"line":30,"column":30}},"7":{"start":{"line":32,"column":8},"end":{"line":32,"column":16}},"8":{"start":{"line":35,"column":4},"end":{"line":35,"column":29}}},"fnMap":{"0":{"name":"(anonymous_0)","decl":{"start":{"line":22,"column":23},"end":{"line":22,"column":24}},"loc":{"start":{"line":22,"column":29},"end":{"line":36,"column":1}},"line":22},"1":{"name":"(anonymous_1)","decl":{"start":{"line":26,"column":14},"end":{"line":26,"column":15}},"loc":{"start":{"line":26,"column":20},"end":{"line":33,"column":5}},"line":26},"2":{"name":"fetch","decl":{"start":{"line":27,"column":23},"end":{"line":27,"column":28}},"loc":{"start":{"line":27,"column":31},"end":{"line":31,"column":9}},"line":27}},"branchMap":{},"s":{"0":6,"1":10,"2":10,"3":10,"4":5,"5":5,"6":5,"7":5,"8":10},"f":{"0":10,"1":5,"2":5},"b":{},"_coverageSchema":"1a1c01bbd47fc00a2c39e90264f33305004495a9","hash":"ebc361fc7af402f1ec77210a547d4da447c4e513"}
,"/home/runner/work/bwmon/bwmon/react/src/hooks/byyear/UseUsageByYearGraph.js": {"path":"/home/runner/work/bwmon/bwmon/react/src/hooks/byyear/UseUsageByYearGraph.js","statementMap":{"0":{"start":{"line":23,"column":28},"end":{"line":52,"column":1}},"1":{"start":{"line":24,"column":30},"end":{"line":24,"column":46}},"2":{"start":{"line":25,"column":34},"end":{"line":25,"column":46}},"3":{"start":{"line":26,"column":32},"end":{"line":26,"column":44}},"4":{"start":{"line":28,"column":4},"end":{"line":49,"column":15}},"5":{"start":{"line":29,"column":8},"end":{"line":48,"column":9}},"6":{"start":{"line":30,"column":12},"end":{"line":40,"column":15}},"7":{"start":{"line":38,"column":54},"end":{"line":38,"column":64}},"8":{"start":{"line":42,"column":12},"end":{"line":47,"column":15}},"9":{"start":{"line":45,"column":48},"end":{"line":45,"column":88}},"10":{"start":{"line":51,"column":4},"end":{"line":51,"column":40}}},"fnMap":{"0":{"name":"(anonymous_0)","decl":{"start":{"line":23,"column":28},"end":{"line":23,"column":29}},"loc":{"start":{"line":23,"column":34},"end":{"line":52,"column":1}},"line":23},"1":{"name":"(anonymous_1)","decl":{"start":{"line":28,"column":14},"end":{"line":28,"column":15}},"loc":{"start":{"line":28,"column":20},"end":{"line":49,"column":5}},"line":28},"2":{"name":"(anonymous_2)","decl":{"start":{"line":38,"column":41},"end":{"line":38,"column":42}},"loc":{"start":{"line":38,"column":54},"end":{"line":38,"column":64}},"line":38},"3":{"name":"(anonymous_3)","decl":{"start":{"line":45,"column":35},"end":{"line":45,"column":36}},"loc":{"start":{"line":45,"column":48},"end":{"line":45,"column":88}},"line":45}},"branchMap":{"0":{"loc":{"start":{"line":29,"column":8},"end":{"line":48,"column":9}},"type":"if","locations":[{"start":{"line":29,"column":8},"end":{"line":48,"column":9}},{"start":{},"end":{}}],"line":29}},"s":{"0":4,"1":3,"2":3,"3":3,"4":3,"5":2,"6":1,"7":3,"8":1,"9":3,"10":3},"f":{"0":3,"1":2,"2":3,"3":3},"b":{"0":[1,1]},"_coverageSchema":"1a1c01bbd47fc00a2c39e90264f33305004495a9","hash":"4355667ff1619f31fa816ab117200af0b329a382"}
,"/home/runner/work/bwmon/bwmon/react/src/hooks/common/UseInterval.js": {"path":"/home/runner/work/bwmon/bwmon/react/src/hooks/common/UseInterval.js","statementMap":{"0":{"start":{"line":21,"column":32},"end":{"line":21,"column":37}},"1":{"start":{"line":22,"column":34},"end":{"line":22,"column":40}},"2":{"start":{"line":23,"column":33},"end":{"line":23,"column":39}},"3":{"start":{"line":25,"column":20},"end":{"line":39,"column":1}},"4":{"start":{"line":26,"column":26},"end":{"line":26,"column":34}},"5":{"start":{"line":28,"column":4},"end":{"line":30,"column":19}},"6":{"start":{"line":29,"column":8},"end":{"line":29,"column":41}},"7":{"start":{"line":32,"column":4},"end":{"line":38,"column":16}},"8":{"start":{"line":34,"column":12},"end":{"line":34,"column":36}},"9":{"start":{"line":36,"column":17},"end":{"line":36,"column":41}},"10":{"start":{"line":37,"column":8},"end":{"line":37,"column":39}},"11":{"start":{"line":37,"column":21},"end":{"line":37,"column":38}}},"fnMap":{"0":{"name":"(anonymous_0)","decl":{"start":{"line":25,"column":20},"end":{"line":25,"column":21}},"loc":{"start":{"line":25,"column":41},"end":{"line":39,"column":1}},"line":25},"1":{"name":"(anonymous_1)","decl":{"start":{"line":28,"column":14},"end":{"line":28,"column":15}},"loc":{"start":{"line":28,"column":20},"end":{"line":30,"column":5}},"line":28},"2":{"name":"(anonymous_2)","decl":{"start":{"line":32,"column":14},"end":{"line":32,"column":15}},"loc":{"start":{"line":32,"column":20},"end":{"line":38,"column":5}},"line":32},"3":{"name":"tick","decl":{"start":{"line":33,"column":17},"end":{"line":33,"column":21}},"loc":{"start":{"line":33,"column":24},"end":{"line":35,"column":9}},"line":33},"4":{"name":"(anonymous_4)","decl":{"start":{"line":37,"column":15},"end":{"line":37,"column":16}},"loc":{"start":{"line":37,"column":21},"end":{"line":37,"column":38}},"line":37}},"branchMap":{},"s":{"0":1,"1":1,"2":1,"3":1,"4":6,"5":6,"6":5,"7":6,"8":9,"9":5,"10":5,"11":5},"f":{"0":6,"1":5,"2":5,"3":9,"4":5},"b":{},"_coverageSchema":"1a1c01bbd47fc00a2c39e90264f33305004495a9","hash":"9c2e40049961296bd13df09c72b21a1597cb82a4"}
,"/home/runner/work/bwmon/bwmon/react/src/hooks/common/UsePagination.js": {"path":"/home/runner/work/bwmon/bwmon/react/src/hooks/common/UsePagination.js","statementMap":{"0":{"start":{"line":21,"column":22},"end":{"line":26,"column":1}},"1":{"start":{"line":22,"column":28},"end":{"line":22,"column":39}},"2":{"start":{"line":23,"column":42},"end":{"line":23,"column":70}},"3":{"start":{"line":25,"column":4},"end":{"line":25,"column":58}}},"fnMap":{"0":{"name":"(anonymous_0)","decl":{"start":{"line":21,"column":22},"end":{"line":21,"column":23}},"loc":{"start":{"line":21,"column":46},"end":{"line":26,"column":1}},"line":21}},"branchMap":{},"s":{"0":5,"1":17,"2":17,"3":17},"f":{"0":17},"b":{},"_coverageSchema":"1a1c01bbd47fc00a2c39e90264f33305004495a9","hash":"6c164febaa36efb0719ab3a07849dc2b5b5f427c"}
,"/home/runner/work/bwmon/bwmon/react/src/hooks/common/UseSort.js": {"path":"/home/runner/work/bwmon/bwmon/react/src/hooks/common/UseSort.js","statementMap":{"0":{"start":{"line":21,"column":19},"end":{"line":21,"column":68}},"1":{"start":{"line":21,"column":39},"end":{"line":21,"column":68}},"2":{"start":{"line":23,"column":20},"end":{"line":23,"column":70}},"3":{"start":{"line":23,"column":40},"end":{"line":23,"column":70}},"4":{"start":{"line":25,"column":16},"end":{"line":30,"column":1}},"5":{"start":{"line":26,"column":38},"end":{"line":26,"column":64}},"6":{"start":{"line":27,"column":34},"end":{"line":27,"column":58}},"7":{"start":{"line":29,"column":4},"end":{"line":29,"column":60}}},"fnMap":{"0":{"name":"(anonymous_0)","decl":{"start":{"line":21,"column":19},"end":{"line":21,"column":20}},"loc":{"start":{"line":21,"column":39},"end":{"line":21,"column":68}},"line":21},"1":{"name":"(anonymous_1)","decl":{"start":{"line":23,"column":20},"end":{"line":23,"column":21}},"loc":{"start":{"line":23,"column":40},"end":{"line":23,"column":70}},"line":23},"2":{"name":"(anonymous_2)","decl":{"start":{"line":25,"column":16},"end":{"line":25,"column":17}},"loc":{"start":{"line":25,"column":54},"end":{"line":30,"column":1}},"line":25}},"branchMap":{},"s":{"0":6,"1":17,"2":6,"3":5,"4":6,"5":22,"6":22,"7":22},"f":{"0":17,"1":5,"2":22},"b":{},"_coverageSchema":"1a1c01bbd47fc00a2c39e90264f33305004495a9","hash":"5f89cebb38c02a6b2fa49403ba6d522fbf9e9f15"}
,"/home/runner/work/bwmon/bwmon/react/src/hooks/common/UseYear.js": {"path":"/home/runner/work/bwmon/bwmon/react/src/hooks/common/UseYear.js","statementMap":{"0":{"start":{"line":22,"column":16},"end":{"line":36,"column":1}},"1":{"start":{"line":23,"column":30},"end":{"line":23,"column":40}},"2":{"start":{"line":24,"column":28},"end":{"line":24,"column":38}},"3":{"start":{"line":26,"column":4},"end":{"line":33,"column":11}},"4":{"start":{"line":28,"column":26},"end":{"line":28,"column":46}},"5":{"start":{"line":29,"column":12},"end":{"line":29,"column":28}},"6":{"start":{"line":30,"column":12},"end":{"line":30,"column":30}},"7":{"start":{"line":32,"column":8},"end":{"line":32,"column":16}},"8":{"start":{"line":35,"column":4},"end":{"line":35,"column":36}}},"fnMap":{"0":{"name":"(anonymous_0)","decl":{"start":{"line":22,"column":16},"end":{"line":22,"column":17}},"loc":{"start":{"line":22,"column":22},"end":{"line":36,"column":1}},"line":22},"1":{"name":"(anonymous_1)","decl":{"start":{"line":26,"column":14},"end":{"line":26,"column":15}},"loc":{"start":{"line":26,"column":20},"end":{"line":33,"column":5}},"line":26},"2":{"name":"fetch","decl":{"start":{"line":27,"column":23},"end":{"line":27,"column":28}},"loc":{"start":{"line":27,"column":31},"end":{"line":31,"column":9}},"line":27}},"branchMap":{},"s":{"0":12,"1":183,"2":183,"3":183,"4":39,"5":39,"6":39,"7":39,"8":183},"f":{"0":183,"1":39,"2":39},"b":{},"_coverageSchema":"1a1c01bbd47fc00a2c39e90264f33305004495a9","hash":"ffd740f5bb11b4ae8813b81d8779cf3999ec5c94"}
,"/home/runner/work/bwmon/bwmon/react/src/hooks/common/UseYearMonth.js": {"path":"/home/runner/work/bwmon/bwmon/react/src/hooks/common/UseYearMonth.js","statementMap":{"0":{"start":{"line":23,"column":21},"end":{"line":40,"column":1}},"1":{"start":{"line":24,"column":37},"end":{"line":24,"column":46}},"2":{"start":{"line":25,"column":32},"end":{"line":25,"column":42}},"3":{"start":{"line":26,"column":30},"end":{"line":26,"column":40}},"4":{"start":{"line":28,"column":4},"end":{"line":37,"column":15}},"5":{"start":{"line":30,"column":27},"end":{"line":30,"column":52}},"6":{"start":{"line":31,"column":12},"end":{"line":31,"column":30}},"7":{"start":{"line":32,"column":12},"end":{"line":32,"column":32}},"8":{"start":{"line":34,"column":8},"end":{"line":36,"column":9}},"9":{"start":{"line":35,"column":12},"end":{"line":35,"column":20}},"10":{"start":{"line":39,"column":4},"end":{"line":39,"column":61}}},"fnMap":{"0":{"name":"(anonymous_0)","decl":{"start":{"line":23,"column":21},"end":{"line":23,"column":22}},"loc":{"start":{"line":23,"column":27},"end":{"line":40,"column":1}},"line":23},"1":{"name":"(anonymous_1)","decl":{"start":{"line":28,"column":14},"end":{"line":28,"column":15}},"loc":{"start":{"line":28,"column":20},"end":{"line":37,"column":5}},"line":28},"2":{"name":"fetch","decl":{"start":{"line":29,"column":23},"end":{"line":29,"column":28}},"loc":{"start":{"line":29,"column":31},"end":{"line":33,"column":9}},"line":29}},"branchMap":{"0":{"loc":{"start":{"line":34,"column":8},"end":{"line":36,"column":9}},"type":"if","locations":[{"start":{"line":34,"column":8},"end":{"line":36,"column":9}},{"start":{},"end":{}}],"line":34}},"s":{"0":7,"1":140,"2":140,"3":140,"4":140,"5":32,"6":32,"7":32,"8":60,"9":32,"10":140},"f":{"0":140,"1":60,"2":32},"b":{"0":[32,28]},"_coverageSchema":"1a1c01bbd47fc00a2c39e90264f33305004495a9","hash":"d336ec29d011c51f94f565f8be279ab1618ae86e"}
,"/home/runner/work/bwmon/bwmon/react/src/menu/Menu.jsx": {"path":"/home/runner/work/bwmon/bwmon/react/src/menu/Menu.jsx","statementMap":{"0":{"start":{"line":30,"column":8},"end":{"line":30,"column":21}},"1":{"start":{"line":31,"column":8},"end":{"line":31,"column":31}},"2":{"start":{"line":32,"column":8},"end":{"line":32,"column":33}},"3":{"start":{"line":33,"column":8},"end":{"line":33,"column":27}},"4":{"start":{"line":34,"column":8},"end":{"line":34,"column":25}},"5":{"start":{"line":38,"column":13},"end":{"line":45,"column":1}}},"fnMap":{"0":{"name":"(anonymous_0)","decl":{"start":{"line":29,"column":4},"end":{"line":29,"column":5}},"loc":{"start":{"line":29,"column":52},"end":{"line":35,"column":5}},"line":29}},"branchMap":{},"s":{"0":12,"1":12,"2":12,"3":12,"4":12,"5":2},"f":{"0":12},"b":{},"_coverageSchema":"1a1c01bbd47fc00a2c39e90264f33305004495a9","hash":"f385514ee8efd2d0381167829490f5c9398be72a"}
,"/home/runner/work/bwmon/bwmon/react/src/pages/bymonth/UsageByMonth.jsx": {"path":"/home/runner/work/bwmon/bwmon/react/src/pages/bymonth/UsageByMonth.jsx","statementMap":{"0":{"start":{"line":32,"column":18},"end":{"line":40,"column":1}},"1":{"start":{"line":42,"column":21},"end":{"line":89,"column":1}},"2":{"start":{"line":43,"column":52},"end":{"line":43,"column":69}},"3":{"start":{"line":44,"column":61},"end":{"line":44,"column":89}},"4":{"start":{"line":46,"column":29},"end":{"line":46,"column":67}},"5":{"start":{"line":46,"column":40},"end":{"line":46,"column":67}},"6":{"start":{"line":48,"column":30},"end":{"line":51,"column":5}},"7":{"start":{"line":49,"column":8},"end":{"line":49,"column":64}},"8":{"start":{"line":50,"column":8},"end":{"line":50,"column":29}},"9":{"start":{"line":53,"column":23},"end":{"line":53,"column":77}},"10":{"start":{"line":53,"column":29},"end":{"line":53,"column":77}},"11":{"start":{"line":55,"column":24},"end":{"line":81,"column":16}},"12":{"start":{"line":56,"column":8},"end":{"line":81,"column":16}},"13":{"start":{"line":83,"column":4},"end":{"line":88,"column":6}}},"fnMap":{"0":{"name":"(anonymous_0)","decl":{"start":{"line":42,"column":21},"end":{"line":42,"column":22}},"loc":{"start":{"line":42,"column":27},"end":{"line":89,"column":1}},"line":42},"1":{"name":"(anonymous_1)","decl":{"start":{"line":46,"column":29},"end":{"line":46,"column":30}},"loc":{"start":{"line":46,"column":40},"end":{"line":46,"column":67}},"line":46},"2":{"name":"(anonymous_2)","decl":{"start":{"line":48,"column":30},"end":{"line":48,"column":31}},"loc":{"start":{"line":48,"column":51},"end":{"line":51,"column":5}},"line":48},"3":{"name":"(anonymous_3)","decl":{"start":{"line":53,"column":23},"end":{"line":53,"column":24}},"loc":{"start":{"line":53,"column":29},"end":{"line":53,"column":77}},"line":53},"4":{"name":"(anonymous_4)","decl":{"start":{"line":55,"column":24},"end":{"line":55,"column":25}},"loc":{"start":{"line":56,"column":8},"end":{"line":81,"column":16}},"line":56}},"branchMap":{"0":{"loc":{"start":{"line":56,"column":8},"end":{"line":81,"column":16}},"type":"cond-expr","locations":[{"start":{"line":57,"column":12},"end":{"line":80,"column":20}},{"start":{"line":81,"column":12},"end":{"line":81,"column":16}}],"line":56}},"s":{"0":3,"1":3,"2":9,"3":9,"4":9,"5":1,"6":9,"7":2,"8":2,"9":9,"10":8,"11":9,"12":9,"13":9},"f":{"0":9,"1":1,"2":2,"3":8,"4":9},"b":{"0":[8,1]},"_coverageSchema":"1a1c01bbd47fc00a2c39e90264f33305004495a9","hash":"e6ddb5839cba3763b54361d2a4d9d63b51fb69d2"}
,"/home/runner/work/bwmon/bwmon/react/src/pages/bymonth/UsageByMonthGraph.jsx": {"path":"/home/runner/work/bwmon/bwmon/react/src/pages/bymonth/UsageByMonthGraph.jsx","statementMap":{"0":{"start":{"line":27,"column":16},"end":{"line":27,"column":44}},"1":{"start":{"line":29,"column":26},"end":{"line":53,"column":1}},"2":{"start":{"line":30,"column":63},"end":{"line":30,"column":85}},"3":{"start":{"line":32,"column":29},"end":{"line":32,"column":67}},"4":{"start":{"line":32,"column":40},"end":{"line":32,"column":67}},"5":{"start":{"line":34,"column":4},"end":{"line":52,"column":6}}},"fnMap":{"0":{"name":"(anonymous_0)","decl":{"start":{"line":29,"column":26},"end":{"line":29,"column":27}},"loc":{"start":{"line":29,"column":32},"end":{"line":53,"column":1}},"line":29},"1":{"name":"(anonymous_1)","decl":{"start":{"line":32,"column":29},"end":{"line":32,"column":30}},"loc":{"start":{"line":32,"column":40},"end":{"line":32,"column":67}},"line":32}},"branchMap":{},"s":{"0":3,"1":3,"2":5,"3":5,"4":1,"5":5},"f":{"0":5,"1":1},"b":{},"_coverageSchema":"1a1c01bbd47fc00a2c39e90264f33305004495a9","hash":"3d0e75a7282fbf183e92a9a64aeb78747213b019"}
,"/home/runner/work/bwmon/bwmon/react/src/pages/byuser/UsageByUser.jsx": {"path":"/home/runner/work/bwmon/bwmon/react/src/pages/byuser/UsageByUser.jsx","statementMap":{"0":{"start":{"line":32,"column":18},"end":{"line":44,"column":1}},"1":{"start":{"line":46,"column":23},"end":{"line":46,"column":25}},"2":{"start":{"line":48,"column":20},"end":{"line":125,"column":1}},"3":{"start":{"line":49,"column":96},"end":{"line":49,"column":112}},"4":{"start":{"line":50,"column":59},"end":{"line":50,"column":88}},"5":{"start":{"line":51,"column":61},"end":{"line":51,"column":88}},"6":{"start":{"line":53,"column":29},"end":{"line":53,"column":65}},"7":{"start":{"line":53,"column":49},"end":{"line":53,"column":65}},"8":{"start":{"line":55,"column":36},"end":{"line":58,"column":5}},"9":{"start":{"line":56,"column":8},"end":{"line":56,"column":51}},"10":{"start":{"line":57,"column":8},"end":{"line":57,"column":19}},"11":{"start":{"line":60,"column":29},"end":{"line":60,"column":67}},"12":{"start":{"line":60,"column":40},"end":{"line":60,"column":67}},"13":{"start":{"line":62,"column":30},"end":{"line":62,"column":69}},"14":{"start":{"line":62,"column":41},"end":{"line":62,"column":69}},"15":{"start":{"line":64,"column":31},"end":{"line":64,"column":71}},"16":{"start":{"line":64,"column":42},"end":{"line":64,"column":71}},"17":{"start":{"line":66,"column":30},"end":{"line":69,"column":5}},"18":{"start":{"line":67,"column":8},"end":{"line":67,"column":64}},"19":{"start":{"line":68,"column":8},"end":{"line":68,"column":29}},"20":{"start":{"line":71,"column":4},"end":{"line":73,"column":39}},"21":{"start":{"line":72,"column":8},"end":{"line":72,"column":19}},"22":{"start":{"line":75,"column":23},"end":{"line":76,"column":116}},"23":{"start":{"line":76,"column":8},"end":{"line":76,"column":116}},"24":{"start":{"line":78,"column":24},"end":{"line":78,"column":50}},"25":{"start":{"line":78,"column":30},"end":{"line":78,"column":50}},"26":{"start":{"line":80,"column":28},"end":{"line":90,"column":5}},"27":{"start":{"line":91,"column":24},"end":{"line":95,"column":5}},"28":{"start":{"line":96,"column":22},"end":{"line":96,"column":72}},"29":{"start":{"line":97,"column":24},"end":{"line":97,"column":72}},"30":{"start":{"line":98,"column":24},"end":{"line":110,"column":16}},"31":{"start":{"line":99,"column":8},"end":{"line":110,"column":16}},"32":{"start":{"line":112,"column":4},"end":{"line":124,"column":6}}},"fnMap":{"0":{"name":"(anonymous_0)","decl":{"start":{"line":48,"column":20},"end":{"line":48,"column":21}},"loc":{"start":{"line":48,"column":26},"end":{"line":125,"column":1}},"line":48},"1":{"name":"(anonymous_1)","decl":{"start":{"line":53,"column":29},"end":{"line":53,"column":30}},"loc":{"start":{"line":53,"column":49},"end":{"line":53,"column":65}},"line":53},"2":{"name":"(anonymous_2)","decl":{"start":{"line":55,"column":36},"end":{"line":55,"column":37}},"loc":{"start":{"line":55,"column":47},"end":{"line":58,"column":5}},"line":55},"3":{"name":"(anonymous_3)","decl":{"start":{"line":60,"column":29},"end":{"line":60,"column":30}},"loc":{"start":{"line":60,"column":40},"end":{"line":60,"column":67}},"line":60},"4":{"name":"(anonymous_4)","decl":{"start":{"line":62,"column":30},"end":{"line":62,"column":31}},"loc":{"start":{"line":62,"column":41},"end":{"line":62,"column":69}},"line":62},"5":{"name":"(anonymous_5)","decl":{"start":{"line":64,"column":31},"end":{"line":64,"column":32}},"loc":{"start":{"line":64,"column":42},"end":{"line":64,"column":71}},"line":64},"6":{"name":"(anonymous_6)","decl":{"start":{"line":66,"column":30},"end":{"line":66,"column":31}},"loc":{"start":{"line":66,"column":51},"end":{"line":69,"column":5}},"line":66},"7":{"name":"(anonymous_7)","decl":{"start":{"line":71,"column":14},"end":{"line":71,"column":15}},"loc":{"start":{"line":71,"column":20},"end":{"line":73,"column":5}},"line":71},"8":{"name":"(anonymous_8)","decl":{"start":{"line":75,"column":23},"end":{"line":75,"column":24}},"loc":{"start":{"line":76,"column":8},"end":{"line":76,"column":116}},"line":76},"9":{"name":"(anonymous_9)","decl":{"start":{"line":78,"column":24},"end":{"line":78,"column":25}},"loc":{"start":{"line":78,"column":30},"end":{"line":78,"column":50}},"line":78},"10":{"name":"(anonymous_10)","decl":{"start":{"line":98,"column":24},"end":{"line":98,"column":25}},"loc":{"start":{"line":99,"column":8},"end":{"line":110,"column":16}},"line":99}},"branchMap":{"0":{"loc":{"start":{"line":84,"column":15},"end":{"line":84,"column":57}},"type":"cond-expr","locations":[{"start":{"line":84,"column":36},"end":{"line":84,"column":53}},{"start":{"line":84,"column":56},"end":{"line":84,"column":57}}],"line":84},"1":{"loc":{"start":{"line":84,"column":15},"end":{"line":84,"column":33}},"type":"binary-expr","locations":[{"start":{"line":84,"column":15},"end":{"line":84,"column":19}},{"start":{"line":84,"column":23},"end":{"line":84,"column":33}}],"line":84},"2":{"loc":{"start":{"line":96,"column":32},"end":{"line":96,"column":70}},"type":"cond-expr","locations":[{"start":{"line":96,"column":53},"end":{"line":96,"column":65}},{"start":{"line":96,"column":68},"end":{"line":96,"column":70}}],"line":96},"3":{"loc":{"start":{"line":96,"column":32},"end":{"line":96,"column":50}},"type":"binary-expr","locations":[{"start":{"line":96,"column":32},"end":{"line":96,"column":36}},{"start":{"line":96,"column":40},"end":{"line":96,"column":50}}],"line":96},"4":{"loc":{"start":{"line":97,"column":34},"end":{"line":97,"column":70}},"type":"cond-expr","locations":[{"start":{"line":97,"column":55},"end":{"line":97,"column":65}},{"start":{"line":97,"column":68},"end":{"line":97,"column":70}}],"line":97},"5":{"loc":{"start":{"line":97,"column":34},"end":{"line":97,"column":52}},"type":"binary-expr","locations":[{"start":{"line":97,"column":34},"end":{"line":97,"column":38}},{"start":{"line":97,"column":42},"end":{"line":97,"column":52}}],"line":97},"6":{"loc":{"start":{"line":99,"column":8},"end":{"line":110,"column":16}},"type":"cond-expr","locations":[{"start":{"line":100,"column":12},"end":{"line":109,"column":14}},{"start":{"line":110,"column":12},"end":{"line":110,"column":16}}],"line":99}},"s":{"0":3,"1":3,"2":3,"3":35,"4":35,"5":35,"6":35,"7":2,"8":35,"9":1,"10":1,"11":35,"12":1,"13":35,"14":1,"15":35,"16":1,"17":35,"18":4,"19":4,"20":35,"21":29,"22":35,"23":24,"24":35,"25":59,"26":35,"27":35,"28":35,"29":35,"30":35,"31":35,"32":35},"f":{"0":35,"1":2,"2":1,"3":1,"4":1,"5":1,"6":4,"7":29,"8":24,"9":59,"10":35},"b":{"0":[24,11],"1":[35,24],"2":[24,11],"3":[35,24],"4":[24,11],"5":[35,24],"6":[24,11]},"_coverageSchema":"1a1c01bbd47fc00a2c39e90264f33305004495a9","hash":"56bec6bfa53f45231d5f6363ea9cb96bdbd81b55"}
,"/home/runner/work/bwmon/bwmon/react/src/pages/byuser/UsageByUserGraph.jsx": {"path":"/home/runner/work/bwmon/bwmon/react/src/pages/byuser/UsageByUserGraph.jsx","statementMap":{"0":{"start":{"line":28,"column":16},"end":{"line":28,"column":44}},"1":{"start":{"line":30,"column":25},"end":{"line":70,"column":1}},"2":{"start":{"line":31,"column":99},"end":{"line":31,"column":120}},"3":{"start":{"line":33,"column":29},"end":{"line":33,"column":67}},"4":{"start":{"line":33,"column":40},"end":{"line":33,"column":67}},"5":{"start":{"line":35,"column":30},"end":{"line":35,"column":69}},"6":{"start":{"line":35,"column":41},"end":{"line":35,"column":69}},"7":{"start":{"line":37,"column":31},"end":{"line":37,"column":71}},"8":{"start":{"line":37,"column":42},"end":{"line":37,"column":71}},"9":{"start":{"line":39,"column":4},"end":{"line":69,"column":6}}},"fnMap":{"0":{"name":"(anonymous_0)","decl":{"start":{"line":30,"column":25},"end":{"line":30,"column":26}},"loc":{"start":{"line":30,"column":31},"end":{"line":70,"column":1}},"line":30},"1":{"name":"(anonymous_1)","decl":{"start":{"line":33,"column":29},"end":{"line":33,"column":30}},"loc":{"start":{"line":33,"column":40},"end":{"line":33,"column":67}},"line":33},"2":{"name":"(anonymous_2)","decl":{"start":{"line":35,"column":30},"end":{"line":35,"column":31}},"loc":{"start":{"line":35,"column":41},"end":{"line":35,"column":69}},"line":35},"3":{"name":"(anonymous_3)","decl":{"start":{"line":37,"column":31},"end":{"line":37,"column":32}},"loc":{"start":{"line":37,"column":42},"end":{"line":37,"column":71}},"line":37}},"branchMap":{},"s":{"0":3,"1":3,"2":8,"3":8,"4":1,"5":8,"6":1,"7":8,"8":1,"9":8},"f":{"0":8,"1":1,"2":1,"3":1},"b":{},"_coverageSchema":"1a1c01bbd47fc00a2c39e90264f33305004495a9","hash":"b125605ba80858cc0e1df88443d7c3aa1c788a74"}
,"/home/runner/work/bwmon/bwmon/react/src/pages/byyear/UsageByYear.jsx": {"path":"/home/runner/work/bwmon/bwmon/react/src/pages/byyear/UsageByYear.jsx","statementMap":{"0":{"start":{"line":30,"column":18},"end":{"line":37,"column":1}},"1":{"start":{"line":39,"column":23},"end":{"line":39,"column":25}},"2":{"start":{"line":41,"column":20},"end":{"line":96,"column":1}},"3":{"start":{"line":42,"column":30},"end":{"line":42,"column":46}},"4":{"start":{"line":43,"column":59},"end":{"line":43,"column":88}},"5":{"start":{"line":44,"column":61},"end":{"line":44,"column":89}},"6":{"start":{"line":46,"column":29},"end":{"line":46,"column":65}},"7":{"start":{"line":46,"column":49},"end":{"line":46,"column":65}},"8":{"start":{"line":48,"column":36},"end":{"line":51,"column":5}},"9":{"start":{"line":49,"column":8},"end":{"line":49,"column":51}},"10":{"start":{"line":50,"column":8},"end":{"line":50,"column":19}},"11":{"start":{"line":53,"column":30},"end":{"line":56,"column":5}},"12":{"start":{"line":54,"column":8},"end":{"line":54,"column":64}},"13":{"start":{"line":55,"column":8},"end":{"line":55,"column":29}},"14":{"start":{"line":58,"column":23},"end":{"line":58,"column":131}},"15":{"start":{"line":58,"column":29},"end":{"line":58,"column":131}},"16":{"start":{"line":60,"column":28},"end":{"line":70,"column":5}},"17":{"start":{"line":71,"column":24},"end":{"line":75,"column":5}},"18":{"start":{"line":76,"column":22},"end":{"line":76,"column":58}},"19":{"start":{"line":77,"column":24},"end":{"line":88,"column":16}},"20":{"start":{"line":78,"column":8},"end":{"line":88,"column":16}},"21":{"start":{"line":90,"column":4},"end":{"line":95,"column":6}}},"fnMap":{"0":{"name":"(anonymous_0)","decl":{"start":{"line":41,"column":20},"end":{"line":41,"column":21}},"loc":{"start":{"line":41,"column":26},"end":{"line":96,"column":1}},"line":41},"1":{"name":"(anonymous_1)","decl":{"start":{"line":46,"column":29},"end":{"line":46,"column":30}},"loc":{"start":{"line":46,"column":49},"end":{"line":46,"column":65}},"line":46},"2":{"name":"(anonymous_2)","decl":{"start":{"line":48,"column":36},"end":{"line":48,"column":37}},"loc":{"start":{"line":48,"column":47},"end":{"line":51,"column":5}},"line":48},"3":{"name":"(anonymous_3)","decl":{"start":{"line":53,"column":30},"end":{"line":53,"column":31}},"loc":{"start":{"line":53,"column":51},"end":{"line":56,"column":5}},"line":53},"4":{"name":"(anonymous_4)","decl":{"start":{"line":58,"column":23},"end":{"line":58,"column":24}},"loc":{"start":{"line":58,"column":29},"end":{"line":58,"column":131}},"line":58},"5":{"name":"(anonymous_5)","decl":{"start":{"line":77,"column":24},"end":{"line":77,"column":25}},"loc":{"start":{"line":78,"column":8},"end":{"line":88,"column":16}},"line":78}},"branchMap":{"0":{"loc":{"start":{"line":64,"column":15},"end":{"line":64,"column":37}},"type":"cond-expr","locations":[{"start":{"line":64,"column":22},"end":{"line":64,"column":33}},{"start":{"line":64,"column":36},"end":{"line":64,"column":37}}],"line":64},"1":{"loc":{"start":{"line":76,"column":32},"end":{"line":76,"column":56}},"type":"cond-expr","locations":[{"start":{"line":76,"column":39},"end":{"line":76,"column":51}},{"start":{"line":76,"column":54},"end":{"line":76,"column":56}}],"line":76},"2":{"loc":{"start":{"line":78,"column":8},"end":{"line":88,"column":16}},"type":"cond-expr","locations":[{"start":{"line":79,"column":12},"end":{"line":87,"column":14}},{"start":{"line":88,"column":12},"end":{"line":88,"column":16}}],"line":78}},"s":{"0":3,"1":3,"2":3,"3":14,"4":14,"5":14,"6":14,"7":2,"8":14,"9":1,"10":1,"11":14,"12":2,"13":2,"14":14,"15":13,"16":14,"17":14,"18":14,"19":14,"20":14,"21":14},"f":{"0":14,"1":2,"2":1,"3":2,"4":13,"5":14},"b":{"0":[13,1],"1":[13,1],"2":[13,1]},"_coverageSchema":"1a1c01bbd47fc00a2c39e90264f33305004495a9","hash":"29fbe292376076ca827f95fc56c85916cf5b853d"}
,"/home/runner/work/bwmon/bwmon/react/src/pages/byyear/UsageByYearGraph.jsx": {"path":"/home/runner/work/bwmon/bwmon/react/src/pages/byyear/UsageByYearGraph.jsx","statementMap":{"0":{"start":{"line":25,"column":25},"end":{"line":34,"column":1}},"1":{"start":{"line":26,"column":41},"end":{"line":26,"column":62}},"2":{"start":{"line":28,"column":4},"end":{"line":33,"column":6}}},"fnMap":{"0":{"name":"(anonymous_0)","decl":{"start":{"line":25,"column":25},"end":{"line":25,"column":26}},"loc":{"start":{"line":25,"column":31},"end":{"line":34,"column":1}},"line":25}},"branchMap":{},"s":{"0":3,"1":3,"2":3},"f":{"0":3},"b":{},"_coverageSchema":"1a1c01bbd47fc00a2c39e90264f33305004495a9","hash":"2d98bb70014c8daf456152b67d0f229b8e21cdf3"}
,"/home/runner/work/bwmon/bwmon/react/src/services/API.js": {"path":"/home/runner/work/bwmon/bwmon/react/src/services/API.js","statementMap":{"0":{"start":{"line":24,"column":20},"end":{"line":24,"column":22}},"1":{"start":{"line":28,"column":8},"end":{"line":28,"column":37}},"2":{"start":{"line":31,"column":16},"end":{"line":31,"column":37}},"3":{"start":{"line":31,"column":26},"end":{"line":31,"column":37}},"4":{"start":{"line":33,"column":16},"end":{"line":36,"column":5}},"5":{"start":{"line":34,"column":23},"end":{"line":34,"column":34}},"6":{"start":{"line":35,"column":8},"end":{"line":35,"column":60}},"7":{"start":{"line":38,"column":19},"end":{"line":41,"column":5}},"8":{"start":{"line":39,"column":23},"end":{"line":39,"column":40}},"9":{"start":{"line":40,"column":8},"end":{"line":40,"column":60}},"10":{"start":{"line":43,"column":14},"end":{"line":46,"column":5}},"11":{"start":{"line":44,"column":23},"end":{"line":44,"column":38}},"12":{"start":{"line":45,"column":8},"end":{"line":45,"column":63}},"13":{"start":{"line":48,"column":11},"end":{"line":56,"column":5}},"14":{"start":{"line":49,"column":24},"end":{"line":49,"column":40}},"15":{"start":{"line":50,"column":8},"end":{"line":54,"column":9}},"16":{"start":{"line":51,"column":25},"end":{"line":51,"column":70}},"17":{"start":{"line":52,"column":12},"end":{"line":52,"column":50}},"18":{"start":{"line":53,"column":12},"end":{"line":53,"column":32}},"19":{"start":{"line":55,"column":8},"end":{"line":55,"column":27}},"20":{"start":{"line":58,"column":10},"end":{"line":70,"column":5}},"21":{"start":{"line":59,"column":23},"end":{"line":59,"column":24}},"22":{"start":{"line":60,"column":21},"end":{"line":60,"column":22}},"23":{"start":{"line":61,"column":20},"end":{"line":61,"column":21}},"24":{"start":{"line":63,"column":8},"end":{"line":67,"column":11}},"25":{"start":{"line":64,"column":12},"end":{"line":64,"column":39}},"26":{"start":{"line":65,"column":12},"end":{"line":65,"column":35}},"27":{"start":{"line":66,"column":12},"end":{"line":66,"column":33}},"28":{"start":{"line":68,"column":24},"end":{"line":68,"column":50}},"29":{"start":{"line":69,"column":8},"end":{"line":69,"column":62}},"30":{"start":{"line":72,"column":15},"end":{"line":75,"column":5}},"31":{"start":{"line":73,"column":23},"end":{"line":73,"column":40}},"32":{"start":{"line":74,"column":8},"end":{"line":74,"column":67}},"33":{"start":{"line":74,"column":51},"end":{"line":74,"column":63}},"34":{"start":{"line":77,"column":16},"end":{"line":80,"column":5}},"35":{"start":{"line":78,"column":23},"end":{"line":78,"column":40}},"36":{"start":{"line":79,"column":8},"end":{"line":79,"column":111}},"37":{"start":{"line":79,"column":54},"end":{"line":79,"column":75}},"38":{"start":{"line":79,"column":94},"end":{"line":79,"column":107}},"39":{"start":{"line":82,"column":21},"end":{"line":87,"column":5}},"40":{"start":{"line":83,"column":23},"end":{"line":83,"column":40}},"41":{"start":{"line":84,"column":21},"end":{"line":84,"column":60}},"42":{"start":{"line":85,"column":22},"end":{"line":85,"column":71}},"43":{"start":{"line":85,"column":49},"end":{"line":85,"column":70}},"44":{"start":{"line":86,"column":8},"end":{"line":86,"column":43}},"45":{"start":{"line":89,"column":21},"end":{"line":106,"column":5}},"46":{"start":{"line":90,"column":23},"end":{"line":90,"column":40}},"47":{"start":{"line":91,"column":21},"end":{"line":91,"column":60}},"48":{"start":{"line":92,"column":20},"end":{"line":92,"column":96}},"49":{"start":{"line":92,"column":47},"end":{"line":92,"column":95}},"50":{"start":{"line":93,"column":8},"end":{"line":102,"column":9}},"51":{"start":{"line":94,"column":12},"end":{"line":101,"column":15}},"52":{"start":{"line":95,"column":38},"end":{"line":95,"column":58}},"53":{"start":{"line":96,"column":16},"end":{"line":100,"column":18}},"54":{"start":{"line":103,"column":22},"end":{"line":103,"column":50}},"55":{"start":{"line":104,"column":8},"end":{"line":104,"column":100}},"56":{"start":{"line":104,"column":34},"end":{"line":104,"column":97}},"57":{"start":{"line":105,"column":8},"end":{"line":105,"column":32}},"58":{"start":{"line":109,"column":14},"end":{"line":109,"column":25}},"59":{"start":{"line":112,"column":15},"end":{"line":112,"column":49}},"60":{"start":{"line":112,"column":27},"end":{"line":112,"column":49}},"61":{"start":{"line":114,"column":16},"end":{"line":117,"column":5}},"62":{"start":{"line":115,"column":23},"end":{"line":115,"column":50}},"63":{"start":{"line":116,"column":8},"end":{"line":116,"column":83}},"64":{"start":{"line":116,"column":37},"end":{"line":116,"column":81}},"65":{"start":{"line":119,"column":21},"end":{"line":120,"column":108}},"66":{"start":{"line":120,"column":8},"end":{"line":120,"column":108}},"67":{"start":{"line":122,"column":22},"end":{"line":133,"column":5}},"68":{"start":{"line":123,"column":23},"end":{"line":123,"column":50}},"69":{"start":{"line":124,"column":22},"end":{"line":124,"column":54}},"70":{"start":{"line":125,"column":20},"end":{"line":130,"column":9}},"71":{"start":{"line":127,"column":31},"end":{"line":127,"column":70}},"72":{"start":{"line":128,"column":16},"end":{"line":128,"column":36}},"73":{"start":{"line":131,"column":8},"end":{"line":131,"column":100}},"74":{"start":{"line":131,"column":34},"end":{"line":131,"column":97}},"75":{"start":{"line":132,"column":8},"end":{"line":132,"column":32}},"76":{"start":{"line":135,"column":21},"end":{"line":143,"column":5}},"77":{"start":{"line":136,"column":22},"end":{"line":136,"column":44}},"78":{"start":{"line":137,"column":8},"end":{"line":142,"column":10}},"79":{"start":{"line":139,"column":31},"end":{"line":139,"column":64}},"80":{"start":{"line":140,"column":16},"end":{"line":140,"column":30}},"81":{"start":{"line":146,"column":12},"end":{"line":146,"column":25}}},"fnMap":{"0":{"name":"(anonymous_0)","decl":{"start":{"line":27,"column":4},"end":{"line":27,"column":5}},"loc":{"start":{"line":27,"column":18},"end":{"line":29,"column":5}},"line":27},"1":{"name":"(anonymous_1)","decl":{"start":{"line":31,"column":16},"end":{"line":31,"column":17}},"loc":{"start":{"line":31,"column":26},"end":{"line":31,"column":37}},"line":31},"2":{"name":"(anonymous_2)","decl":{"start":{"line":33,"column":16},"end":{"line":33,"column":17}},"loc":{"start":{"line":33,"column":26},"end":{"line":36,"column":5}},"line":33},"3":{"name":"(anonymous_3)","decl":{"start":{"line":38,"column":19},"end":{"line":38,"column":20}},"loc":{"start":{"line":38,"column":29},"end":{"line":41,"column":5}},"line":38},"4":{"name":"(anonymous_4)","decl":{"start":{"line":43,"column":14},"end":{"line":43,"column":15}},"loc":{"start":{"line":43,"column":24},"end":{"line":46,"column":5}},"line":43},"5":{"name":"(anonymous_5)","decl":{"start":{"line":48,"column":11},"end":{"line":48,"column":12}},"loc":{"start":{"line":48,"column":23},"end":{"line":56,"column":5}},"line":48},"6":{"name":"(anonymous_6)","decl":{"start":{"line":58,"column":10},"end":{"line":58,"column":11}},"loc":{"start":{"line":58,"column":33},"end":{"line":70,"column":5}},"line":58},"7":{"name":"(anonymous_7)","decl":{"start":{"line":63,"column":24},"end":{"line":63,"column":25}},"loc":{"start":{"line":63,"column":35},"end":{"line":67,"column":9}},"line":63},"8":{"name":"(anonymous_8)","decl":{"start":{"line":72,"column":15},"end":{"line":72,"column":16}},"loc":{"start":{"line":72,"column":27},"end":{"line":75,"column":5}},"line":72},"9":{"name":"(anonymous_9)","decl":{"start":{"line":74,"column":38},"end":{"line":74,"column":39}},"loc":{"start":{"line":74,"column":51},"end":{"line":74,"column":63}},"line":74},"10":{"name":"(anonymous_10)","decl":{"start":{"line":77,"column":16},"end":{"line":77,"column":17}},"loc":{"start":{"line":77,"column":32},"end":{"line":80,"column":5}},"line":77},"11":{"name":"(anonymous_11)","decl":{"start":{"line":79,"column":41},"end":{"line":79,"column":42}},"loc":{"start":{"line":79,"column":54},"end":{"line":79,"column":75}},"line":79},"12":{"name":"(anonymous_12)","decl":{"start":{"line":79,"column":81},"end":{"line":79,"column":82}},"loc":{"start":{"line":79,"column":94},"end":{"line":79,"column":107}},"line":79},"13":{"name":"(anonymous_13)","decl":{"start":{"line":82,"column":21},"end":{"line":82,"column":22}},"loc":{"start":{"line":82,"column":37},"end":{"line":87,"column":5}},"line":82},"14":{"name":"(anonymous_14)","decl":{"start":{"line":85,"column":36},"end":{"line":85,"column":37}},"loc":{"start":{"line":85,"column":49},"end":{"line":85,"column":70}},"line":85},"15":{"name":"(anonymous_15)","decl":{"start":{"line":89,"column":21},"end":{"line":89,"column":22}},"loc":{"start":{"line":89,"column":52},"end":{"line":106,"column":5}},"line":89},"16":{"name":"(anonymous_16)","decl":{"start":{"line":92,"column":34},"end":{"line":92,"column":35}},"loc":{"start":{"line":92,"column":47},"end":{"line":92,"column":95}},"line":92},"17":{"name":"(anonymous_17)","decl":{"start":{"line":94,"column":33},"end":{"line":94,"column":34}},"loc":{"start":{"line":94,"column":44},"end":{"line":101,"column":13}},"line":94},"18":{"name":"(anonymous_18)","decl":{"start":{"line":104,"column":22},"end":{"line":104,"column":23}},"loc":{"start":{"line":104,"column":34},"end":{"line":104,"column":97}},"line":104},"19":{"name":"(anonymous_19)","decl":{"start":{"line":112,"column":15},"end":{"line":112,"column":16}},"loc":{"start":{"line":112,"column":27},"end":{"line":112,"column":49}},"line":112},"20":{"name":"(anonymous_20)","decl":{"start":{"line":114,"column":16},"end":{"line":114,"column":17}},"loc":{"start":{"line":114,"column":32},"end":{"line":117,"column":5}},"line":114},"21":{"name":"(anonymous_21)","decl":{"start":{"line":116,"column":26},"end":{"line":116,"column":27}},"loc":{"start":{"line":116,"column":37},"end":{"line":116,"column":81}},"line":116},"22":{"name":"(anonymous_22)","decl":{"start":{"line":119,"column":21},"end":{"line":119,"column":22}},"loc":{"start":{"line":120,"column":8},"end":{"line":120,"column":108}},"line":120},"23":{"name":"(anonymous_23)","decl":{"start":{"line":122,"column":22},"end":{"line":122,"column":23}},"loc":{"start":{"line":122,"column":38},"end":{"line":133,"column":5}},"line":122},"24":{"name":"(anonymous_24)","decl":{"start":{"line":126,"column":23},"end":{"line":126,"column":24}},"loc":{"start":{"line":126,"column":40},"end":{"line":129,"column":13}},"line":126},"25":{"name":"(anonymous_25)","decl":{"start":{"line":131,"column":22},"end":{"line":131,"column":23}},"loc":{"start":{"line":131,"column":34},"end":{"line":131,"column":97}},"line":131},"26":{"name":"(anonymous_26)","decl":{"start":{"line":135,"column":21},"end":{"line":135,"column":22}},"loc":{"start":{"line":135,"column":33},"end":{"line":143,"column":5}},"line":135},"27":{"name":"(anonymous_27)","decl":{"start":{"line":138,"column":22},"end":{"line":138,"column":23}},"loc":{"start":{"line":138,"column":39},"end":{"line":141,"column":13}},"line":138}},"branchMap":{"0":{"loc":{"start":{"line":35,"column":15},"end":{"line":35,"column":59}},"type":"cond-expr","locations":[{"start":{"line":35,"column":30},"end":{"line":35,"column":50}},{"start":{"line":35,"column":53},"end":{"line":35,"column":59}}],"line":35},"1":{"loc":{"start":{"line":40,"column":15},"end":{"line":40,"column":59}},"type":"cond-expr","locations":[{"start":{"line":40,"column":30},"end":{"line":40,"column":50}},{"start":{"line":40,"column":53},"end":{"line":40,"column":59}}],"line":40},"2":{"loc":{"start":{"line":45,"column":15},"end":{"line":45,"column":62}},"type":"cond-expr","locations":[{"start":{"line":45,"column":30},"end":{"line":45,"column":53}},{"start":{"line":45,"column":56},"end":{"line":45,"column":62}}],"line":45},"3":{"loc":{"start":{"line":50,"column":8},"end":{"line":54,"column":9}},"type":"if","locations":[{"start":{"line":50,"column":8},"end":{"line":54,"column":9}},{"start":{},"end":{}}],"line":50},"4":{"loc":{"start":{"line":50,"column":12},"end":{"line":50,"column":87}},"type":"binary-expr","locations":[{"start":{"line":50,"column":12},"end":{"line":50,"column":24}},{"start":{"line":50,"column":28},"end":{"line":50,"column":87}}],"line":50},"5":{"loc":{"start":{"line":92,"column":47},"end":{"line":92,"column":95}},"type":"binary-expr","locations":[{"start":{"line":92,"column":47},"end":{"line":92,"column":68}},{"start":{"line":92,"column":72},"end":{"line":92,"column":95}}],"line":92},"6":{"loc":{"start":{"line":93,"column":8},"end":{"line":102,"column":9}},"type":"if","locations":[{"start":{"line":93,"column":8},"end":{"line":102,"column":9}},{"start":{},"end":{}}],"line":93},"7":{"loc":{"start":{"line":97,"column":20},"end":{"line":99,"column":76}},"type":"binary-expr","locations":[{"start":{"line":97,"column":20},"end":{"line":97,"column":82}},{"start":{"line":98,"column":20},"end":{"line":98,"column":75}},{"start":{"line":99,"column":20},"end":{"line":99,"column":76}}],"line":97}},"s":{"0":17,"1":17,"2":17,"3":20,"4":17,"5":5820,"6":5820,"7":17,"8":12100,"9":12100,"10":17,"11":13010,"12":13010,"13":17,"14":276,"15":276,"16":10,"17":10,"18":10,"19":276,"20":17,"21":185,"22":185,"23":185,"24":185,"25":3610,"26":3610,"27":3610,"28":185,"29":185,"30":17,"31":44,"32":44,"33":11044,"34":17,"35":47,"36":47,"37":11797,"38":3956,"39":17,"40":26,"41":26,"42":26,"43":6526,"44":26,"45":17,"46":159,"47":159,"48":159,"49":39909,"50":159,"51":5,"52":72,"53":72,"54":159,"55":159,"56":1548,"57":159,"58":17,"59":17,"60":40,"61":17,"62":33,"63":33,"64":311,"65":17,"66":37,"67":17,"68":14,"69":14,"70":14,"71":122,"72":122,"73":14,"74":122,"75":14,"76":17,"77":4,"78":4,"79":12,"80":12,"81":17},"f":{"0":17,"1":20,"2":5820,"3":12100,"4":13010,"5":276,"6":185,"7":3610,"8":44,"9":11044,"10":47,"11":11797,"12":3956,"13":26,"14":6526,"15":159,"16":39909,"17":72,"18":1548,"19":40,"20":33,"21":311,"22":37,"23":14,"24":122,"25":122,"26":4,"27":12},"b":{"0":[20,5800],"1":[5820,6280],"2":[12100,910],"3":[10,266],"4":[276,266],"5":[39909,13524],"6":[5,154],"7":[72,66,63]},"_coverageSchema":"1a1c01bbd47fc00a2c39e90264f33305004495a9","hash":"131ed605e29f5546ddc5367392133f162c6d9a81"}
,"/home/runner/work/bwmon/bwmon/react/src/services/Data.js": {"path":"/home/runner/work/bwmon/bwmon/react/src/services/Data.js","statementMap":{"0":{"start":{"line":23,"column":8},"end":{"line":23,"column":21}},"1":{"start":{"line":24,"column":8},"end":{"line":24,"column":31}},"2":{"start":{"line":25,"column":8},"end":{"line":25,"column":23}},"3":{"start":{"line":26,"column":8},"end":{"line":26,"column":25}},"4":{"start":{"line":27,"column":8},"end":{"line":27,"column":47}},"5":{"start":{"line":28,"column":8},"end":{"line":28,"column":43}},"6":{"start":{"line":29,"column":8},"end":{"line":29,"column":39}},"7":{"start":{"line":30,"column":8},"end":{"line":30,"column":37}},"8":{"start":{"line":31,"column":8},"end":{"line":31,"column":40}},"9":{"start":{"line":32,"column":8},"end":{"line":32,"column":41}},"10":{"start":{"line":33,"column":8},"end":{"line":33,"column":49}},"11":{"start":{"line":34,"column":8},"end":{"line":34,"column":94}},"12":{"start":{"line":35,"column":8},"end":{"line":35,"column":60}}},"fnMap":{"0":{"name":"(anonymous_0)","decl":{"start":{"line":22,"column":4},"end":{"line":22,"column":5}},"loc":{"start":{"line":22,"column":64},"end":{"line":36,"column":5}},"line":22}},"branchMap":{},"s":{"0":2514,"1":2514,"2":2514,"3":2514,"4":2514,"5":2514,"6":2514,"7":2514,"8":2514,"9":2514,"10":2514,"11":2514,"12":2514},"f":{"0":2514},"b":{},"_coverageSchema":"1a1c01bbd47fc00a2c39e90264f33305004495a9","hash":"56bce343d93a59251527522d52cfea1c184f603f"}
,"/home/runner/work/bwmon/bwmon/react/src/services/Usage.js": {"path":"/home/runner/work/bwmon/bwmon/react/src/services/Usage.js","statementMap":{"0":{"start":{"line":21,"column":16},"end":{"line":42,"column":40}},"1":{"start":{"line":22,"column":4},"end":{"line":42,"column":40}},"2":{"start":{"line":26,"column":29},"end":{"line":26,"column":65}},"3":{"start":{"line":27,"column":12},"end":{"line":29,"column":13}},"4":{"start":{"line":28,"column":16},"end":{"line":28,"column":28}},"5":{"start":{"line":30,"column":12},"end":{"line":40,"column":14}},"6":{"start":{"line":42,"column":26},"end":{"line":42,"column":39}},"7":{"start":{"line":45,"column":14},"end":{"line":53,"column":5}},"8":{"start":{"line":46,"column":25},"end":{"line":46,"column":47}},"9":{"start":{"line":47,"column":25},"end":{"line":47,"column":46}},"10":{"start":{"line":48,"column":8},"end":{"line":50,"column":9}},"11":{"start":{"line":49,"column":12},"end":{"line":49,"column":73}},"12":{"start":{"line":51,"column":23},"end":{"line":51,"column":44}},"13":{"start":{"line":52,"column":8},"end":{"line":52,"column":31}},"14":{"start":{"line":56,"column":14},"end":{"line":56,"column":25}}},"fnMap":{"0":{"name":"(anonymous_0)","decl":{"start":{"line":21,"column":16},"end":{"line":21,"column":17}},"loc":{"start":{"line":22,"column":4},"end":{"line":42,"column":40}},"line":22},"1":{"name":"(anonymous_1)","decl":{"start":{"line":25,"column":13},"end":{"line":25,"column":14}},"loc":{"start":{"line":25,"column":30},"end":{"line":41,"column":9}},"line":25},"2":{"name":"(anonymous_2)","decl":{"start":{"line":42,"column":16},"end":{"line":42,"column":17}},"loc":{"start":{"line":42,"column":26},"end":{"line":42,"column":39}},"line":42},"3":{"name":"(anonymous_3)","decl":{"start":{"line":45,"column":14},"end":{"line":45,"column":15}},"loc":{"start":{"line":45,"column":34},"end":{"line":53,"column":5}},"line":45}},"branchMap":{"0":{"loc":{"start":{"line":27,"column":12},"end":{"line":29,"column":13}},"type":"if","locations":[{"start":{"line":27,"column":12},"end":{"line":29,"column":13}},{"start":{},"end":{}}],"line":27},"1":{"loc":{"start":{"line":48,"column":8},"end":{"line":50,"column":9}},"type":"if","locations":[{"start":{"line":48,"column":8},"end":{"line":50,"column":9}},{"start":{},"end":{}}],"line":48}},"s":{"0":8,"1":1,"2":7,"3":7,"4":4,"5":3,"6":7,"7":8,"8":2,"9":2,"10":2,"11":1,"12":1,"13":1,"14":8},"f":{"0":1,"1":7,"2":7,"3":2},"b":{"0":[4,3],"1":[1,1]},"_coverageSchema":"1a1c01bbd47fc00a2c39e90264f33305004495a9","hash":"19831fe6eff0dcb89bf4678ca81ef72dd3961afa"}
,"/home/runner/work/bwmon/bwmon/react/src/utils/ConversionUtils.js": {"path":"/home/runner/work/bwmon/bwmon/react/src/utils/ConversionUtils.js","statementMap":{"0":{"start":{"line":21,"column":26},"end":{"line":21,"column":101}},"1":{"start":{"line":21,"column":36},"end":{"line":21,"column":101}},"2":{"start":{"line":22,"column":23},"end":{"line":22,"column":78}},"3":{"start":{"line":22,"column":34},"end":{"line":22,"column":78}},"4":{"start":{"line":23,"column":29},"end":{"line":23,"column":76}},"5":{"start":{"line":23,"column":40},"end":{"line":23,"column":76}},"6":{"start":{"line":24,"column":25},"end":{"line":24,"column":66}},"7":{"start":{"line":24,"column":36},"end":{"line":24,"column":66}},"8":{"start":{"line":25,"column":22},"end":{"line":25,"column":128}},"9":{"start":{"line":25,"column":33},"end":{"line":25,"column":128}},"10":{"start":{"line":26,"column":24},"end":{"line":26,"column":121}},"11":{"start":{"line":26,"column":35},"end":{"line":26,"column":121}},"12":{"start":{"line":26,"column":77},"end":{"line":26,"column":111}}},"fnMap":{"0":{"name":"(anonymous_0)","decl":{"start":{"line":21,"column":26},"end":{"line":21,"column":27}},"loc":{"start":{"line":21,"column":36},"end":{"line":21,"column":101}},"line":21},"1":{"name":"(anonymous_1)","decl":{"start":{"line":22,"column":23},"end":{"line":22,"column":24}},"loc":{"start":{"line":22,"column":34},"end":{"line":22,"column":78}},"line":22},"2":{"name":"(anonymous_2)","decl":{"start":{"line":23,"column":29},"end":{"line":23,"column":30}},"loc":{"start":{"line":23,"column":40},"end":{"line":23,"column":76}},"line":23},"3":{"name":"(anonymous_3)","decl":{"start":{"line":24,"column":25},"end":{"line":24,"column":26}},"loc":{"start":{"line":24,"column":36},"end":{"line":24,"column":66}},"line":24},"4":{"name":"(anonymous_4)","decl":{"start":{"line":25,"column":22},"end":{"line":25,"column":23}},"loc":{"start":{"line":25,"column":33},"end":{"line":25,"column":128}},"line":25},"5":{"name":"(anonymous_5)","decl":{"start":{"line":26,"column":24},"end":{"line":26,"column":25}},"loc":{"start":{"line":26,"column":35},"end":{"line":26,"column":121}},"line":26},"6":{"name":"(anonymous_6)","decl":{"start":{"line":26,"column":59},"end":{"line":26,"column":60}},"loc":{"start":{"line":26,"column":77},"end":{"line":26,"column":111}},"line":26}},"branchMap":{},"s":{"0":23,"1":849,"2":23,"3":65,"4":23,"5":2988,"6":23,"7":441,"8":23,"9":706,"10":23,"11":2566,"12":10264},"f":{"0":849,"1":65,"2":2988,"3":441,"4":706,"5":2566,"6":10264},"b":{},"_coverageSchema":"1a1c01bbd47fc00a2c39e90264f33305004495a9","hash":"31d05d161b08820f5f75dc53b6f6cc99df79ff79"}
,"/home/runner/work/bwmon/bwmon/react/src/utils/SortUtils.js": {"path":"/home/runner/work/bwmon/bwmon/react/src/utils/SortUtils.js","statementMap":{"0":{"start":{"line":19,"column":20},"end":{"line":19,"column":97}},"1":{"start":{"line":19,"column":55},"end":{"line":19,"column":96}},"2":{"start":{"line":21,"column":19},"end":{"line":38,"column":1}},"3":{"start":{"line":22,"column":22},"end":{"line":23,"column":113}},"4":{"start":{"line":23,"column":8},"end":{"line":23,"column":113}},"5":{"start":{"line":25,"column":22},"end":{"line":30,"column":5}},"6":{"start":{"line":26,"column":8},"end":{"line":26,"column":71}},"7":{"start":{"line":26,"column":62},"end":{"line":26,"column":71}},"8":{"start":{"line":27,"column":8},"end":{"line":27,"column":47}},"9":{"start":{"line":27,"column":37},"end":{"line":27,"column":47}},"10":{"start":{"line":28,"column":8},"end":{"line":28,"column":46}},"11":{"start":{"line":28,"column":37},"end":{"line":28,"column":46}},"12":{"start":{"line":29,"column":8},"end":{"line":29,"column":17}},"13":{"start":{"line":31,"column":23},"end":{"line":36,"column":5}},"14":{"start":{"line":32,"column":8},"end":{"line":32,"column":71}},"15":{"start":{"line":32,"column":62},"end":{"line":32,"column":71}},"16":{"start":{"line":33,"column":8},"end":{"line":33,"column":47}},"17":{"start":{"line":33,"column":37},"end":{"line":33,"column":47}},"18":{"start":{"line":34,"column":8},"end":{"line":34,"column":46}},"19":{"start":{"line":34,"column":37},"end":{"line":34,"column":46}},"20":{"start":{"line":35,"column":8},"end":{"line":35,"column":17}},"21":{"start":{"line":37,"column":4},"end":{"line":37,"column":98}},"22":{"start":{"line":37,"column":35},"end":{"line":37,"column":59}},"23":{"start":{"line":37,"column":72},"end":{"line":37,"column":97}},"24":{"start":{"line":40,"column":13},"end":{"line":40,"column":65}},"25":{"start":{"line":40,"column":37},"end":{"line":40,"column":65}}},"fnMap":{"0":{"name":"(anonymous_0)","decl":{"start":{"line":19,"column":20},"end":{"line":19,"column":21}},"loc":{"start":{"line":19,"column":55},"end":{"line":19,"column":96}},"line":19},"1":{"name":"(anonymous_1)","decl":{"start":{"line":21,"column":19},"end":{"line":21,"column":20}},"loc":{"start":{"line":21,"column":45},"end":{"line":38,"column":1}},"line":21},"2":{"name":"(anonymous_2)","decl":{"start":{"line":22,"column":22},"end":{"line":22,"column":23}},"loc":{"start":{"line":23,"column":8},"end":{"line":23,"column":113}},"line":23},"3":{"name":"(anonymous_3)","decl":{"start":{"line":25,"column":22},"end":{"line":25,"column":23}},"loc":{"start":{"line":25,"column":41},"end":{"line":30,"column":5}},"line":25},"4":{"name":"(anonymous_4)","decl":{"start":{"line":31,"column":23},"end":{"line":31,"column":24}},"loc":{"start":{"line":31,"column":42},"end":{"line":36,"column":5}},"line":31},"5":{"name":"(anonymous_5)","decl":{"start":{"line":37,"column":25},"end":{"line":37,"column":26}},"loc":{"start":{"line":37,"column":35},"end":{"line":37,"column":59}},"line":37},"6":{"name":"(anonymous_6)","decl":{"start":{"line":37,"column":62},"end":{"line":37,"column":63}},"loc":{"start":{"line":37,"column":72},"end":{"line":37,"column":97}},"line":37},"7":{"name":"(anonymous_7)","decl":{"start":{"line":40,"column":13},"end":{"line":40,"column":14}},"loc":{"start":{"line":40,"column":37},"end":{"line":40,"column":65}},"line":40}},"branchMap":{"0":{"loc":{"start":{"line":19,"column":55},"end":{"line":19,"column":96}},"type":"cond-expr","locations":[{"start":{"line":19,"column":78},"end":{"line":19,"column":88}},{"start":{"line":19,"column":91},"end":{"line":19,"column":96}}],"line":19},"1":{"loc":{"start":{"line":23,"column":8},"end":{"line":23,"column":113}},"type":"binary-expr","locations":[{"start":{"line":23,"column":8},"end":{"line":23,"column":31}},{"start":{"line":23,"column":35},"end":{"line":23,"column":63}},{"start":{"line":23,"column":67},"end":{"line":23,"column":113}}],"line":23},"2":{"loc":{"start":{"line":26,"column":8},"end":{"line":26,"column":71}},"type":"if","locations":[{"start":{"line":26,"column":8},"end":{"line":26,"column":71}},{"start":{},"end":{}}],"line":26},"3":{"loc":{"start":{"line":26,"column":12},"end":{"line":26,"column":60}},"type":"binary-expr","locations":[{"start":{"line":26,"column":12},"end":{"line":26,"column":34}},{"start":{"line":26,"column":38},"end":{"line":26,"column":60}}],"line":26},"4":{"loc":{"start":{"line":27,"column":8},"end":{"line":27,"column":47}},"type":"if","locations":[{"start":{"line":27,"column":8},"end":{"line":27,"column":47}},{"start":{},"end":{}}],"line":27},"5":{"loc":{"start":{"line":28,"column":8},"end":{"line":28,"column":46}},"type":"if","locations":[{"start":{"line":28,"column":8},"end":{"line":28,"column":46}},{"start":{},"end":{}}],"line":28},"6":{"loc":{"start":{"line":32,"column":8},"end":{"line":32,"column":71}},"type":"if","locations":[{"start":{"line":32,"column":8},"end":{"line":32,"column":71}},{"start":{},"end":{}}],"line":32},"7":{"loc":{"start":{"line":32,"column":12},"end":{"line":32,"column":60}},"type":"binary-expr","locations":[{"start":{"line":32,"column":12},"end":{"line":32,"column":34}},{"start":{"line":32,"column":38},"end":{"line":32,"column":60}}],"line":32},"8":{"loc":{"start":{"line":33,"column":8},"end":{"line":33,"column":47}},"type":"if","locations":[{"start":{"line":33,"column":8},"end":{"line":33,"column":47}},{"start":{},"end":{}}],"line":33},"9":{"loc":{"start":{"line":34,"column":8},"end":{"line":34,"column":46}},"type":"if","locations":[{"start":{"line":34,"column":8},"end":{"line":34,"column":46}},{"start":{},"end":{}}],"line":34},"10":{"loc":{"start":{"line":37,"column":11},"end":{"line":37,"column":97}},"type":"cond-expr","locations":[{"start":{"line":37,"column":25},"end":{"line":37,"column":59}},{"start":{"line":37,"column":62},"end":{"line":37,"column":97}}],"line":37}},"s":{"0":6,"1":16,"2":6,"3":70,"4":2023,"5":70,"6":975,"7":13,"8":962,"9":8,"10":954,"11":947,"12":7,"13":70,"14":43,"15":2,"16":41,"17":35,"18":6,"19":3,"20":3,"21":70,"22":975,"23":43,"24":6,"25":51},"f":{"0":16,"1":70,"2":2023,"3":975,"4":43,"5":975,"6":43,"7":51},"b":{"0":[7,9],"1":[2023,2021,2018],"2":[13,962],"3":[975,964],"4":[8,954],"5":[947,7],"6":[2,41],"7":[43,41],"8":[35,6],"9":[3,3],"10":[64,6]},"_coverageSchema":"1a1c01bbd47fc00a2c39e90264f33305004495a9","hash":"6f67857e511cdf1353244a9bb6184326b03411db"}
}
