TN:
SF:src/App.jsx
FN:37,(anonymous_0)
FNF:1
FNH:1
FNDA:2,(anonymous_0)
DA:33,1
DA:34,1
DA:35,1
DA:37,1
DA:38,2
DA:53,1
LF:6
LH:6
BRDA:33,0,0,1
BRDA:33,0,1,1
BRDA:37,1,0,1
BRDA:37,2,0,1
BRDA:37,3,0,1
BRF:5
BRH:5
end_of_record
TN:
SF:src/theme.js
FNF:0
FNH:0
DA:21,1
LF:1
LH:1
BRF:0
BRH:0
end_of_record
TN:
SF:src/components/graph/Graph.jsx
FN:23,(anonymous_0)
FN:25,(anonymous_1)
FNF:2
FNH:2
FNDA:1,(anonymous_0)
FNDA:1,(anonymous_1)
DA:23,11
DA:25,11
DA:26,1
DA:33,11
LF:4
LH:4
BRF:0
BRH:0
end_of_record
TN:
SF:src/components/inputs/DropDown.jsx
FN:23,(anonymous_0)
FN:26,(anonymous_1)
FNF:2
FNH:2
FNDA:94,(anonymous_0)
FNDA:269,(anonymous_1)
DA:23,17
DA:24,94
DA:27,269
DA:35,17
LF:4
LH:4
BRDA:24,0,0,79
BRDA:24,0,1,15
BRDA:24,1,0,94
BRDA:24,1,1,80
BRF:4
BRH:4
end_of_record
TN:
SF:src/components/inputs/Search.jsx
FN:23,(anonymous_0)
FNF:1
FNH:1
FNDA:10,(anonymous_0)
DA:23,16
DA:24,10
LF:2
LH:2
BRF:0
BRH:0
end_of_record
TN:
SF:src/components/loading/Loading.jsx
FN:26,(anonymous_0)
FNF:1
FNH:1
FNDA:74,(anonymous_0)
DA:24,17
DA:26,17
DA:27,74
DA:35,17
LF:4
LH:4
BRDA:27,0,0,13
BRDA:27,0,1,61
BRF:2
BRH:2
end_of_record
TN:
SF:src/components/main/ErrorDisplay.jsx
FN:23,(anonymous_0)
FNF:1
FNH:1
FNDA:1,(anonymous_0)
DA:23,17
DA:24,1
DA:32,17
LF:3
LH:3
BRF:0
BRH:0
end_of_record
TN:
SF:src/components/main/Footer.jsx
FN:25,(anonymous_0)
FNF:1
FNH:1
FNDA:3,(anonymous_0)
DA:23,17
DA:25,17
DA:26,3
DA:38,17
LF:4
LH:4
BRF:0
BRH:0
end_of_record
TN:
SF:src/components/main/Header.jsx
FN:25,(anonymous_0)
FNF:1
FNH:1
FNDA:3,(anonymous_0)
DA:23,17
DA:25,17
DA:26,3
DA:40,17
LF:4
LH:4
BRF:0
BRH:0
end_of_record
TN:
SF:src/components/messages/ErrorMessage.jsx
FN:23,(anonymous_0)
FNF:1
FNH:1
FNDA:7,(anonymous_0)
DA:23,21
DA:24,7
DA:27,21
LF:3
LH:3
BRF:0
BRH:0
end_of_record
TN:
SF:src/components/messages/InfoMessage.jsx
FN:23,(anonymous_0)
FNF:1
FNH:1
FNDA:15,(anonymous_0)
DA:23,21
DA:24,15
DA:27,21
LF:3
LH:3
BRF:0
BRH:0
end_of_record
TN:
SF:src/components/messages/Message.jsx
FN:25,(anonymous_0)
FNF:1
FNH:1
FNDA:24,(anonymous_0)
DA:23,23
DA:25,23
DA:26,24
DA:35,23
LF:4
LH:4
BRDA:26,0,0,21
BRDA:26,0,1,3
BRF:2
BRH:2
end_of_record
TN:
SF:src/components/navigation/BWMonRoutes.jsx
FN:24,(anonymous_0)
FN:28,(anonymous_1)
FNF:2
FNH:2
FNDA:5,(anonymous_0)
FNDA:18,(anonymous_1)
DA:24,17
DA:25,5
DA:29,18
DA:36,17
LF:4
LH:4
BRF:0
BRH:0
end_of_record
TN:
SF:src/components/navigation/Navigation.jsx
FN:27,(anonymous_0)
FN:30,(anonymous_1)
FN:34,(anonymous_2)
FNF:3
FNH:3
FNDA:9,(anonymous_0)
FNDA:2,(anonymous_1)
FNDA:26,(anonymous_2)
DA:25,17
DA:27,17
DA:28,9
DA:30,9
DA:32,9
DA:35,26
DA:50,17
LF:7
LH:7
BRF:0
BRH:0
end_of_record
TN:
SF:src/components/navigation/PageNotFound.jsx
FN:22,(anonymous_0)
FNF:1
FNH:1
FNDA:1,(anonymous_0)
DA:22,18
DA:23,1
LF:2
LH:2
BRF:0
BRH:0
end_of_record
TN:
SF:src/components/navigation/UseNavigation.js
FN:22,(anonymous_0)
FN:26,(anonymous_1)
FN:27,(anonymous_2)
FNF:3
FNH:3
FNDA:30,(anonymous_0)
FNDA:22,(anonymous_1)
FNDA:44,(anonymous_2)
DA:22,18
DA:23,30
DA:24,30
DA:26,30
DA:27,44
DA:28,22
DA:31,30
LF:7
LH:7
BRDA:28,0,0,8
BRDA:28,0,1,14
BRF:2
BRH:2
end_of_record
TN:
SF:src/components/table/Body.jsx
FN:23,(anonymous_0)
FN:25,(anonymous_1)
FN:32,(anonymous_2)
FNF:3
FNH:3
FNDA:52,(anonymous_0)
FNDA:647,(anonymous_1)
FNDA:5844,(anonymous_2)
DA:23,18
DA:24,52
DA:26,647
DA:33,5844
DA:44,18
LF:5
LH:5
BRDA:30,0,0,320
BRDA:30,0,1,327
BRDA:35,1,0,4178
BRDA:35,1,1,1666
BRF:4
BRH:4
end_of_record
TN:
SF:src/components/table/CellInfo.js
FN:20,(anonymous_0)
FNF:1
FNH:1
FNDA:161,(anonymous_0)
DA:21,161
DA:22,161
DA:23,161
DA:24,161
DA:25,161
DA:26,161
LF:6
LH:6
BRF:0
BRH:0
end_of_record
TN:
SF:src/components/table/Footer.jsx
FN:23,(anonymous_0)
FN:24,(anonymous_1)
FN:36,(anonymous_2)
FNF:3
FNH:3
FNDA:34,(anonymous_0)
FNDA:319,(anonymous_1)
FNDA:319,(anonymous_2)
DA:23,18
DA:24,34
DA:25,319
DA:33,34
DA:37,319
DA:48,18
LF:6
LH:6
BRDA:25,0,0,34
BRDA:25,0,1,285
BRDA:27,1,0,159
BRDA:27,1,1,126
BRDA:28,2,0,124
BRDA:28,2,1,35
BRF:6
BRH:6
end_of_record
TN:
SF:src/components/table/Header.jsx
FN:26,(anonymous_0)
FN:27,(anonymous_1)
FN:28,(anonymous_2)
FN:29,(anonymous_3)
FN:31,(anonymous_4)
FN:61,(anonymous_5)
FN:72,(anonymous_6)
FN:73,(anonymous_7)
FN:73,(anonymous_8)
FN:80,(anonymous_9)
FNF:10
FNH:10
FNDA:201,(anonymous_0)
FNDA:146,(anonymous_1)
FNDA:147,(anonymous_2)
FNDA:145,(anonymous_3)
FNDA:143,(anonymous_4)
FNDA:261,(anonymous_5)
FNDA:49,(anonymous_6)
FNDA:140,(anonymous_7)
FNDA:9,(anonymous_8)
FNDA:400,(anonymous_9)
DA:23,18
DA:24,18
DA:26,201
DA:27,146
DA:28,147
DA:29,145
DA:31,18
DA:32,143
DA:48,18
DA:61,261
DA:63,18
DA:72,18
DA:73,140
DA:74,9
DA:77,49
DA:81,400
DA:99,18
LF:17
LH:17
BRDA:26,0,0,194
BRDA:26,0,1,7
BRDA:27,1,0,52
BRDA:27,1,1,94
BRDA:28,2,0,147
BRDA:28,2,1,5
BRDA:81,3,0,140
BRDA:81,3,1,260
BRF:8
BRH:8
end_of_record
TN:
SF:src/components/table/Pagination.jsx
FN:24,(anonymous_0)
FN:26,(anonymous_1)
FN:27,(anonymous_2)
FN:29,(anonymous_3)
FN:30,(anonymous_4)
FN:37,(anonymous_5)
FN:39,(anonymous_6)
FN:54,(anonymous_7)
FN:55,(anonymous_8)
FN:62,(anonymous_9)
FN:64,(anonymous_10)
FN:81,(anonymous_11)
FN:97,(anonymous_12)
FN:108,(anonymous_13)
FNF:14
FNH:14
FNDA:110,(anonymous_0)
FNDA:106,(anonymous_1)
FNDA:106,(anonymous_2)
FNDA:52,(anonymous_3)
FNDA:1,(anonymous_4)
FNDA:52,(anonymous_5)
FNDA:3,(anonymous_6)
FNDA:52,(anonymous_7)
FNDA:1,(anonymous_8)
FNDA:52,(anonymous_9)
FNDA:4,(anonymous_10)
FNDA:47,(anonymous_11)
FNDA:49,(anonymous_12)
FNDA:47,(anonymous_13)
DA:24,110
DA:26,106
DA:27,106
DA:29,18
DA:30,52
DA:35,18
DA:37,18
DA:38,52
DA:39,3
DA:47,18
DA:54,18
DA:55,52
DA:60,18
DA:62,18
DA:63,52
DA:64,4
DA:72,18
DA:79,18
DA:81,18
DA:82,47
DA:90,18
DA:97,18
DA:98,49
DA:99,49
DA:100,46
DA:101,25
DA:103,46
DA:105,49
DA:108,18
DA:109,47
DA:110,47
DA:117,47
DA:128,18
LF:33
LH:33
BRDA:99,0,0,46
BRDA:99,0,1,3
BRF:2
BRH:2
end_of_record
TN:
SF:src/components/table/UsageTable.jsx
FN:8,(anonymous_0)
FNF:1
FNH:1
FNDA:38,(anonymous_0)
DA:8,17
DA:9,38
LF:2
LH:2
BRDA:17,0,0,38
BRDA:17,0,1,24
BRF:2
BRH:2
end_of_record
TN:
SF:src/features/bymonth/UsageByMonth.jsx
FN:36,(anonymous_0)
FN:40,(anonymous_1)
FN:42,(anonymous_2)
FN:48,(anonymous_3)
FN:52,(anonymous_4)
FNF:5
FNH:5
FNDA:10,(anonymous_0)
FNDA:1,(anonymous_1)
FNDA:2,(anonymous_2)
FNDA:10,(anonymous_3)
FNDA:10,(anonymous_4)
DA:26,6
DA:36,6
DA:37,10
DA:38,10
DA:40,10
DA:42,10
DA:43,2
DA:44,2
DA:47,10
DA:48,10
DA:52,10
DA:53,10
DA:80,10
LF:13
LH:13
BRDA:48,0,0,8
BRDA:48,0,1,2
BRDA:53,1,0,8
BRDA:53,1,1,2
BRDA:83,2,0,10
BRDA:83,2,1,1
BRF:6
BRH:6
end_of_record
TN:
SF:src/features/bymonth/UsageByMonthGraph.jsx
FN:27,(anonymous_0)
FN:30,(anonymous_1)
FNF:2
FNH:2
FNDA:5,(anonymous_0)
FNDA:1,(anonymous_1)
DA:25,6
DA:27,6
DA:28,5
DA:30,5
DA:32,5
LF:5
LH:5
BRF:0
BRH:0
end_of_record
TN:
SF:src/features/bymonth/UseUsageByMonth.js
FN:27,(anonymous_0)
FN:33,(anonymous_1)
FN:34,fetch
FNF:3
FNH:3
FNDA:43,(anonymous_0)
FNDA:22,(anonymous_1)
FNDA:13,fetch
DA:27,7
DA:28,43
DA:29,43
DA:30,43
DA:31,43
DA:33,43
DA:35,13
DA:36,13
DA:37,13
DA:38,13
DA:39,12
DA:41,1
DA:43,13
DA:46,22
DA:47,13
DA:51,43
LF:16
LH:16
BRDA:46,0,0,13
BRDA:46,0,1,9
BRDA:51,1,0,43
BRDA:51,1,1,43
BRF:4
BRH:4
end_of_record
TN:
SF:src/features/bymonth/UseUsageByMonthGraph.js
FN:23,(anonymous_0)
FN:28,(anonymous_1)
FN:38,(anonymous_2)
FN:45,(anonymous_3)
FNF:4
FNH:4
FNDA:22,(anonymous_0)
FNDA:9,(anonymous_1)
FNDA:47,(anonymous_2)
FNDA:47,(anonymous_3)
DA:23,5
DA:24,22
DA:25,22
DA:26,22
DA:28,22
DA:29,9
DA:30,5
DA:38,47
DA:42,5
DA:45,47
DA:51,22
LF:11
LH:11
BRDA:29,0,0,5
BRDA:29,0,1,4
BRF:2
BRH:2
end_of_record
TN:
SF:src/features/byuser/UsageByUser.jsx
FN:42,(anonymous_0)
FN:47,(anonymous_1)
FN:49,(anonymous_2)
FN:54,(anonymous_3)
FN:56,(anonymous_4)
FN:58,(anonymous_5)
FN:60,(anonymous_6)
FN:65,(anonymous_7)
FN:70,(anonymous_8)
FN:75,(anonymous_9)
FN:96,(anonymous_10)
FNF:11
FNH:11
FNDA:35,(anonymous_0)
FNDA:2,(anonymous_1)
FNDA:1,(anonymous_2)
FNDA:1,(anonymous_3)
FNDA:1,(anonymous_4)
FNDA:1,(anonymous_5)
FNDA:4,(anonymous_6)
FNDA:29,(anonymous_7)
FNDA:27,(anonymous_8)
FNDA:27,(anonymous_9)
FNDA:35,(anonymous_10)
DA:26,7
DA:40,7
DA:42,7
DA:43,35
DA:44,35
DA:45,35
DA:47,35
DA:49,35
DA:50,1
DA:51,1
DA:54,35
DA:56,35
DA:58,35
DA:60,35
DA:61,4
DA:62,4
DA:65,35
DA:66,29
DA:69,35
DA:70,27
DA:74,35
DA:75,27
DA:79,35
DA:89,35
DA:94,35
DA:95,35
DA:96,35
DA:97,35
DA:109,35
LF:29
LH:29
BRDA:70,0,0,23
BRDA:70,0,1,4
BRDA:82,1,0,23
BRDA:82,1,1,12
BRDA:82,2,0,35
BRDA:82,2,1,23
BRDA:95,3,0,23
BRDA:95,3,1,12
BRDA:95,4,0,35
BRDA:95,4,1,23
BRDA:97,5,0,23
BRDA:97,5,1,12
BRDA:112,6,0,35
BRDA:112,6,1,1
BRF:14
BRH:14
end_of_record
TN:
SF:src/features/byuser/UsageByUserGraph.jsx
FN:27,(anonymous_0)
FN:30,(anonymous_1)
FN:32,(anonymous_2)
FN:34,(anonymous_3)
FNF:4
FNH:4
FNDA:8,(anonymous_0)
FNDA:1,(anonymous_1)
FNDA:1,(anonymous_2)
FNDA:1,(anonymous_3)
DA:25,7
DA:27,7
DA:28,8
DA:30,8
DA:32,8
DA:34,8
DA:36,8
LF:7
LH:7
BRF:0
BRH:0
end_of_record
TN:
SF:src/features/byuser/UseUsageByUser.js
FN:27,(anonymous_0)
FN:35,(anonymous_1)
FN:36,fetch
FNF:3
FNH:3
FNDA:142,(anonymous_0)
FNDA:81,(anonymous_1)
FNDA:33,fetch
DA:27,7
DA:28,142
DA:29,142
DA:30,142
DA:31,142
DA:32,142
DA:33,142
DA:35,142
DA:37,33
DA:38,33
DA:39,33
DA:40,33
DA:41,32
DA:43,1
DA:45,33
DA:48,81
DA:49,33
DA:53,142
LF:18
LH:18
BRDA:48,0,0,33
BRDA:48,0,1,48
BRDA:48,1,0,81
BRDA:48,1,1,50
BRDA:53,2,0,142
BRDA:53,2,1,142
BRF:6
BRH:6
end_of_record
TN:
SF:src/features/byuser/UseUsageByUserGraph.js
FN:23,(anonymous_0)
FN:28,(anonymous_1)
FN:38,(anonymous_2)
FN:45,(anonymous_3)
FNF:4
FNH:4
FNDA:68,(anonymous_0)
FNDA:25,(anonymous_1)
FNDA:209,(anonymous_2)
FNDA:209,(anonymous_3)
DA:23,6
DA:24,68
DA:25,68
DA:26,68
DA:28,68
DA:29,25
DA:30,15
DA:38,209
DA:42,15
DA:45,209
DA:51,68
LF:11
LH:11
BRDA:29,0,0,15
BRDA:29,0,1,10
BRF:2
BRH:2
end_of_record
TN:
SF:src/features/byyear/UsageByYear.jsx
FN:37,(anonymous_0)
FN:42,(anonymous_1)
FN:44,(anonymous_2)
FN:49,(anonymous_3)
FN:54,(anonymous_4)
FN:57,(anonymous_5)
FN:78,(anonymous_6)
FNF:7
FNH:7
FNDA:15,(anonymous_0)
FNDA:2,(anonymous_1)
FNDA:1,(anonymous_2)
FNDA:2,(anonymous_3)
FNDA:15,(anonymous_4)
FNDA:15,(anonymous_5)
FNDA:15,(anonymous_6)
DA:26,7
DA:35,7
DA:37,7
DA:38,15
DA:39,15
DA:40,15
DA:42,15
DA:44,15
DA:45,1
DA:46,1
DA:49,15
DA:50,2
DA:51,2
DA:54,15
DA:56,15
DA:57,15
DA:61,15
DA:72,15
DA:77,15
DA:78,15
DA:79,15
DA:90,15
LF:22
LH:22
BRDA:54,0,0,13
BRDA:54,0,1,2
BRDA:65,1,0,13
BRDA:65,1,1,2
BRDA:79,2,0,13
BRDA:79,2,1,2
BRDA:93,3,0,15
BRDA:93,3,1,1
BRF:8
BRH:8
end_of_record
TN:
SF:src/features/byyear/UsageByYearGraph.jsx
FN:24,(anonymous_0)
FNF:1
FNH:1
FNDA:3,(anonymous_0)
DA:24,7
DA:25,3
DA:27,3
LF:3
LH:3
BRF:0
BRH:0
end_of_record
TN:
SF:src/features/byyear/UseUsageByYear.js
FN:26,(anonymous_0)
FN:31,(anonymous_1)
FN:32,fetch
FNF:3
FNH:3
FNDA:11,(anonymous_0)
FNDA:5,(anonymous_1)
FNDA:5,fetch
DA:26,7
DA:27,11
DA:28,11
DA:29,11
DA:31,11
DA:33,5
DA:34,5
DA:35,5
DA:36,5
DA:37,4
DA:39,1
DA:41,5
DA:44,5
DA:47,11
LF:14
LH:14
BRF:0
BRH:0
end_of_record
TN:
SF:src/features/byyear/UseUsageByYearGraph.js
FN:23,(anonymous_0)
FN:28,(anonymous_1)
FN:38,(anonymous_2)
FN:45,(anonymous_3)
FNF:4
FNH:4
FNDA:3,(anonymous_0)
FNDA:2,(anonymous_1)
FNDA:3,(anonymous_2)
FNDA:3,(anonymous_3)
DA:23,6
DA:24,3
DA:25,3
DA:26,3
DA:28,3
DA:29,2
DA:30,1
DA:38,3
DA:42,1
DA:45,3
DA:51,3
LF:11
LH:11
BRDA:29,0,0,1
BRDA:29,0,1,1
BRF:2
BRH:2
end_of_record
TN:
SF:src/hooks/UsePagination.js
FN:31,(anonymous_0)
FNF:1
FNH:1
FNDA:17,(anonymous_0)
DA:31,20
DA:32,17
DA:33,17
DA:35,17
LF:4
LH:4
BRF:0
BRH:0
end_of_record
TN:
SF:src/hooks/UseSort.js
FN:27,(anonymous_0)
FN:29,(anonymous_1)
FN:31,(anonymous_2)
FNF:3
FNH:3
FNDA:17,(anonymous_0)
FNDA:5,(anonymous_1)
FNDA:22,(anonymous_2)
DA:27,19
DA:29,19
DA:31,19
DA:32,22
DA:33,22
DA:35,22
LF:6
LH:6
BRF:0
BRH:0
end_of_record
TN:
SF:src/hooks/UseYear.js
FN:26,(anonymous_0)
FN:31,(anonymous_1)
FN:32,fetch
FNF:3
FNH:3
FNDA:220,(anonymous_0)
FNDA:43,(anonymous_1)
FNDA:43,fetch
DA:26,21
DA:27,220
DA:28,220
DA:29,220
DA:31,220
DA:33,43
DA:34,43
DA:35,43
DA:36,42
DA:37,42
DA:39,1
DA:42,43
DA:45,220
LF:13
LH:13
BRF:0
BRH:0
end_of_record
TN:
SF:src/hooks/UseYearMonth.js
FN:27,(anonymous_0)
FN:33,(anonymous_1)
FN:34,fetch
FNF:3
FNH:3
FNDA:166,(anonymous_0)
FNDA:64,(anonymous_1)
FNDA:34,fetch
DA:27,20
DA:28,166
DA:29,166
DA:30,166
DA:31,166
DA:33,166
DA:35,34
DA:36,34
DA:37,34
DA:38,33
DA:39,33
DA:41,1
DA:44,64
DA:45,34
DA:49,166
LF:15
LH:15
BRDA:44,0,0,34
BRDA:44,0,1,30
BRDA:49,1,0,166
BRDA:49,1,1,166
BRF:4
BRH:4
end_of_record
TN:
SF:src/menu/Menu.jsx
FN:26,(anonymous_0)
FNF:1
FNH:1
FNDA:12,(anonymous_0)
DA:27,12
DA:28,12
DA:29,12
DA:30,12
DA:31,12
DA:35,2
LF:6
LH:6
BRF:0
BRH:0
end_of_record
TN:
SF:src/services/API.js
FN:27,(anonymous_0)
FN:31,(anonymous_1)
FN:33,(anonymous_2)
FN:38,(anonymous_3)
FN:43,(anonymous_4)
FN:48,(anonymous_5)
FN:58,(anonymous_6)
FN:63,(anonymous_7)
FN:72,(anonymous_8)
FN:74,(anonymous_9)
FN:77,(anonymous_10)
FN:79,(anonymous_11)
FN:79,(anonymous_12)
FN:82,(anonymous_13)
FN:85,(anonymous_14)
FN:89,(anonymous_15)
FN:92,(anonymous_16)
FN:94,(anonymous_17)
FN:104,(anonymous_18)
FN:115,(anonymous_19)
FN:117,(anonymous_20)
FN:119,(anonymous_21)
FN:122,(anonymous_22)
FN:125,(anonymous_23)
FN:129,(anonymous_24)
FN:134,(anonymous_25)
FN:141,(anonymous_26)
FN:144,(anonymous_27)
FNF:28
FNH:28
FNDA:23,(anonymous_0)
FNDA:20,(anonymous_1)
FNDA:5820,(anonymous_2)
FNDA:12100,(anonymous_3)
FNDA:13010,(anonymous_4)
FNDA:296,(anonymous_5)
FNDA:200,(anonymous_6)
FNDA:3555,(anonymous_7)
FNDA:46,(anonymous_8)
FNDA:11546,(anonymous_9)
FNDA:50,(anonymous_10)
FNDA:12550,(anonymous_11)
FNDA:4163,(anonymous_12)
FNDA:25,(anonymous_13)
FNDA:6275,(anonymous_14)
FNDA:175,(anonymous_15)
FNDA:43925,(anonymous_16)
FNDA:72,(anonymous_17)
FNDA:1652,(anonymous_18)
FNDA:43,(anonymous_19)
FNDA:34,(anonymous_20)
FNDA:322,(anonymous_21)
FNDA:39,(anonymous_22)
FNDA:16,(anonymous_23)
FNDA:136,(anonymous_24)
FNDA:136,(anonymous_25)
FNDA:3,(anonymous_26)
FNDA:9,(anonymous_27)
DA:24,23
DA:28,23
DA:31,23
DA:33,23
DA:34,5820
DA:35,5820
DA:38,23
DA:39,12100
DA:40,12100
DA:43,23
DA:44,13010
DA:45,13010
DA:48,23
DA:49,296
DA:50,296
DA:51,10
DA:52,10
DA:53,10
DA:55,296
DA:58,23
DA:59,200
DA:60,200
DA:61,200
DA:63,200
DA:64,3555
DA:65,3555
DA:66,3555
DA:68,200
DA:69,200
DA:72,23
DA:73,46
DA:74,11546
DA:77,23
DA:78,50
DA:79,12550
DA:82,23
DA:83,25
DA:84,25
DA:85,6275
DA:86,25
DA:89,23
DA:90,175
DA:91,175
DA:92,43925
DA:93,175
DA:94,5
DA:95,72
DA:96,72
DA:103,175
DA:104,1652
DA:108,175
DA:112,23
DA:115,43
DA:117,23
DA:118,34
DA:119,322
DA:122,23
DA:123,39
DA:125,23
DA:126,16
DA:127,16
DA:128,16
DA:130,136
DA:131,136
DA:134,136
DA:138,16
DA:141,23
DA:142,3
DA:143,3
DA:145,9
DA:146,9
DA:152,23
LF:72
LH:72
BRDA:35,0,0,20
BRDA:35,0,1,5800
BRDA:40,1,0,5820
BRDA:40,1,1,6280
BRDA:45,2,0,12100
BRDA:45,2,1,910
BRDA:50,3,0,10
BRDA:50,3,1,286
BRDA:50,4,0,296
BRDA:50,4,1,286
BRDA:92,5,0,43925
BRDA:92,5,1,14260
BRDA:93,6,0,5
BRDA:93,6,1,170
BRDA:97,7,0,72
BRDA:97,7,1,66
BRDA:97,7,2,63
BRF:17
BRH:17
end_of_record
TN:
SF:src/services/Data.js
FN:22,(anonymous_0)
FNF:1
FNH:1
FNDA:2514,(anonymous_0)
DA:23,2514
DA:24,2514
DA:25,2514
DA:26,2514
DA:27,2514
DA:28,2514
DA:29,2514
DA:30,2514
DA:31,2514
DA:32,2514
DA:33,2514
DA:34,2514
DA:35,2514
LF:13
LH:13
BRF:0
BRH:0
end_of_record
TN:
SF:src/services/Usage.js
FN:21,(anonymous_0)
FN:25,(anonymous_1)
FN:42,(anonymous_2)
FN:45,(anonymous_3)
FNF:4
FNH:4
FNDA:1,(anonymous_0)
FNDA:7,(anonymous_1)
FNDA:7,(anonymous_2)
FNDA:2,(anonymous_3)
DA:21,14
DA:22,1
DA:26,7
DA:27,7
DA:28,4
DA:30,3
DA:42,7
DA:45,14
DA:46,2
DA:47,2
DA:48,2
DA:49,1
DA:51,1
DA:52,1
DA:56,14
LF:15
LH:15
BRDA:27,0,0,4
BRDA:27,0,1,3
BRDA:48,1,0,1
BRDA:48,1,1,1
BRF:4
BRH:4
end_of_record
TN:
SF:src/utils/ConversionUtils.js
FN:21,(anonymous_0)
FN:22,(anonymous_1)
FN:23,(anonymous_2)
FN:24,(anonymous_3)
FN:25,(anonymous_4)
FN:26,(anonymous_5)
FN:26,(anonymous_6)
FNF:7
FNH:7
FNDA:809,(anonymous_0)
FNDA:65,(anonymous_1)
FNDA:2904,(anonymous_2)
FNDA:421,(anonymous_3)
FNDA:686,(anonymous_4)
FNDA:2566,(anonymous_5)
FNDA:10264,(anonymous_6)
DA:21,809
DA:22,65
DA:23,2904
DA:24,421
DA:25,686
DA:26,10264
LF:6
LH:6
BRF:0
BRH:0
end_of_record
TN:
SF:src/utils/SortUtils.js
FN:19,(anonymous_0)
FN:21,(anonymous_1)
FN:22,(anonymous_2)
FN:25,(anonymous_3)
FN:31,(anonymous_4)
FN:37,(anonymous_5)
FN:37,(anonymous_6)
FN:40,(anonymous_7)
FNF:8
FNH:8
FNDA:16,(anonymous_0)
FNDA:69,(anonymous_1)
FNDA:1971,(anonymous_2)
FNDA:949,(anonymous_3)
FNDA:43,(anonymous_4)
FNDA:949,(anonymous_5)
FNDA:43,(anonymous_6)
FNDA:50,(anonymous_7)
DA:19,26
DA:21,26
DA:22,69
DA:23,1971
DA:25,69
DA:26,949
DA:27,936
DA:28,928
DA:29,7
DA:31,69
DA:32,43
DA:33,41
DA:34,6
DA:35,3
DA:37,949
DA:40,50
LF:16
LH:16
BRDA:19,0,0,7
BRDA:19,0,1,9
BRDA:23,1,0,1971
BRDA:23,1,1,1969
BRDA:23,1,2,1966
BRDA:26,2,0,13
BRDA:26,2,1,936
BRDA:26,3,0,949
BRDA:26,3,1,938
BRDA:27,4,0,8
BRDA:27,4,1,928
BRDA:28,5,0,921
BRDA:28,5,1,7
BRDA:32,6,0,2
BRDA:32,6,1,41
BRDA:32,7,0,43
BRDA:32,7,1,41
BRDA:33,8,0,35
BRDA:33,8,1,6
BRDA:34,9,0,3
BRDA:34,9,1,3
BRDA:37,10,0,63
BRDA:37,10,1,6
BRF:23
BRH:23
end_of_record
