TN:
SF:src/App.jsx
FN:40,(anonymous_0)
FNF:1
FNH:1
FNDA:2,(anonymous_0)
DA:34,1
DA:36,1
DA:37,1
DA:38,1
DA:40,1
DA:41,2
DA:56,1
LF:7
LH:7
BRDA:36,0,0,1
BRDA:36,0,1,1
BRDA:40,1,0,1
BRDA:40,2,0,1
BRDA:40,3,0,1
BRF:5
BRH:5
end_of_record
TN:
SF:src/theme.js
FNF:0
FNH:0
DA:21,1
LF:1
LH:1
BRF:0
BRH:0
end_of_record
TN:
SF:src/components/graph/Graph.jsx
FN:23,(anonymous_0)
FN:25,(anonymous_1)
FNF:2
FNH:2
FNDA:1,(anonymous_0)
FNDA:1,(anonymous_1)
DA:23,3
DA:25,3
DA:26,1
DA:33,3
LF:4
LH:4
BRF:0
BRH:0
end_of_record
TN:
SF:src/components/inputs/DropDown.jsx
FN:23,(anonymous_0)
FN:26,(anonymous_1)
FNF:2
FNH:2
FNDA:94,(anonymous_0)
FNDA:275,(anonymous_1)
DA:23,7
DA:24,94
DA:27,275
DA:35,7
LF:4
LH:4
BRDA:24,0,0,81
BRDA:24,0,1,13
BRDA:24,1,0,94
BRDA:24,1,1,82
BRF:4
BRH:4
end_of_record
TN:
SF:src/components/inputs/Search.jsx
FN:23,(anonymous_0)
FNF:1
FNH:1
FNDA:10,(anonymous_0)
DA:23,5
DA:24,10
LF:2
LH:2
BRF:0
BRH:0
end_of_record
TN:
SF:src/components/loading/Loading.jsx
FN:26,(anonymous_0)
FNF:1
FNH:1
FNDA:72,(anonymous_0)
DA:24,9
DA:26,9
DA:27,72
DA:35,9
LF:4
LH:4
BRDA:27,0,0,13
BRDA:27,0,1,59
BRF:2
BRH:2
end_of_record
TN:
SF:src/components/main/ErrorDisplay.jsx
FN:23,(anonymous_0)
FNF:1
FNH:1
FNDA:1,(anonymous_0)
DA:23,2
DA:24,1
DA:32,2
LF:3
LH:3
BRF:0
BRH:0
end_of_record
TN:
SF:src/components/main/Footer.jsx
FN:25,(anonymous_0)
FNF:1
FNH:1
FNDA:3,(anonymous_0)
DA:23,2
DA:25,2
DA:26,3
DA:38,2
LF:4
LH:4
BRF:0
BRH:0
end_of_record
TN:
SF:src/components/main/Header.jsx
FN:25,(anonymous_0)
FNF:1
FNH:1
FNDA:3,(anonymous_0)
DA:23,2
DA:25,2
DA:26,3
DA:40,2
LF:4
LH:4
BRF:0
BRH:0
end_of_record
TN:
SF:src/components/messages/ErrorMessage.jsx
FN:23,(anonymous_0)
FNF:1
FNH:1
FNDA:4,(anonymous_0)
DA:23,5
DA:24,4
DA:27,5
LF:3
LH:3
BRF:0
BRH:0
end_of_record
TN:
SF:src/components/messages/InfoMessage.jsx
FN:23,(anonymous_0)
FNF:1
FNH:1
FNDA:15,(anonymous_0)
DA:23,10
DA:24,15
DA:27,10
LF:3
LH:3
BRF:0
BRH:0
end_of_record
TN:
SF:src/components/messages/Message.jsx
FN:25,(anonymous_0)
FNF:1
FNH:1
FNDA:21,(anonymous_0)
DA:23,15
DA:25,15
DA:26,21
DA:35,15
LF:4
LH:4
BRDA:26,0,0,18
BRDA:26,0,1,3
BRF:2
BRH:2
end_of_record
TN:
SF:src/components/navigation/BWMonRoutes.jsx
FN:24,(anonymous_0)
FN:28,(anonymous_1)
FNF:2
FNH:2
FNDA:5,(anonymous_0)
FNDA:18,(anonymous_1)
DA:24,2
DA:25,5
DA:29,18
DA:36,2
LF:4
LH:4
BRF:0
BRH:0
end_of_record
TN:
SF:src/components/navigation/Navigation.jsx
FN:27,(anonymous_0)
FN:30,(anonymous_1)
FN:34,(anonymous_2)
FNF:3
FNH:3
FNDA:9,(anonymous_0)
FNDA:2,(anonymous_1)
FNDA:26,(anonymous_2)
DA:25,2
DA:27,2
DA:28,9
DA:30,9
DA:32,9
DA:35,26
DA:50,2
LF:7
LH:7
BRF:0
BRH:0
end_of_record
TN:
SF:src/components/navigation/PageNotFound.jsx
FN:22,(anonymous_0)
FNF:1
FNH:1
FNDA:1,(anonymous_0)
DA:22,3
DA:23,1
LF:2
LH:2
BRF:0
BRH:0
end_of_record
TN:
SF:src/components/navigation/UseNavigation.js
FN:22,(anonymous_0)
FN:26,(anonymous_1)
FN:27,(anonymous_2)
FNF:3
FNH:3
FNDA:30,(anonymous_0)
FNDA:22,(anonymous_1)
FNDA:44,(anonymous_2)
DA:22,3
DA:23,30
DA:24,30
DA:26,30
DA:27,44
DA:28,22
DA:31,30
LF:7
LH:7
BRDA:28,0,0,8
BRDA:28,0,1,14
BRF:2
BRH:2
end_of_record
TN:
SF:src/components/table/Body.jsx
FN:23,(anonymous_0)
FN:25,(anonymous_1)
FN:32,(anonymous_2)
FNF:3
FNH:3
FNDA:53,(anonymous_0)
FNDA:667,(anonymous_1)
FNDA:6064,(anonymous_2)
DA:23,7
DA:24,53
DA:26,667
DA:33,6064
DA:44,7
LF:5
LH:5
BRDA:30,0,0,330
BRDA:30,0,1,337
BRDA:35,1,0,4338
BRDA:35,1,1,1726
BRF:4
BRH:4
end_of_record
TN:
SF:src/components/table/CellInfo.js
FN:20,(anonymous_0)
FNF:1
FNH:1
FNDA:72,(anonymous_0)
DA:21,72
DA:22,72
DA:23,72
DA:24,72
DA:25,72
DA:26,72
LF:6
LH:6
BRF:0
BRH:0
end_of_record
TN:
SF:src/components/table/Footer.jsx
FN:23,(anonymous_0)
FN:24,(anonymous_1)
FN:36,(anonymous_2)
FNF:3
FNH:3
FNDA:35,(anonymous_0)
FNDA:330,(anonymous_1)
FNDA:330,(anonymous_2)
DA:23,7
DA:24,35
DA:25,330
DA:33,35
DA:37,330
DA:48,7
LF:6
LH:6
BRDA:25,0,0,35
BRDA:25,0,1,295
BRDA:27,1,0,164
BRDA:27,1,1,131
BRDA:28,2,0,128
BRDA:28,2,1,36
BRF:6
BRH:6
end_of_record
TN:
SF:src/components/table/Header.jsx
FN:26,(anonymous_0)
FN:27,(anonymous_1)
FN:28,(anonymous_2)
FN:29,(anonymous_3)
FN:31,(anonymous_4)
FN:61,(anonymous_5)
FN:72,(anonymous_6)
FN:73,(anonymous_7)
FN:73,(anonymous_8)
FN:80,(anonymous_9)
FNF:10
FNH:10
FNDA:206,(anonymous_0)
FNDA:150,(anonymous_1)
FNDA:151,(anonymous_2)
FNDA:149,(anonymous_3)
FNDA:147,(anonymous_4)
FNDA:268,(anonymous_5)
FNDA:50,(anonymous_6)
FNDA:144,(anonymous_7)
FNDA:9,(anonymous_8)
FNDA:411,(anonymous_9)
DA:23,7
DA:24,7
DA:26,206
DA:27,150
DA:28,151
DA:29,149
DA:31,7
DA:32,147
DA:48,7
DA:61,268
DA:63,7
DA:72,7
DA:73,144
DA:74,9
DA:77,50
DA:81,411
DA:99,7
LF:17
LH:17
BRDA:26,0,0,199
BRDA:26,0,1,7
BRDA:27,1,0,53
BRDA:27,1,1,97
BRDA:28,2,0,151
BRDA:28,2,1,5
BRDA:81,3,0,144
BRDA:81,3,1,267
BRF:8
BRH:8
end_of_record
TN:
SF:src/components/table/Pagination.jsx
FN:24,(anonymous_0)
FN:26,(anonymous_1)
FN:27,(anonymous_2)
FN:29,(anonymous_3)
FN:30,(anonymous_4)
FN:37,(anonymous_5)
FN:39,(anonymous_6)
FN:54,(anonymous_7)
FN:55,(anonymous_8)
FN:62,(anonymous_9)
FN:64,(anonymous_10)
FN:81,(anonymous_11)
FN:97,(anonymous_12)
FN:108,(anonymous_13)
FNF:14
FNH:14
FNDA:112,(anonymous_0)
FNDA:108,(anonymous_1)
FNDA:108,(anonymous_2)
FNDA:53,(anonymous_3)
FNDA:1,(anonymous_4)
FNDA:53,(anonymous_5)
FNDA:3,(anonymous_6)
FNDA:53,(anonymous_7)
FNDA:1,(anonymous_8)
FNDA:53,(anonymous_9)
FNDA:4,(anonymous_10)
FNDA:48,(anonymous_11)
FNDA:50,(anonymous_12)
FNDA:48,(anonymous_13)
DA:24,112
DA:26,108
DA:27,108
DA:29,6
DA:30,53
DA:35,6
DA:37,6
DA:38,53
DA:39,3
DA:47,6
DA:54,6
DA:55,53
DA:60,6
DA:62,6
DA:63,53
DA:64,4
DA:72,6
DA:79,6
DA:81,6
DA:82,48
DA:90,6
DA:97,6
DA:98,50
DA:99,50
DA:100,47
DA:101,25
DA:103,47
DA:105,50
DA:108,6
DA:109,48
DA:110,48
DA:117,48
DA:128,6
LF:33
LH:33
BRDA:99,0,0,47
BRDA:99,0,1,3
BRF:2
BRH:2
end_of_record
TN:
SF:src/components/table/UsageTable.jsx
FN:8,(anonymous_0)
FNF:1
FNH:1
FNDA:39,(anonymous_0)
DA:8,5
DA:9,39
LF:2
LH:2
BRDA:17,0,0,39
BRDA:17,0,1,25
BRF:2
BRH:2
end_of_record
TN:
SF:src/hooks/bymonth/UseUsageByMonth.js
FN:27,(anonymous_0)
FN:32,(anonymous_1)
FN:33,fetch
FNF:3
FNH:3
FNDA:34,(anonymous_0)
FNDA:20,(anonymous_1)
FNDA:12,fetch
DA:27,6
DA:28,34
DA:29,34
DA:30,34
DA:32,34
DA:34,12
DA:35,12
DA:36,12
DA:38,20
DA:39,12
DA:43,34
LF:11
LH:11
BRDA:38,0,0,12
BRDA:38,0,1,8
BRF:2
BRH:2
end_of_record
TN:
SF:src/hooks/bymonth/UseUsageByMonthGraph.js
FN:23,(anonymous_0)
FN:28,(anonymous_1)
FN:38,(anonymous_2)
FN:45,(anonymous_3)
FNF:4
FNH:4
FNDA:19,(anonymous_0)
FNDA:9,(anonymous_1)
FNDA:47,(anonymous_2)
FNDA:47,(anonymous_3)
DA:23,4
DA:24,19
DA:25,19
DA:26,19
DA:28,19
DA:29,9
DA:30,5
DA:38,47
DA:42,5
DA:45,47
DA:51,19
LF:11
LH:11
BRDA:29,0,0,5
BRDA:29,0,1,4
BRF:2
BRH:2
end_of_record
TN:
SF:src/hooks/byuser/UseUsageByUser.js
FN:27,(anonymous_0)
FN:33,(anonymous_1)
FN:34,fetch
FNF:3
FNH:3
FNDA:122,(anonymous_0)
FNDA:78,(anonymous_1)
FNDA:32,fetch
DA:27,6
DA:28,122
DA:29,122
DA:30,122
DA:31,122
DA:33,122
DA:35,32
DA:36,32
DA:37,32
DA:39,78
DA:40,32
DA:44,122
LF:12
LH:12
BRDA:39,0,0,32
BRDA:39,0,1,46
BRDA:39,1,0,78
BRDA:39,1,1,48
BRF:4
BRH:4
end_of_record
TN:
SF:src/hooks/byuser/UseUsageByUserGraph.js
FN:23,(anonymous_0)
FN:28,(anonymous_1)
FN:38,(anonymous_2)
FN:45,(anonymous_3)
FNF:4
FNH:4
FNDA:60,(anonymous_0)
FNDA:25,(anonymous_1)
FNDA:209,(anonymous_2)
FNDA:209,(anonymous_3)
DA:23,4
DA:24,60
DA:25,60
DA:26,60
DA:28,60
DA:29,25
DA:30,15
DA:38,209
DA:42,15
DA:45,209
DA:51,60
LF:11
LH:11
BRDA:29,0,0,15
BRDA:29,0,1,10
BRF:2
BRH:2
end_of_record
TN:
SF:src/hooks/byyear/UseUsageByYear.js
FN:26,(anonymous_0)
FN:30,(anonymous_1)
FN:31,fetch
FNF:3
FNH:3
FNDA:10,(anonymous_0)
FNDA:5,(anonymous_1)
FNDA:5,fetch
DA:26,6
DA:27,10
DA:28,10
DA:30,10
DA:32,5
DA:33,5
DA:34,5
DA:36,5
DA:39,10
LF:9
LH:9
BRF:0
BRH:0
end_of_record
TN:
SF:src/hooks/byyear/UseUsageByYearGraph.js
FN:23,(anonymous_0)
FN:28,(anonymous_1)
FN:38,(anonymous_2)
FN:45,(anonymous_3)
FNF:4
FNH:4
FNDA:3,(anonymous_0)
FNDA:2,(anonymous_1)
FNDA:3,(anonymous_2)
FNDA:3,(anonymous_3)
DA:23,4
DA:24,3
DA:25,3
DA:26,3
DA:28,3
DA:29,2
DA:30,1
DA:38,3
DA:42,1
DA:45,3
DA:51,3
LF:11
LH:11
BRDA:29,0,0,1
BRDA:29,0,1,1
BRF:2
BRH:2
end_of_record
TN:
SF:src/hooks/common/UseInterval.js
FN:30,(anonymous_0)
FN:33,(anonymous_1)
FN:37,(anonymous_2)
FN:38,tick
FN:42,(anonymous_4)
FNF:5
FNH:5
FNDA:6,(anonymous_0)
FNDA:5,(anonymous_1)
FNDA:5,(anonymous_2)
FNDA:9,tick
FNDA:5,(anonymous_4)
DA:26,1
DA:27,1
DA:28,1
DA:30,1
DA:31,6
DA:33,6
DA:34,5
DA:37,6
DA:39,9
DA:41,5
DA:42,5
LF:11
LH:11
BRF:0
BRH:0
end_of_record
TN:
SF:src/hooks/common/UsePagination.js
FN:31,(anonymous_0)
FNF:1
FNH:1
FNDA:17,(anonymous_0)
DA:31,5
DA:32,17
DA:33,17
DA:35,17
LF:4
LH:4
BRF:0
BRH:0
end_of_record
TN:
SF:src/hooks/common/UseSort.js
FN:27,(anonymous_0)
FN:29,(anonymous_1)
FN:31,(anonymous_2)
FNF:3
FNH:3
FNDA:17,(anonymous_0)
FNDA:5,(anonymous_1)
FNDA:22,(anonymous_2)
DA:27,17
DA:29,6
DA:31,6
DA:32,22
DA:33,22
DA:35,22
LF:6
LH:6
BRF:0
BRH:0
end_of_record
TN:
SF:src/hooks/common/UseYear.js
FN:26,(anonymous_0)
FN:30,(anonymous_1)
FN:31,fetch
FNF:3
FNH:3
FNDA:183,(anonymous_0)
FNDA:39,(anonymous_1)
FNDA:39,fetch
DA:26,12
DA:27,183
DA:28,183
DA:30,183
DA:32,39
DA:33,39
DA:34,39
DA:36,39
DA:39,183
LF:9
LH:9
BRF:0
BRH:0
end_of_record
TN:
SF:src/hooks/common/UseYearMonth.js
FN:27,(anonymous_0)
FN:32,(anonymous_1)
FN:33,fetch
FNF:3
FNH:3
FNDA:140,(anonymous_0)
FNDA:60,(anonymous_1)
FNDA:32,fetch
DA:27,7
DA:28,140
DA:29,140
DA:30,140
DA:32,140
DA:34,32
DA:35,32
DA:36,32
DA:38,60
DA:39,32
DA:43,140
LF:11
LH:11
BRDA:38,0,0,32
BRDA:38,0,1,28
BRF:2
BRH:2
end_of_record
TN:
SF:src/menu/Menu.jsx
FN:29,(anonymous_0)
FNF:1
FNH:1
FNDA:12,(anonymous_0)
DA:30,12
DA:31,12
DA:32,12
DA:33,12
DA:34,12
DA:38,2
LF:6
LH:6
BRF:0
BRH:0
end_of_record
TN:
SF:src/pages/bymonth/UsageByMonth.jsx
FN:42,(anonymous_0)
FN:46,(anonymous_1)
FN:48,(anonymous_2)
FN:53,(anonymous_3)
FN:55,(anonymous_4)
FNF:5
FNH:5
FNDA:9,(anonymous_0)
FNDA:1,(anonymous_1)
FNDA:2,(anonymous_2)
FNDA:8,(anonymous_3)
FNDA:9,(anonymous_4)
DA:32,3
DA:42,3
DA:43,9
DA:44,9
DA:46,9
DA:48,9
DA:49,2
DA:50,2
DA:53,9
DA:55,9
DA:56,9
DA:83,9
LF:12
LH:12
BRDA:56,0,0,8
BRDA:56,0,1,1
BRF:2
BRH:2
end_of_record
TN:
SF:src/pages/bymonth/UsageByMonthGraph.jsx
FN:29,(anonymous_0)
FN:32,(anonymous_1)
FNF:2
FNH:2
FNDA:5,(anonymous_0)
FNDA:1,(anonymous_1)
DA:27,3
DA:29,3
DA:30,5
DA:32,5
DA:34,5
LF:5
LH:5
BRF:0
BRH:0
end_of_record
TN:
SF:src/pages/byuser/UsageByUser.jsx
FN:48,(anonymous_0)
FN:53,(anonymous_1)
FN:55,(anonymous_2)
FN:60,(anonymous_3)
FN:62,(anonymous_4)
FN:64,(anonymous_5)
FN:66,(anonymous_6)
FN:71,(anonymous_7)
FN:75,(anonymous_8)
FN:78,(anonymous_9)
FN:98,(anonymous_10)
FNF:11
FNH:11
FNDA:35,(anonymous_0)
FNDA:2,(anonymous_1)
FNDA:1,(anonymous_2)
FNDA:1,(anonymous_3)
FNDA:1,(anonymous_4)
FNDA:1,(anonymous_5)
FNDA:4,(anonymous_6)
FNDA:29,(anonymous_7)
FNDA:24,(anonymous_8)
FNDA:59,(anonymous_9)
FNDA:35,(anonymous_10)
DA:32,3
DA:46,3
DA:48,3
DA:49,35
DA:50,35
DA:51,35
DA:53,35
DA:55,35
DA:56,1
DA:57,1
DA:60,35
DA:62,35
DA:64,35
DA:66,35
DA:67,4
DA:68,4
DA:71,35
DA:72,29
DA:75,35
DA:76,24
DA:78,59
DA:80,35
DA:91,35
DA:96,35
DA:97,35
DA:98,35
DA:99,35
DA:112,35
LF:28
LH:28
BRDA:84,0,0,24
BRDA:84,0,1,11
BRDA:84,1,0,35
BRDA:84,1,1,24
BRDA:96,2,0,24
BRDA:96,2,1,11
BRDA:96,3,0,35
BRDA:96,3,1,24
BRDA:97,4,0,24
BRDA:97,4,1,11
BRDA:97,5,0,35
BRDA:97,5,1,24
BRDA:99,6,0,24
BRDA:99,6,1,11
BRF:14
BRH:14
end_of_record
TN:
SF:src/pages/byuser/UsageByUserGraph.jsx
FN:30,(anonymous_0)
FN:33,(anonymous_1)
FN:35,(anonymous_2)
FN:37,(anonymous_3)
FNF:4
FNH:4
FNDA:8,(anonymous_0)
FNDA:1,(anonymous_1)
FNDA:1,(anonymous_2)
FNDA:1,(anonymous_3)
DA:28,3
DA:30,3
DA:31,8
DA:33,8
DA:35,8
DA:37,8
DA:39,8
LF:7
LH:7
BRF:0
BRH:0
end_of_record
TN:
SF:src/pages/byyear/UsageByYear.jsx
FN:41,(anonymous_0)
FN:46,(anonymous_1)
FN:48,(anonymous_2)
FN:53,(anonymous_3)
FN:58,(anonymous_4)
FN:77,(anonymous_5)
FNF:6
FNH:6
FNDA:14,(anonymous_0)
FNDA:2,(anonymous_1)
FNDA:1,(anonymous_2)
FNDA:2,(anonymous_3)
FNDA:13,(anonymous_4)
FNDA:14,(anonymous_5)
DA:30,3
DA:39,3
DA:41,3
DA:42,14
DA:43,14
DA:44,14
DA:46,14
DA:48,14
DA:49,1
DA:50,1
DA:53,14
DA:54,2
DA:55,2
DA:58,14
DA:60,14
DA:71,14
DA:76,14
DA:77,14
DA:78,14
DA:90,14
LF:20
LH:20
BRDA:64,0,0,13
BRDA:64,0,1,1
BRDA:76,1,0,13
BRDA:76,1,1,1
BRDA:78,2,0,13
BRDA:78,2,1,1
BRF:6
BRH:6
end_of_record
TN:
SF:src/pages/byyear/UsageByYearGraph.jsx
FN:25,(anonymous_0)
FNF:1
FNH:1
FNDA:3,(anonymous_0)
DA:25,3
DA:26,3
DA:28,3
LF:3
LH:3
BRF:0
BRH:0
end_of_record
TN:
SF:src/services/API.js
FN:27,(anonymous_0)
FN:31,(anonymous_1)
FN:33,(anonymous_2)
FN:38,(anonymous_3)
FN:43,(anonymous_4)
FN:48,(anonymous_5)
FN:58,(anonymous_6)
FN:63,(anonymous_7)
FN:72,(anonymous_8)
FN:74,(anonymous_9)
FN:77,(anonymous_10)
FN:79,(anonymous_11)
FN:79,(anonymous_12)
FN:82,(anonymous_13)
FN:85,(anonymous_14)
FN:89,(anonymous_15)
FN:92,(anonymous_16)
FN:94,(anonymous_17)
FN:104,(anonymous_18)
FN:112,(anonymous_19)
FN:114,(anonymous_20)
FN:116,(anonymous_21)
FN:119,(anonymous_22)
FN:122,(anonymous_23)
FN:126,(anonymous_24)
FN:131,(anonymous_25)
FN:135,(anonymous_26)
FN:138,(anonymous_27)
FNF:28
FNH:28
FNDA:17,(anonymous_0)
FNDA:20,(anonymous_1)
FNDA:5820,(anonymous_2)
FNDA:12100,(anonymous_3)
FNDA:13010,(anonymous_4)
FNDA:276,(anonymous_5)
FNDA:185,(anonymous_6)
FNDA:3610,(anonymous_7)
FNDA:44,(anonymous_8)
FNDA:11044,(anonymous_9)
FNDA:47,(anonymous_10)
FNDA:11797,(anonymous_11)
FNDA:3956,(anonymous_12)
FNDA:26,(anonymous_13)
FNDA:6526,(anonymous_14)
FNDA:159,(anonymous_15)
FNDA:39909,(anonymous_16)
FNDA:72,(anonymous_17)
FNDA:1548,(anonymous_18)
FNDA:40,(anonymous_19)
FNDA:33,(anonymous_20)
FNDA:311,(anonymous_21)
FNDA:37,(anonymous_22)
FNDA:14,(anonymous_23)
FNDA:122,(anonymous_24)
FNDA:122,(anonymous_25)
FNDA:4,(anonymous_26)
FNDA:12,(anonymous_27)
DA:24,17
DA:28,17
DA:31,20
DA:33,17
DA:34,5820
DA:35,5820
DA:38,17
DA:39,12100
DA:40,12100
DA:43,17
DA:44,13010
DA:45,13010
DA:48,17
DA:49,276
DA:50,276
DA:51,10
DA:52,10
DA:53,10
DA:55,276
DA:58,17
DA:59,185
DA:60,185
DA:61,185
DA:63,185
DA:64,3610
DA:65,3610
DA:66,3610
DA:68,185
DA:69,185
DA:72,17
DA:73,44
DA:74,11044
DA:77,17
DA:78,47
DA:79,11797
DA:82,17
DA:83,26
DA:84,26
DA:85,6526
DA:86,26
DA:89,17
DA:90,159
DA:91,159
DA:92,39909
DA:93,159
DA:94,5
DA:95,72
DA:96,72
DA:103,159
DA:104,1548
DA:105,159
DA:109,17
DA:112,40
DA:114,17
DA:115,33
DA:116,311
DA:119,17
DA:120,37
DA:122,17
DA:123,14
DA:124,14
DA:125,14
DA:127,122
DA:128,122
DA:131,122
DA:132,14
DA:135,17
DA:136,4
DA:137,4
DA:139,12
DA:140,12
DA:146,17
LF:72
LH:72
BRDA:35,0,0,20
BRDA:35,0,1,5800
BRDA:40,1,0,5820
BRDA:40,1,1,6280
BRDA:45,2,0,12100
BRDA:45,2,1,910
BRDA:50,3,0,10
BRDA:50,3,1,266
BRDA:50,4,0,276
BRDA:50,4,1,266
BRDA:92,5,0,39909
BRDA:92,5,1,13524
BRDA:93,6,0,5
BRDA:93,6,1,154
BRDA:97,7,0,72
BRDA:97,7,1,66
BRDA:97,7,2,63
BRF:17
BRH:17
end_of_record
TN:
SF:src/services/Data.js
FN:22,(anonymous_0)
FNF:1
FNH:1
FNDA:2514,(anonymous_0)
DA:23,2514
DA:24,2514
DA:25,2514
DA:26,2514
DA:27,2514
DA:28,2514
DA:29,2514
DA:30,2514
DA:31,2514
DA:32,2514
DA:33,2514
DA:34,2514
DA:35,2514
LF:13
LH:13
BRF:0
BRH:0
end_of_record
TN:
SF:src/services/Usage.js
FN:21,(anonymous_0)
FN:25,(anonymous_1)
FN:42,(anonymous_2)
FN:45,(anonymous_3)
FNF:4
FNH:4
FNDA:1,(anonymous_0)
FNDA:7,(anonymous_1)
FNDA:7,(anonymous_2)
FNDA:2,(anonymous_3)
DA:21,8
DA:22,1
DA:26,7
DA:27,7
DA:28,4
DA:30,3
DA:42,7
DA:45,8
DA:46,2
DA:47,2
DA:48,2
DA:49,1
DA:51,1
DA:52,1
DA:56,8
LF:15
LH:15
BRDA:27,0,0,4
BRDA:27,0,1,3
BRDA:48,1,0,1
BRDA:48,1,1,1
BRF:4
BRH:4
end_of_record
TN:
SF:src/utils/ConversionUtils.js
FN:21,(anonymous_0)
FN:22,(anonymous_1)
FN:23,(anonymous_2)
FN:24,(anonymous_3)
FN:25,(anonymous_4)
FN:26,(anonymous_5)
FN:26,(anonymous_6)
FNF:7
FNH:7
FNDA:849,(anonymous_0)
FNDA:65,(anonymous_1)
FNDA:2988,(anonymous_2)
FNDA:441,(anonymous_3)
FNDA:706,(anonymous_4)
FNDA:2566,(anonymous_5)
FNDA:10264,(anonymous_6)
DA:21,849
DA:22,65
DA:23,2988
DA:24,441
DA:25,706
DA:26,10264
LF:6
LH:6
BRF:0
BRH:0
end_of_record
TN:
SF:src/utils/SortUtils.js
FN:19,(anonymous_0)
FN:21,(anonymous_1)
FN:22,(anonymous_2)
FN:25,(anonymous_3)
FN:31,(anonymous_4)
FN:37,(anonymous_5)
FN:37,(anonymous_6)
FN:40,(anonymous_7)
FNF:8
FNH:8
FNDA:16,(anonymous_0)
FNDA:70,(anonymous_1)
FNDA:2023,(anonymous_2)
FNDA:975,(anonymous_3)
FNDA:43,(anonymous_4)
FNDA:975,(anonymous_5)
FNDA:43,(anonymous_6)
FNDA:51,(anonymous_7)
DA:19,16
DA:21,6
DA:22,70
DA:23,2023
DA:25,70
DA:26,975
DA:27,962
DA:28,954
DA:29,7
DA:31,70
DA:32,43
DA:33,41
DA:34,6
DA:35,3
DA:37,975
DA:40,51
LF:16
LH:16
BRDA:19,0,0,7
BRDA:19,0,1,9
BRDA:23,1,0,2023
BRDA:23,1,1,2021
BRDA:23,1,2,2018
BRDA:26,2,0,13
BRDA:26,2,1,962
BRDA:26,3,0,975
BRDA:26,3,1,964
BRDA:27,4,0,8
BRDA:27,4,1,954
BRDA:28,5,0,947
BRDA:28,5,1,7
BRDA:32,6,0,2
BRDA:32,6,1,41
BRDA:32,7,0,43
BRDA:32,7,1,41
BRDA:33,8,0,35
BRDA:33,8,1,6
BRDA:34,9,0,3
BRDA:34,9,1,3
BRDA:37,10,0,64
BRDA:37,10,1,6
BRF:23
BRH:23
end_of_record
