<testsuites id="" name="" tests="26" failures="0" skipped="0" errors="0" time="69.048781">
<testsuite name="App.e2e.test.ts" timestamp="2026-09-23T21:29:23.237Z" hostname="chromium" tests="1" failures="0" skipped="0" time="2.681" errors="0">
<testcase name="App e2e › header element" classname="App.e2e.test.ts" time="2.681">
</testcase>
</testsuite>
<testsuite name="Navigation.e2e.test.ts" timestamp="2026-09-23T21:29:23.237Z" hostname="chromium" tests="6" failures="0" skipped="0" time="15.776" errors="0">
<testcase name="Navigation e2e › Usage by Year" classname="Navigation.e2e.test.ts" time="2.452">
</testcase>
<testcase name="Navigation e2e › Usage by Year Graph" classname="Navigation.e2e.test.ts" time="2.44">
</testcase>
<testcase name="Navigation e2e › Usage by Month" classname="Navigation.e2e.test.ts" time="2.621">
</testcase>
<testcase name="Navigation e2e › Usage by Month Graph" classname="Navigation.e2e.test.ts" time="3.022">
</testcase>
<testcase name="Navigation e2e › Usage by User" classname="Navigation.e2e.test.ts" time="2.427">
</testcase>
<testcase name="Navigation e2e › Usage by User Graph" classname="Navigation.e2e.test.ts" time="2.814">
</testcase>
</testsuite>
<testsuite name="UsageByMonth.e2e.test.ts" timestamp="2026-09-23T21:29:23.237Z" hostname="chromium" tests="5" failures="0" skipped="0" time="12.709" errors="0">
<testcase name="UsageByMonth e2e › should have footer" classname="UsageByMonth.e2e.test.ts" time="2.351">
</testcase>
<testcase name="UsageByMonth e2e › should have table" classname="UsageByMonth.e2e.test.ts" time="2.406">
</testcase>
<testcase name="UsageByMonth e2e › should sort by month descending" classname="UsageByMonth.e2e.test.ts" time="2.373">
</testcase>
<testcase name="UsageByMonth e2e › should sort by month ascending" classname="UsageByMonth.e2e.test.ts" time="2.473">
</testcase>
<testcase name="UsageByMonth e2e › should show different information when changing year" classname="UsageByMonth.e2e.test.ts" time="3.106">
</testcase>
</testsuite>
<testsuite name="UsageByUser.e2e.test.ts" timestamp="2026-09-23T21:29:23.237Z" hostname="chromium" tests="11" failures="0" skipped="0" time="28.612" errors="0">
<testcase name="UsageByUser e2e › should have footer" classname="UsageByUser.e2e.test.ts" time="2.474">
</testcase>
<testcase name="UsageByUser e2e › should have table" classname="UsageByUser.e2e.test.ts" time="2.428">
</testcase>
<testcase name="UsageByUser e2e › should sort by IP ascending" classname="UsageByUser.e2e.test.ts" time="2.47">
</testcase>
<testcase name="UsageByUser e2e › should sort by IP descending" classname="UsageByUser.e2e.test.ts" time="2.591">
</testcase>
<testcase name="UsageByUser e2e › should sort by MAC" classname="UsageByUser.e2e.test.ts" time="2.558">
</testcase>
<testcase name="UsageByUser e2e › should sort by user" classname="UsageByUser.e2e.test.ts" time="2.56">
</testcase>
<testcase name="UsageByUser e2e › should sort by total" classname="UsageByUser.e2e.test.ts" time="2.558">
</testcase>
<testcase name="UsageByUser e2e › should show different information when changing year" classname="UsageByUser.e2e.test.ts" time="2.903">
</testcase>
<testcase name="UsageByUser e2e › should show different information when changing month" classname="UsageByUser.e2e.test.ts" time="2.895">
</testcase>
<testcase name="UsageByUser e2e › should show different information when rows per page" classname="UsageByUser.e2e.test.ts" time="2.557">
</testcase>
<testcase name="UsageByUser e2e › should show different information when changing IP/MAC/User" classname="UsageByUser.e2e.test.ts" time="2.618">
</testcase>
</testsuite>
<testsuite name="UsageByYear.e2e.test.ts" timestamp="2026-09-23T21:29:23.237Z" hostname="chromium" tests="3" failures="0" skipped="0" time="6.884" errors="0">
<testcase name="UsageByYear e2e › should have table" classname="UsageByYear.e2e.test.ts" time="2.267">
</testcase>
<testcase name="UsageByYear e2e › should sort by year descending" classname="UsageByYear.e2e.test.ts" time="2.29">
</testcase>
<testcase name="UsageByYear e2e › should sort by year ascending" classname="UsageByYear.e2e.test.ts" time="2.327">
</testcase>
</testsuite>
</testsuites>